#
# A fatal error has been detected by the Java Runtime Environment:
#
#  SIGSEGV (0xb) at pc=0x00007fc16d0696ba, pid=26028, tid=140468466079488
#
# JRE version: Java(TM) SE Runtime Environment (8.0_66-b17) (build 1.8.0_66-b17)
# Java VM: Java HotSpot(TM) 64-Bit Server VM (25.66-b17 mixed mode linux-amd64 compressed oops)
# Problematic frame:
# v  ~BufferBlob::jni_fast_GetLongField
#
# Failed to write core dump. Core dumps have been disabled. To enable core dumping, try "ulimit -c unlimited" before starting Java again
#
# If you would like to submit a bug report, please visit:
#   http://bugreport.java.com/bugreport/crash.jsp
# The crash happened outside the Java Virtual Machine in native code.
# See problematic frame for where to report the bug.
#

---------------  T H R E A D  ---------------

Current thread (0x00007fc17c30f800):  JavaThread "AWT-XAWT" daemon [_thread_in_native, id=26048, stack(0x00007fc15cf5d000,0x00007fc15d05e000)]

siginfo: si_signo: 11 (SIGSEGV), si_code: 1 (SEGV_MAPERR), si_addr: 0x0000000000000000

Registers:
RAX=0x00007fc182189fe0, RBX=0x00007fc17c30f9f8, RCX=0x0000003867419320, RDX=0x0000000000000042
RSP=0x00007fc15d05c6f8, RBP=0x00007fc15d05c720, RSI=0x0000000000000000, RDI=0x00007fc17c30f9f8
R8 =0x000000008502c330, R9 =0x0000000000000000, R10=0x000000000000007a, R11=0x00007fc16d948f98
R12=0x00007fc11c00ccf0, R13=0x0000000000000000, R14=0x00007fc15d6317e0, R15=0x00007fc17c30f800
RIP=0x00007fc16d0696ba, EFLAGS=0x0000000000010246, CSGSFS=0x0000000000000033, ERR=0x0000000000000004
  TRAPNO=0x000000000000000e

Top of Stack: (sp=0x00007fc15d05c6f8)
0x00007fc15d05c6f8:   00007fc15d40fef1 00007fc15fca01e8
0x00007fc15d05c708:   00007fc11c00ccf0 00007fc15d05c7d0
0x00007fc15d05c718:   00007fc15d05c7a0 0000000000000000
0x00007fc15d05c728:   000000386ae61ae8 00007fc15fca01e8
0x00007fc15d05c738:   00007fc15d05c760 0000000000000000
0x00007fc15d05c748:   000000386ae599a3 00007fc15d05c7d0
0x00007fc15d05c758:   00007fc15d40912f 00007fc15d05c7b0
0x00007fc15d05c768:   00007fc16d949036 0000000000000000
0x00007fc15d05c778:   00007fc16d346936 00007fc15d05c7d0
0x00007fc15d05c788:   00007fc16d11b9ac 00007fc15d05c830
0x00007fc15d05c798:   00007fc16d861734 0000000084e010c8
0x00007fc15d05c7a8:   0000000085050f70 00007fc15d05c830
0x00007fc15d05c7b8:   00007fc16d007420 00007fc15d05c830
0x00007fc15d05c7c8:   00007fc16d007420 0000000000000000
0x00007fc15d05c7d8:   00007fc16d007760 00007fc124000e30
0x00007fc15d05c7e8:   0000000084ee4d10 00007fc15d05c7f0
0x00007fc15d05c7f8:   00007fc15fd91e7c 00007fc15d05c878
0x00007fc15d05c808:   00007fc15fd9ade8 0000000000000000
0x00007fc15d05c818:   00007fc15fd91fb8 00007fc15d05c7d0
0x00007fc15d05c828:   00007fc15d05c870 00007fc15d05c8c0
0x00007fc15d05c838:   00007fc16d007c4d 0000000000000000
0x00007fc15d05c848:   0000000084e5a1e8 0000000000000000
0x00007fc15d05c858:   0000000000000000 0000000000000000
0x00007fc15d05c868:   0000000084ee4d10 0000000000000000
0x00007fc15d05c878:   0000000084ee4cb8 00007fc15d05c880
0x00007fc15d05c888:   00007fc15fd91cbd 00007fc15d05c8d0
0x00007fc15d05c898:   00007fc15fd9ade8 0000000000000000
0x00007fc15d05c8a8:   00007fc15fd91cc8 00007fc15d05c870
0x00007fc15d05c8b8:   00007fc15d05c8d0 00007fc15d05c918
0x00007fc15d05c8c8:   00007fc16d007c92 0000000084ee4cb8
0x00007fc15d05c8d8:   00007fc15d05c8d8 00007fc15f82d9cb
0x00007fc15d05c8e8:   00007fc15d05c928 00007fc15f8b4480 

Instructions: (pc=0x00007fc16d0696ba)
0x00007fc16d06969a:   00 00 00 00 00 00 44 8b 15 c1 ae 15 15 4c 8b ce
0x00007fc16d0696aa:   41 f6 c2 01 0f 85 2e 00 00 00 4d 33 ca 4d 33 ca
0x00007fc16d0696ba:   4d 8b 09 4c 8b da 49 c1 eb 02 4b 8b 04 19 49 bb
0x00007fc16d0696ca:   68 45 1c 82 c1 7f 00 00 4c 33 d8 4c 33 d8 45 3b 

Register to memory mapping:

RAX=0x00007fc182189fe0: <offset 0xf74fe0> in /usr/lib/jvm/java-8-oracle/jre/lib/amd64/server/libjvm.so at 0x00007fc181215000
RBX=0x00007fc17c30f9f8 is an unknown value
RCX=0x0000003867419320: <offset 0x219320> in /lib/x86_64-linux-gnu/libpthread.so.0 at 0x0000003867200000
RDX=0x0000000000000042 is an unknown value
RSP=0x00007fc15d05c6f8 is pointing into the stack for thread: 0x00007fc17c30f800
RBP=0x00007fc15d05c720 is pointing into the stack for thread: 0x00007fc17c30f800
RSI=0x0000000000000000 is an unknown value
RDI=0x00007fc17c30f9f8 is an unknown value
R8 =0x000000008502c330 is an oop
java.util.logging.Logger 
 - klass: 'java/util/logging/Logger'
R9 =0x0000000000000000 is an unknown value
R10=0x000000000000007a is an unknown value
R11=0x00007fc16d948f98 is at entry_point+24 in (nmethod*)0x00007fc16d948e10
R12=0x00007fc11c00ccf0 is an unknown value
R13=0x0000000000000000 is an unknown value
R14=0x00007fc15d6317e0: <offset 0x2587e0> in /usr/lib/jvm/java-8-oracle/jre/lib/amd64/libawt_xawt.so at 0x00007fc15d3d9000
R15=0x00007fc17c30f800 is a thread


Stack: [0x00007fc15cf5d000,0x00007fc15d05e000],  sp=0x00007fc15d05c6f8,  free space=1021k
Native frames: (J=compiled Java code, j=interpreted, Vv=VM code, C=native code)
v  ~BufferBlob::jni_fast_GetLongField
C  [libX11.so.6+0x61ae8]  _XimServerDestroy+0x58

Java frames: (J=compiled Java code, j=interpreted, Vv=VM code)
J 2821  sun.awt.X11.XlibWrapper.XFilterEvent(JJ)Z (0 bytes) @ 0x00007fc16d948fc4 [0x00007fc16d948f80+0x44]
j  sun.awt.X11.XToolkit.run(Z)V+300
j  sun.awt.X11.XToolkit.run()V+5
j  java.lang.Thread.run()V+11
v  ~StubRoutines::call_stub

---------------  P R O C E S S  ---------------

Java Threads: ( => current thread )
  0x00007fc108537000 JavaThread "pool-4-thread-1" [_thread_blocked, id=26080, stack(0x00007fc1198e5000,0x00007fc1199e6000)]
  0x00007fc17c548800 JavaThread "aluno" [_thread_blocked, id=26078, stack(0x00007fc11a3e6000,0x00007fc11a4e7000)]
  0x00007fc17c4d3000 JavaThread "Thread-25" [_thread_in_native, id=26077, stack(0x00007fc11a4e7000,0x00007fc11a5e8000)]
  0x00007fc17c4c0000 JavaThread "server-timer" daemon [_thread_blocked, id=26076, stack(0x00007fc11a5e8000,0x00007fc11a6e9000)]
  0x00007fc17c4ab000 JavaThread "TimerQueue" daemon [_thread_blocked, id=26075, stack(0x00007fc11a6e9000,0x00007fc11a7ea000)]
  0x00007fc17c4a7000 JavaThread "Thread-23" [_thread_in_native, id=26074, stack(0x00007fc11a7ea000,0x00007fc11a8eb000)]
  0x00007fc17c4a2000 JavaThread "server-timer" daemon [_thread_blocked, id=26073, stack(0x00007fc11a8eb000,0x00007fc11a9ec000)]
  0x00007fc17c489000 JavaThread "Thread-21" [_thread_blocked, id=26072, stack(0x00007fc11abec000,0x00007fc11aced000)]
  0x00007fc17c476000 JavaThread "Thread-20" [_thread_blocked, id=26071, stack(0x00007fc11aced000,0x00007fc11adee000)]
  0x00007fc17c474000 JavaThread "Thread-19" [_thread_blocked, id=26070, stack(0x00007fc11adee000,0x00007fc11aeef000)]
  0x00007fc17c472000 JavaThread "Thread-18" [_thread_blocked, id=26069, stack(0x00007fc11aeef000,0x00007fc11aff0000)]
  0x00007fc17c470800 JavaThread "Thread-17" [_thread_blocked, id=26068, stack(0x00007fc11aff0000,0x00007fc11b0f1000)]
  0x00007fc17c46e800 JavaThread "Thread-16" [_thread_blocked, id=26067, stack(0x00007fc11b0f1000,0x00007fc11b1f2000)]
  0x00007fc17c46c800 JavaThread "Thread-15" [_thread_blocked, id=26066, stack(0x00007fc11b1f2000,0x00007fc11b2f3000)]
  0x00007fc17c46a800 JavaThread "Thread-14" [_thread_blocked, id=26065, stack(0x00007fc11b2f3000,0x00007fc11b3f4000)]
  0x00007fc17c468800 JavaThread "Thread-13" [_thread_blocked, id=26064, stack(0x00007fc11b3f4000,0x00007fc11b4f5000)]
  0x00007fc17c466800 JavaThread "Thread-12" [_thread_blocked, id=26063, stack(0x00007fc11b4f5000,0x00007fc11b5f6000)]
  0x00007fc17c465000 JavaThread "Thread-11" [_thread_blocked, id=26062, stack(0x00007fc11b5f6000,0x00007fc11b6f7000)]
  0x00007fc17c463000 JavaThread "Thread-10" [_thread_blocked, id=26061, stack(0x00007fc11b6f7000,0x00007fc11b7f8000)]
  0x00007fc17c461800 JavaThread "Thread-9" [_thread_blocked, id=26060, stack(0x00007fc11b7f8000,0x00007fc11b8f9000)]
  0x00007fc17c45f800 JavaThread "Thread-8" [_thread_blocked, id=26059, stack(0x00007fc11b8f9000,0x00007fc11b9fa000)]
  0x00007fc17c45e000 JavaThread "Thread-7" [_thread_blocked, id=26058, stack(0x00007fc11b9fa000,0x00007fc11bafb000)]
  0x00007fc17c45c800 JavaThread "Thread-6" [_thread_blocked, id=26057, stack(0x00007fc11bafb000,0x00007fc11bbfc000)]
  0x00007fc17c45b000 JavaThread "Thread-5" [_thread_blocked, id=26056, stack(0x00007fc11bbfc000,0x00007fc11bcfd000)]
  0x00007fc17c452000 JavaThread "Thread-4" [_thread_blocked, id=26055, stack(0x00007fc11bcfd000,0x00007fc11bdfe000)]
  0x00007fc17c450000 JavaThread "Thread-3" [_thread_blocked, id=26054, stack(0x00007fc11bdfe000,0x00007fc11beff000)]
  0x00007fc17c44e800 JavaThread "Thread-2" [_thread_blocked, id=26053, stack(0x00007fc11beff000,0x00007fc11c000000)]
  0x00007fc17c44d000 JavaThread "Thread-1" [_thread_blocked, id=26052, stack(0x00007fc15c0b1000,0x00007fc15c1b2000)]
  0x00007fc17c35d000 JavaThread "AWT-EventQueue-0" [_thread_blocked, id=26050, stack(0x00007fc15cd5b000,0x00007fc15ce5c000)]
  0x00007fc17c35b800 JavaThread "AWT-Shutdown" [_thread_blocked, id=26049, stack(0x00007fc15ce5c000,0x00007fc15cf5d000)]
=>0x00007fc17c30f800 JavaThread "AWT-XAWT" daemon [_thread_in_native, id=26048, stack(0x00007fc15cf5d000,0x00007fc15d05e000)]
  0x00007fc17c2ef000 JavaThread "Java2D Disposer" daemon [_thread_blocked, id=26047, stack(0x00007fc15d05e000,0x00007fc15d15f000)]
  0x00007fc17c0c2000 JavaThread "Service Thread" daemon [_thread_blocked, id=26045, stack(0x00007fc15da05000,0x00007fc15db06000)]
  0x00007fc17c0bd000 JavaThread "C1 CompilerThread2" daemon [_thread_blocked, id=26044, stack(0x00007fc15db06000,0x00007fc15dc07000)]
  0x00007fc17c0bb000 JavaThread "C2 CompilerThread1" daemon [_thread_blocked, id=26043, stack(0x00007fc15dc07000,0x00007fc15dd08000)]
  0x00007fc17c0b8800 JavaThread "C2 CompilerThread0" daemon [_thread_blocked, id=26042, stack(0x00007fc15dd08000,0x00007fc15de09000)]
  0x00007fc17c0b7000 JavaThread "Signal Dispatcher" daemon [_thread_in_native, id=26041, stack(0x00007fc15de09000,0x00007fc15df0a000)]
  0x00007fc17c07f000 JavaThread "Finalizer" daemon [_thread_blocked, id=26040, stack(0x00007fc15e5ee000,0x00007fc15e6ef000)]
  0x00007fc17c07d000 JavaThread "Reference Handler" daemon [_thread_blocked, id=26039, stack(0x00007fc15e6ef000,0x00007fc15e7f0000)]
  0x00007fc17c00a000 JavaThread "main" [_thread_blocked, id=26029, stack(0x00007fc181114000,0x00007fc181215000)]

Other Threads:
  0x00007fc17c078000 VMThread [stack: 0x00007fc15e7f0000,0x00007fc15e8f1000] [id=26038]
  0x00007fc17c0c5000 WatcherThread [stack: 0x00007fc15d904000,0x00007fc15da05000] [id=26046]

VM state:not at safepoint (normal execution)

VM Mutex/Monitor currently owned by a thread: None

Heap:
 PSYoungGen      total 48128K, used 21073K [0x00000000d6f80000, 0x00000000da400000, 0x0000000100000000)
  eden space 43008K, 37% used [0x00000000d6f80000,0x00000000d7f188c0,0x00000000d9980000)
  from space 5120K, 99% used [0x00000000d9f00000,0x00000000da3fbc68,0x00000000da400000)
  to   space 5120K, 0% used [0x00000000d9a00000,0x00000000d9a00000,0x00000000d9f00000)
 ParOldGen       total 56832K, used 7391K [0x0000000084e00000, 0x0000000088580000, 0x00000000d6f80000)
  object space 56832K, 13% used [0x0000000084e00000,0x0000000085537da8,0x0000000088580000)
 Metaspace       used 31729K, capacity 32016K, committed 32256K, reserved 1077248K
  class space    used 4172K, capacity 4235K, committed 4352K, reserved 1048576K

Card table byte_map: [0x00007fc16cc26000,0x00007fc16d000000] byte_map_base: 0x00007fc16c7ff000

Marking Bits: (ParMarkBitMap*) 0x00007fc1821c4020
 Begin Bits: [0x00007fc164270000, 0x00007fc166138000)
 End Bits:   [0x00007fc166138000, 0x00007fc168000000)

Polling page: 0x00007fc18220c000

CodeCache: size=245760Kb used=11505Kb max_used=11516Kb free=234254Kb
 bounds [0x00007fc16d000000, 0x00007fc16db50000, 0x00007fc17c000000]
 total_blobs=4079 nmethods=3419 adapters=573
 compilation: enabled

Compilation events (10 events):
Event: 3203,731 Thread 0x00007fc17c0bb000 3428       4       sun.nio.ch.Util$2::iterator (10 bytes)
Event: 3203,748 Thread 0x00007fc17c0bb000 nmethod 3428 0x00007fc16db428d0 code [0x00007fc16db42a80, 0x00007fc16db43018]
Event: 3811,949 Thread 0x00007fc17c0bd000 3429       1       java.util.concurrent.ThreadPoolExecutor::getQueue (5 bytes)
Event: 3811,949 Thread 0x00007fc17c0bd000 nmethod 3429 0x00007fc16db42610 code [0x00007fc16db42760, 0x00007fc16db42870]
Event: 3811,949 Thread 0x00007fc17c0bd000 3430       3       java.util.concurrent.ThreadPoolExecutor::workerCountOf (5 bytes)
Event: 3811,949 Thread 0x00007fc17c0bd000 nmethod 3430 0x00007fc16db41cd0 code [0x00007fc16db41e20, 0x00007fc16db41f50]
Event: 3811,949 Thread 0x00007fc17c0bd000 3431       3       java.util.concurrent.TimeUnit$1::toNanos (2 bytes)
Event: 3811,949 Thread 0x00007fc17c0bd000 nmethod 3431 0x00007fc16db419d0 code [0x00007fc16db41b20, 0x00007fc16db41c70]
Event: 3818,552 Thread 0x00007fc17c0bb000 3432       4       sun.awt.X11.XWrapperBase::<init> (5 bytes)
Event: 3818,552 Thread 0x00007fc17c0bb000 nmethod 3432 0x00007fc16db3db90 code [0x00007fc16db3dce0, 0x00007fc16db3dd38]

GC Heap History (10 events):
Event: 0,738 GC heap before
{Heap before GC invocations=1 (full 0):
 PSYoungGen      total 36864K, used 31711K [0x00000000d6f80000, 0x00000000d9880000, 0x0000000100000000)
  eden space 31744K, 99% used [0x00000000d6f80000,0x00000000d8e77d88,0x00000000d8e80000)
  from space 5120K, 0% used [0x00000000d9380000,0x00000000d9380000,0x00000000d9880000)
  to   space 5120K, 0% used [0x00000000d8e80000,0x00000000d8e80000,0x00000000d9380000)
 ParOldGen       total 84992K, used 0K [0x0000000084e00000, 0x000000008a100000, 0x00000000d6f80000)
  object space 84992K, 0% used [0x0000000084e00000,0x0000000084e00000,0x000000008a100000)
 Metaspace       used 15332K, capacity 15536K, committed 15744K, reserved 1062912K
  class space    used 1805K, capacity 1893K, committed 1920K, reserved 1048576K
Event: 0,746 GC heap after
Heap after GC invocations=1 (full 0):
 PSYoungGen      total 36864K, used 4532K [0x00000000d6f80000, 0x00000000d9880000, 0x0000000100000000)
  eden space 31744K, 0% used [0x00000000d6f80000,0x00000000d6f80000,0x00000000d8e80000)
  from space 5120K, 88% used [0x00000000d8e80000,0x00000000d92ed2e8,0x00000000d9380000)
  to   space 5120K, 0% used [0x00000000d9380000,0x00000000d9380000,0x00000000d9880000)
 ParOldGen       total 84992K, used 16K [0x0000000084e00000, 0x000000008a100000, 0x00000000d6f80000)
  object space 84992K, 0% used [0x0000000084e00000,0x0000000084e04000,0x000000008a100000)
 Metaspace       used 15332K, capacity 15536K, committed 15744K, reserved 1062912K
  class space    used 1805K, capacity 1893K, committed 1920K, reserved 1048576K
}
Event: 1,023 GC heap before
{Heap before GC invocations=2 (full 0):
 PSYoungGen      total 36864K, used 29452K [0x00000000d6f80000, 0x00000000d9880000, 0x0000000100000000)
  eden space 31744K, 78% used [0x00000000d6f80000,0x00000000d87d5dd8,0x00000000d8e80000)
  from space 5120K, 88% used [0x00000000d8e80000,0x00000000d92ed2e8,0x00000000d9380000)
  to   space 5120K, 0% used [0x00000000d9380000,0x00000000d9380000,0x00000000d9880000)
 ParOldGen       total 84992K, used 16K [0x0000000084e00000, 0x000000008a100000, 0x00000000d6f80000)
  object space 84992K, 0% used [0x0000000084e00000,0x0000000084e04000,0x000000008a100000)
 Metaspace       used 20904K, capacity 21136K, committed 21296K, reserved 1069056K
  class space    used 2559K, capacity 2641K, committed 2688K, reserved 1048576K
Event: 1,029 GC heap after
Heap after GC invocations=2 (full 0):
 PSYoungGen      total 36864K, used 5112K [0x00000000d6f80000, 0x00000000db780000, 0x0000000100000000)
  eden space 31744K, 0% used [0x00000000d6f80000,0x00000000d6f80000,0x00000000d8e80000)
  from space 5120K, 99% used [0x00000000d9380000,0x00000000d987e320,0x00000000d9880000)
  to   space 5120K, 0% used [0x00000000d8e80000,0x00000000d8e80000,0x00000000d9380000)
 ParOldGen       total 84992K, used 193K [0x0000000084e00000, 0x000000008a100000, 0x00000000d6f80000)
  object space 84992K, 0% used [0x0000000084e00000,0x0000000084e306b0,0x000000008a100000)
 Metaspace       used 20904K, capacity 21136K, committed 21296K, reserved 1069056K
  class space    used 2559K, capacity 2641K, committed 2688K, reserved 1048576K
}
Event: 1,029 GC heap before
{Heap before GC invocations=3 (full 1):
 PSYoungGen      total 36864K, used 5112K [0x00000000d6f80000, 0x00000000db780000, 0x0000000100000000)
  eden space 31744K, 0% used [0x00000000d6f80000,0x00000000d6f80000,0x00000000d8e80000)
  from space 5120K, 99% used [0x00000000d9380000,0x00000000d987e320,0x00000000d9880000)
  to   space 5120K, 0% used [0x00000000d8e80000,0x00000000d8e80000,0x00000000d9380000)
 ParOldGen       total 84992K, used 193K [0x0000000084e00000, 0x000000008a100000, 0x00000000d6f80000)
  object space 84992K, 0% used [0x0000000084e00000,0x0000000084e306b0,0x000000008a100000)
 Metaspace       used 20904K, capacity 21136K, committed 21296K, reserved 1069056K
  class space    used 2559K, capacity 2641K, committed 2688K, reserved 1048576K
Event: 1,054 GC heap after
Heap after GC invocations=3 (full 1):
 PSYoungGen      total 36864K, used 0K [0x00000000d6f80000, 0x00000000db780000, 0x0000000100000000)
  eden space 31744K, 0% used [0x00000000d6f80000,0x00000000d6f80000,0x00000000d8e80000)
  from space 5120K, 0% used [0x00000000d9380000,0x00000000d9380000,0x00000000d9880000)
  to   space 5120K, 0% used [0x00000000d8e80000,0x00000000d8e80000,0x00000000d9380000)
 ParOldGen       total 56832K, used 5079K [0x0000000084e00000, 0x0000000088580000, 0x00000000d6f80000)
  object space 56832K, 8% used [0x0000000084e00000,0x00000000852f5c98,0x0000000088580000)
 Metaspace       used 20904K, capacity 21136K, committed 21296K, reserved 1069056K
  class space    used 2559K, capacity 2641K, committed 2688K, reserved 1048576K
}
Event: 1,615 GC heap before
{Heap before GC invocations=4 (full 1):
 PSYoungGen      total 36864K, used 31744K [0x00000000d6f80000, 0x00000000db780000, 0x0000000100000000)
  eden space 31744K, 100% used [0x00000000d6f80000,0x00000000d8e80000,0x00000000d8e80000)
  from space 5120K, 0% used [0x00000000d9380000,0x00000000d9380000,0x00000000d9880000)
  to   space 5120K, 0% used [0x00000000d8e80000,0x00000000d8e80000,0x00000000d9380000)
 ParOldGen       total 56832K, used 5079K [0x0000000084e00000, 0x0000000088580000, 0x00000000d6f80000)
  object space 56832K, 8% used [0x0000000084e00000,0x00000000852f5c98,0x0000000088580000)
 Metaspace       used 24397K, capacity 24722K, committed 25088K, reserved 1071104K
  class space    used 3138K, capacity 3238K, committed 3328K, reserved 1048576K
Event: 1,620 GC heap after
Heap after GC invocations=4 (full 1):
 PSYoungGen      total 36864K, used 3797K [0x00000000d6f80000, 0x00000000da400000, 0x0000000100000000)
  eden space 31744K, 0% used [0x00000000d6f80000,0x00000000d6f80000,0x00000000d8e80000)
  from space 5120K, 74% used [0x00000000d8e80000,0x00000000d92356f8,0x00000000d9380000)
  to   space 5120K, 0% used [0x00000000d9f00000,0x00000000d9f00000,0x00000000da400000)
 ParOldGen       total 56832K, used 5087K [0x0000000084e00000, 0x0000000088580000, 0x00000000d6f80000)
  object space 56832K, 8% used [0x0000000084e00000,0x00000000852f7c98,0x0000000088580000)
 Metaspace       used 24397K, capacity 24722K, committed 25088K, reserved 1071104K
  class space    used 3138K, capacity 3238K, committed 3328K, reserved 1048576K
}
Event: 2,294 GC heap before
{Heap before GC invocations=5 (full 1):
 PSYoungGen      total 36864K, used 35541K [0x00000000d6f80000, 0x00000000da400000, 0x0000000100000000)
  eden space 31744K, 100% used [0x00000000d6f80000,0x00000000d8e80000,0x00000000d8e80000)
  from space 5120K, 74% used [0x00000000d8e80000,0x00000000d92356f8,0x00000000d9380000)
  to   space 5120K, 0% used [0x00000000d9f00000,0x00000000d9f00000,0x00000000da400000)
 ParOldGen       total 56832K, used 5087K [0x0000000084e00000, 0x0000000088580000, 0x00000000d6f80000)
  object space 56832K, 8% used [0x0000000084e00000,0x00000000852f7c98,0x0000000088580000)
 Metaspace       used 29897K, capacity 30278K, committed 30592K, reserved 1075200K
  class space    used 4011K, capacity 4104K, committed 4224K, reserved 1048576K
Event: 2,302 GC heap after
Heap after GC invocations=5 (full 1):
 PSYoungGen      total 48128K, used 5103K [0x00000000d6f80000, 0x00000000da400000, 0x0000000100000000)
  eden space 43008K, 0% used [0x00000000d6f80000,0x00000000d6f80000,0x00000000d9980000)
  from space 5120K, 99% used [0x00000000d9f00000,0x00000000da3fbc68,0x00000000da400000)
  to   space 5120K, 0% used [0x00000000d9a00000,0x00000000d9a00000,0x00000000d9f00000)
 ParOldGen       total 56832K, used 7391K [0x0000000084e00000, 0x0000000088580000, 0x00000000d6f80000)
  object space 56832K, 13% used [0x0000000084e00000,0x0000000085537da8,0x0000000088580000)
 Metaspace       used 29897K, capacity 30278K, committed 30592K, reserved 1075200K
  class space    used 4011K, capacity 4104K, committed 4224K, reserved 1048576K
}

Deoptimization events (10 events):
Event: 13,924 Thread 0x00007fc17c35d000 Uncommon trap: reason=unstable_if action=reinterpret pc=0x00007fc16d520aa0 method=java.lang.CharacterDataLatin1.isWhitespace(I)Z @ 14
Event: 13,939 Thread 0x00007fc17c35d000 Uncommon trap: reason=unstable_if action=reinterpret pc=0x00007fc16d9ac894 method=javax.swing.text.Utilities.drawTabbedText(Ljavax/swing/text/View;Ljavax/swing/text/Segment;IILjava/awt/Graphics;Ljavax/swing/text/TabExpander;I[I)I @ 386
Event: 15,932 Thread 0x00007fc17c30f800 Uncommon trap: reason=unstable_if action=reinterpret pc=0x00007fc16d9b0a68 method=sun.awt.X11.XWindow.getModifiers(III)I @ 47
Event: 16,327 Thread 0x00007fc17c35d000 Uncommon trap: reason=class_check action=maybe_recompile pc=0x00007fc16d18b3b0 method=java.lang.String.equals(Ljava/lang/Object;)Z @ 8
Event: 16,327 Thread 0x00007fc17c35d000 Uncommon trap: reason=class_check action=maybe_recompile pc=0x00007fc16d18b3b0 method=java.lang.String.equals(Ljava/lang/Object;)Z @ 8
Event: 16,521 Thread 0x00007fc17c35d000 Uncommon trap: reason=class_check action=maybe_recompile pc=0x00007fc16d18b3b0 method=java.lang.String.equals(Ljava/lang/Object;)Z @ 8
Event: 16,521 Thread 0x00007fc17c35d000 Uncommon trap: reason=class_check action=maybe_recompile pc=0x00007fc16d18b3b0 method=java.lang.String.equals(Ljava/lang/Object;)Z @ 8
Event: 26,273 Thread 0x00007fc17c35d000 Uncommon trap: reason=unstable_if action=reinterpret pc=0x00007fc16da29bf8 method=java.awt.EventQueue.cacheEQItem(Lsun/awt/EventQueueItem;)V @ 23
Event: 26,273 Thread 0x00007fc17c35d000 Uncommon trap: reason=unstable_if action=reinterpret pc=0x00007fc16da712f0 method=java.awt.EventQueue.uncacheEQItem(Lsun/awt/EventQueueItem;)V @ 23
Event: 26,274 Thread 0x00007fc17c35d000 Uncommon trap: reason=unstable_if action=reinterpret pc=0x00007fc16d9b4ff8 method=java.util.TreeMap.getEntry(Ljava/lang/Object;)Ljava/util/TreeMap$Entry; @ 4

Internal exceptions (10 events):
Event: 0,951 Thread 0x00007fc17c450000 Exception <a 'java/lang/ArrayIndexOutOfBoundsException': 18> (0x00000000d84d6570) thrown at [/HUDSON/workspace/8-2-build-linux-amd64/jdk8u66/4988/hotspot/src/share/vm/interpreter/interpreterRuntime.cpp, line 366]
Event: 0,951 Thread 0x00007fc17c450000 Exception <a 'java/lang/ArrayIndexOutOfBoundsException': 67> (0x00000000d84d7848) thrown at [/HUDSON/workspace/8-2-build-linux-amd64/jdk8u66/4988/hotspot/src/share/vm/interpreter/interpreterRuntime.cpp, line 366]
Event: 0,952 Thread 0x00007fc17c450000 Exception <a 'java/lang/ArrayIndexOutOfBoundsException': 65> (0x00000000d84d8f58) thrown at [/HUDSON/workspace/8-2-build-linux-amd64/jdk8u66/4988/hotspot/src/share/vm/interpreter/interpreterRuntime.cpp, line 366]
Event: 1,271 Thread 0x00007fc17c450000 Exception <a 'java/lang/ClassNotFoundException': com/sun/org/glassfish/hk2/osgiresourcelocator/ServiceLoader> (0x00000000d78c9d38) thrown at [/HUDSON/workspace/8-2-build-linux-amd64/jdk8u66/4988/hotspot/src/share/vm/classfile/systemDictionary.cpp, line 21
Event: 2,009 Thread 0x00007fc17c450000 Exception <a 'java/lang/NullPointerException'> (0x00000000d80bc488) thrown at [/HUDSON/workspace/8-2-build-linux-amd64/jdk8u66/4988/hotspot/src/share/vm/runtime/reflection.cpp, line 922]
Event: 2,132 Thread 0x00007fc17c450000 Exception <a 'java/lang/AbstractMethodError': org.postgresql.jdbc4.Jdbc4Connection.getSchema()Ljava/lang/String;> (0x00000000d82d8440) thrown at [/HUDSON/workspace/8-2-build-linux-amd64/jdk8u66/4988/hotspot/src/share/vm/interpreter/linkResolver.cpp, line 
Event: 2,132 Thread 0x00007fc17c450000 Exception <a 'java/lang/reflect/InvocationTargetException'> (0x00000000d82d8830) thrown at [/HUDSON/workspace/8-2-build-linux-amd64/jdk8u66/4988/hotspot/src/share/vm/runtime/reflection.cpp, line 954]
Event: 2,154 Thread 0x00007fc17c450000 Exception <a 'java/lang/reflect/InvocationTargetException'> (0x00000000d840bed0) thrown at [/HUDSON/workspace/8-2-build-linux-amd64/jdk8u66/4988/hotspot/src/share/vm/runtime/reflection.cpp, line 1092]
Event: 2,356 Thread 0x00007fc17c450000 Exception <a 'java/lang/reflect/InvocationTargetException'> (0x00000000d74d1d08) thrown at [/HUDSON/workspace/8-2-build-linux-amd64/jdk8u66/4988/hotspot/src/share/vm/runtime/reflection.cpp, line 1092]
Event: 2,356 Thread 0x00007fc17c450000 Exception <a 'java/lang/reflect/InvocationTargetException'> (0x00000000d74d2ff0) thrown at [/HUDSON/workspace/8-2-build-linux-amd64/jdk8u66/4988/hotspot/src/share/vm/runtime/reflection.cpp, line 1092]

Events (10 events):
Event: 1040,085 loading class sun/awt/X11/XkbEvent
Event: 1040,085 loading class sun/awt/X11/XkbEvent done
Event: 1040,085 loading class sun/awt/X11/XkbAnyEvent
Event: 1040,086 loading class sun/awt/X11/XkbAnyEvent done
Event: 3817,292 loading class sun/awt/X11/XDestroyWindowEvent
Event: 3817,292 loading class sun/awt/X11/XDestroyWindowEvent done
Event: 3818,216 loading class sun/awt/X11/XMSelection$2
Event: 3818,217 loading class sun/awt/X11/XMSelection$2 done
Event: 3818,325 loading class sun/awt/X11/XAWTXSettings$1
Event: 3818,332 loading class sun/awt/X11/XAWTXSettings$1 done


Dynamic libraries:
00400000-00401000 r-xp 00000000 08:06 10491320                           /usr/lib/jvm/java-8-oracle/jre/bin/java
00600000-00602000 rw-p 00000000 08:06 10491320                           /usr/lib/jvm/java-8-oracle/jre/bin/java
00c59000-00c7a000 rw-p 00000000 00:00 0                                  [heap]
84e00000-88580000 rw-p 00000000 00:00 0 
88580000-d6f80000 ---p 00000000 00:00 0 
d6f80000-da400000 rw-p 00000000 00:00 0 
da400000-100000000 ---p 00000000 00:00 0 
100000000-100440000 rw-p 00000000 00:00 0 
100440000-140000000 ---p 00000000 00:00 0 
332aa00000-332aa07000 r-xp 00000000 08:06 2886270                        /lib/x86_64-linux-gnu/librt-2.19.so
332aa07000-332ac06000 ---p 00007000 08:06 2886270                        /lib/x86_64-linux-gnu/librt-2.19.so
332ac06000-332ac07000 r--p 00006000 08:06 2886270                        /lib/x86_64-linux-gnu/librt-2.19.so
332ac07000-332ac08000 rw-p 00007000 08:06 2886270                        /lib/x86_64-linux-gnu/librt-2.19.so
3866600000-3866623000 r-xp 00000000 08:06 2895307                        /lib/x86_64-linux-gnu/ld-2.19.so
3866822000-3866823000 r--p 00022000 08:06 2895307                        /lib/x86_64-linux-gnu/ld-2.19.so
3866823000-3866824000 rw-p 00023000 08:06 2895307                        /lib/x86_64-linux-gnu/ld-2.19.so
3866824000-3866825000 rw-p 00000000 00:00 0 
3866a00000-3866bbb000 r-xp 00000000 08:06 2895308                        /lib/x86_64-linux-gnu/libc-2.19.so
3866bbb000-3866dba000 ---p 001bb000 08:06 2895308                        /lib/x86_64-linux-gnu/libc-2.19.so
3866dba000-3866dbe000 r--p 001ba000 08:06 2895308                        /lib/x86_64-linux-gnu/libc-2.19.so
3866dbe000-3866dc0000 rw-p 001be000 08:06 2895308                        /lib/x86_64-linux-gnu/libc-2.19.so
3866dc0000-3866dc5000 rw-p 00000000 00:00 0 
3866e00000-3866e03000 r-xp 00000000 08:06 2895312                        /lib/x86_64-linux-gnu/libdl-2.19.so
3866e03000-3867002000 ---p 00003000 08:06 2895312                        /lib/x86_64-linux-gnu/libdl-2.19.so
3867002000-3867003000 r--p 00002000 08:06 2895312                        /lib/x86_64-linux-gnu/libdl-2.19.so
3867003000-3867004000 rw-p 00003000 08:06 2895312                        /lib/x86_64-linux-gnu/libdl-2.19.so
3867200000-3867219000 r-xp 00000000 08:06 2895310                        /lib/x86_64-linux-gnu/libpthread-2.19.so
3867219000-3867418000 ---p 00019000 08:06 2895310                        /lib/x86_64-linux-gnu/libpthread-2.19.so
3867418000-3867419000 r--p 00018000 08:06 2895310                        /lib/x86_64-linux-gnu/libpthread-2.19.so
3867419000-386741a000 rw-p 00019000 08:06 2895310                        /lib/x86_64-linux-gnu/libpthread-2.19.so
386741a000-386741e000 rw-p 00000000 00:00 0 
3867600000-3867615000 r-xp 00000000 08:06 10882731                       /usr/lib/jvm/java-8-oracle/jre/lib/amd64/jli/libjli.so
3867615000-3867815000 ---p 00015000 08:06 10882731                       /usr/lib/jvm/java-8-oracle/jre/lib/amd64/jli/libjli.so
3867815000-3867816000 rw-p 00015000 08:06 10882731                       /usr/lib/jvm/java-8-oracle/jre/lib/amd64/jli/libjli.so
3867e00000-3867f05000 r-xp 00000000 08:06 2895316                        /lib/x86_64-linux-gnu/libm-2.19.so
3867f05000-3868104000 ---p 00105000 08:06 2895316                        /lib/x86_64-linux-gnu/libm-2.19.so
3868104000-3868105000 r--p 00104000 08:06 2895316                        /lib/x86_64-linux-gnu/libm-2.19.so
3868105000-3868106000 rw-p 00105000 08:06 2895316                        /lib/x86_64-linux-gnu/libm-2.19.so
386a200000-386a21d000 r-xp 00000000 08:06 10229868                       /usr/lib/x86_64-linux-gnu/libxcb.so.1.1.0
386a21d000-386a41d000 ---p 0001d000 08:06 10229868                       /usr/lib/x86_64-linux-gnu/libxcb.so.1.1.0
386a41d000-386a41e000 r--p 0001d000 08:06 10229868                       /usr/lib/x86_64-linux-gnu/libxcb.so.1.1.0
386a41e000-386a41f000 rw-p 0001e000 08:06 10229868                       /usr/lib/x86_64-linux-gnu/libxcb.so.1.1.0
386a600000-386a605000 r-xp 00000000 08:06 10229867                       /usr/lib/x86_64-linux-gnu/libXdmcp.so.6.0.0
386a605000-386a804000 ---p 00005000 08:06 10229867                       /usr/lib/x86_64-linux-gnu/libXdmcp.so.6.0.0
386a804000-386a805000 r--p 00004000 08:06 10229867                       /usr/lib/x86_64-linux-gnu/libXdmcp.so.6.0.0
386a805000-386a806000 rw-p 00005000 08:06 10229867                       /usr/lib/x86_64-linux-gnu/libXdmcp.so.6.0.0
386aa00000-386aa02000 r-xp 00000000 08:06 10229866                       /usr/lib/x86_64-linux-gnu/libXau.so.6.0.0
386aa02000-386ac02000 ---p 00002000 08:06 10229866                       /usr/lib/x86_64-linux-gnu/libXau.so.6.0.0
386ac02000-386ac03000 r--p 00002000 08:06 10229866                       /usr/lib/x86_64-linux-gnu/libXau.so.6.0.0
386ac03000-386ac04000 rw-p 00003000 08:06 10229866                       /usr/lib/x86_64-linux-gnu/libXau.so.6.0.0
386ae00000-386af30000 r-xp 00000000 08:06 10229871                       /usr/lib/x86_64-linux-gnu/libX11.so.6.3.0
386af30000-386b130000 ---p 00130000 08:06 10229871                       /usr/lib/x86_64-linux-gnu/libX11.so.6.3.0
386b130000-386b131000 r--p 00130000 08:06 10229871                       /usr/lib/x86_64-linux-gnu/libX11.so.6.3.0
386b131000-386b135000 rw-p 00131000 08:06 10229871                       /usr/lib/x86_64-linux-gnu/libX11.so.6.3.0
386b200000-386b211000 r-xp 00000000 08:06 10229873                       /usr/lib/x86_64-linux-gnu/libXext.so.6.4.0
386b211000-386b410000 ---p 00011000 08:06 10229873                       /usr/lib/x86_64-linux-gnu/libXext.so.6.4.0
386b410000-386b411000 r--p 00010000 08:06 10229873                       /usr/lib/x86_64-linux-gnu/libXext.so.6.4.0
386b411000-386b412000 rw-p 00011000 08:06 10229873                       /usr/lib/x86_64-linux-gnu/libXext.so.6.4.0
386c200000-386c209000 r-xp 00000000 08:06 10229872                       /usr/lib/x86_64-linux-gnu/libXrender.so.1.3.0
386c209000-386c408000 ---p 00009000 08:06 10229872                       /usr/lib/x86_64-linux-gnu/libXrender.so.1.3.0
386c408000-386c409000 r--p 00008000 08:06 10229872                       /usr/lib/x86_64-linux-gnu/libXrender.so.1.3.0
386c409000-386c40a000 rw-p 00009000 08:06 10229872                       /usr/lib/x86_64-linux-gnu/libXrender.so.1.3.0
386ea00000-386ea0f000 r-xp 00000000 08:06 10229882                       /usr/lib/x86_64-linux-gnu/libXi.so.6.1.0
386ea0f000-386ec0e000 ---p 0000f000 08:06 10229882                       /usr/lib/x86_64-linux-gnu/libXi.so.6.1.0
386ec0e000-386ec0f000 r--p 0000e000 08:06 10229882                       /usr/lib/x86_64-linux-gnu/libXi.so.6.1.0
386ec0f000-386ec10000 rw-p 0000f000 08:06 10229882                       /usr/lib/x86_64-linux-gnu/libXi.so.6.1.0
386f200000-386f205000 r-xp 00000000 08:06 10229884                       /usr/lib/x86_64-linux-gnu/libXfixes.so.3.1.0
386f205000-386f404000 ---p 00005000 08:06 10229884                       /usr/lib/x86_64-linux-gnu/libXfixes.so.3.1.0
386f404000-386f405000 r--p 00004000 08:06 10229884                       /usr/lib/x86_64-linux-gnu/libXfixes.so.3.1.0
386f405000-386f406000 rw-p 00005000 08:06 10229884                       /usr/lib/x86_64-linux-gnu/libXfixes.so.3.1.0
3871a00000-3871a09000 r-xp 00000000 08:06 10229885                       /usr/lib/x86_64-linux-gnu/libXcursor.so.1.0.2
3871a09000-3871c08000 ---p 00009000 08:06 10229885                       /usr/lib/x86_64-linux-gnu/libXcursor.so.1.0.2
3871c08000-3871c09000 r--p 00008000 08:06 10229885                       /usr/lib/x86_64-linux-gnu/libXcursor.so.1.0.2
3871c09000-3871c0a000 rw-p 00009000 08:06 10229885                       /usr/lib/x86_64-linux-gnu/libXcursor.so.1.0.2
3874600000-3874616000 r-xp 00000000 08:06 2895329                        /lib/x86_64-linux-gnu/libgcc_s.so.1
3874616000-3874815000 ---p 00016000 08:06 2895329                        /lib/x86_64-linux-gnu/libgcc_s.so.1
3874815000-3874816000 rw-p 00015000 08:06 2895329                        /lib/x86_64-linux-gnu/libgcc_s.so.1
3878200000-3878217000 r-xp 00000000 08:06 2887914                        /lib/x86_64-linux-gnu/libnsl-2.19.so
3878217000-3878416000 ---p 00017000 08:06 2887914                        /lib/x86_64-linux-gnu/libnsl-2.19.so
3878416000-3878417000 r--p 00016000 08:06 2887914                        /lib/x86_64-linux-gnu/libnsl-2.19.so
3878417000-3878418000 rw-p 00017000 08:06 2887914                        /lib/x86_64-linux-gnu/libnsl-2.19.so
3878418000-387841a000 rw-p 00000000 00:00 0 
387ba00000-387ba05000 r-xp 00000000 08:06 10224218                       /usr/lib/x86_64-linux-gnu/libXtst.so.6.1.0
387ba05000-387bc04000 ---p 00005000 08:06 10224218                       /usr/lib/x86_64-linux-gnu/libXtst.so.6.1.0
387bc04000-387bc05000 r--p 00004000 08:06 10224218                       /usr/lib/x86_64-linux-gnu/libXtst.so.6.1.0
387bc05000-387bc06000 rw-p 00005000 08:06 10224218                       /usr/lib/x86_64-linux-gnu/libXtst.so.6.1.0
7fc0e8000000-7fc0e8021000 rw-p 00000000 00:00 0 
7fc0e8021000-7fc0ec000000 ---p 00000000 00:00 0 
7fc0ec000000-7fc0ec021000 rw-p 00000000 00:00 0 
7fc0ec021000-7fc0f0000000 ---p 00000000 00:00 0 
7fc0f0000000-7fc0f0021000 rw-p 00000000 00:00 0 
7fc0f0021000-7fc0f4000000 ---p 00000000 00:00 0 
7fc0f4000000-7fc0f4021000 rw-p 00000000 00:00 0 
7fc0f4021000-7fc0f8000000 ---p 00000000 00:00 0 
7fc0f8000000-7fc0f8021000 rw-p 00000000 00:00 0 
7fc0f8021000-7fc0fc000000 ---p 00000000 00:00 0 
7fc0fc000000-7fc0fc021000 rw-p 00000000 00:00 0 
7fc0fc021000-7fc100000000 ---p 00000000 00:00 0 
7fc100000000-7fc100021000 rw-p 00000000 00:00 0 
7fc100021000-7fc104000000 ---p 00000000 00:00 0 
7fc104000000-7fc104021000 rw-p 00000000 00:00 0 
7fc104021000-7fc108000000 ---p 00000000 00:00 0 
7fc108000000-7fc1086b2000 rw-p 00000000 00:00 0 
7fc1086b2000-7fc10c000000 ---p 00000000 00:00 0 
7fc10c000000-7fc10c021000 rw-p 00000000 00:00 0 
7fc10c021000-7fc110000000 ---p 00000000 00:00 0 
7fc110000000-7fc110021000 rw-p 00000000 00:00 0 
7fc110021000-7fc114000000 ---p 00000000 00:00 0 
7fc114000000-7fc114021000 rw-p 00000000 00:00 0 
7fc114021000-7fc118000000 ---p 00000000 00:00 0 
7fc1194e5000-7fc119625000 rw-p 00000000 00:00 0 
7fc119625000-7fc1196e5000 ---p 00000000 00:00 0 
7fc1196e5000-7fc1198e5000 rw-p 00000000 00:00 0 
7fc1198e5000-7fc1198e8000 ---p 00000000 00:00 0 
7fc1198e8000-7fc119be6000 rw-p 00000000 00:00 0                          [stack:26080]
7fc119be6000-7fc119de6000 rw-p 00000000 00:00 0 
7fc119de6000-7fc119fe6000 rw-p 00000000 00:00 0 
7fc119fe6000-7fc11a1e6000 rw-p 00000000 00:00 0 
7fc11a1e6000-7fc11a3e6000 rw-p 00000000 00:00 0 
7fc11a3e6000-7fc11a3e9000 ---p 00000000 00:00 0 
7fc11a3e9000-7fc11a4e7000 rw-p 00000000 00:00 0                          [stack:26078]
7fc11a4e7000-7fc11a4ea000 ---p 00000000 00:00 0 
7fc11a4ea000-7fc11a5e8000 rw-p 00000000 00:00 0                          [stack:26077]
7fc11a5e8000-7fc11a5eb000 ---p 00000000 00:00 0 
7fc11a5eb000-7fc11a6e9000 rw-p 00000000 00:00 0                          [stack:26076]
7fc11a6e9000-7fc11a6ec000 ---p 00000000 00:00 0 
7fc11a6ec000-7fc11a7ea000 rw-p 00000000 00:00 0                          [stack:26075]
7fc11a7ea000-7fc11a7ed000 ---p 00000000 00:00 0 
7fc11a7ed000-7fc11a8eb000 rw-p 00000000 00:00 0                          [stack:26074]
7fc11a8eb000-7fc11a8ee000 ---p 00000000 00:00 0 
7fc11a8ee000-7fc11abec000 rw-p 00000000 00:00 0                          [stack:26073]
7fc11abec000-7fc11abef000 ---p 00000000 00:00 0 
7fc11abef000-7fc11aced000 rw-p 00000000 00:00 0                          [stack:26072]
7fc11aced000-7fc11acf0000 ---p 00000000 00:00 0 
7fc11acf0000-7fc11adee000 rw-p 00000000 00:00 0                          [stack:26071]
7fc11adee000-7fc11adf1000 ---p 00000000 00:00 0 
7fc11adf1000-7fc11aeef000 rw-p 00000000 00:00 0                          [stack:26070]
7fc11aeef000-7fc11aef2000 ---p 00000000 00:00 0 
7fc11aef2000-7fc11aff0000 rw-p 00000000 00:00 0                          [stack:26069]
7fc11aff0000-7fc11aff3000 ---p 00000000 00:00 0 
7fc11aff3000-7fc11b0f1000 rw-p 00000000 00:00 0                          [stack:26068]
7fc11b0f1000-7fc11b0f4000 ---p 00000000 00:00 0 
7fc11b0f4000-7fc11b1f2000 rw-p 00000000 00:00 0                          [stack:26067]
7fc11b1f2000-7fc11b1f5000 ---p 00000000 00:00 0 
7fc11b1f5000-7fc11b2f3000 rw-p 00000000 00:00 0                          [stack:26066]
7fc11b2f3000-7fc11b2f6000 ---p 00000000 00:00 0 
7fc11b2f6000-7fc11b3f4000 rw-p 00000000 00:00 0                          [stack:26065]
7fc11b3f4000-7fc11b3f7000 ---p 00000000 00:00 0 
7fc11b3f7000-7fc11b4f5000 rw-p 00000000 00:00 0                          [stack:26064]
7fc11b4f5000-7fc11b4f8000 ---p 00000000 00:00 0 
7fc11b4f8000-7fc11b5f6000 rw-p 00000000 00:00 0                          [stack:26063]
7fc11b5f6000-7fc11b5f9000 ---p 00000000 00:00 0 
7fc11b5f9000-7fc11b6f7000 rw-p 00000000 00:00 0                          [stack:26062]
7fc11b6f7000-7fc11b6fa000 ---p 00000000 00:00 0 
7fc11b6fa000-7fc11b7f8000 rw-p 00000000 00:00 0                          [stack:26061]
7fc11b7f8000-7fc11b7fb000 ---p 00000000 00:00 0 
7fc11b7fb000-7fc11b8f9000 rw-p 00000000 00:00 0                          [stack:26060]
7fc11b8f9000-7fc11b8fc000 ---p 00000000 00:00 0 
7fc11b8fc000-7fc11b9fa000 rw-p 00000000 00:00 0                          [stack:26059]
7fc11b9fa000-7fc11b9fd000 ---p 00000000 00:00 0 
7fc11b9fd000-7fc11bafb000 rw-p 00000000 00:00 0                          [stack:26058]
7fc11bafb000-7fc11bafe000 ---p 00000000 00:00 0 
7fc11bafe000-7fc11bbfc000 rw-p 00000000 00:00 0                          [stack:26057]
7fc11bbfc000-7fc11bbff000 ---p 00000000 00:00 0 
7fc11bbff000-7fc11bcfd000 rw-p 00000000 00:00 0                          [stack:26056]
7fc11bcfd000-7fc11bd00000 ---p 00000000 00:00 0 
7fc11bd00000-7fc11bdfe000 rw-p 00000000 00:00 0                          [stack:26055]
7fc11bdfe000-7fc11be01000 ---p 00000000 00:00 0 
7fc11be01000-7fc11beff000 rw-p 00000000 00:00 0                          [stack:26054]
7fc11beff000-7fc11bf02000 ---p 00000000 00:00 0 
7fc11bf02000-7fc11c000000 rw-p 00000000 00:00 0                          [stack:26053]
7fc11c000000-7fc11c047000 rw-p 00000000 00:00 0 
7fc11c047000-7fc120000000 ---p 00000000 00:00 0 
7fc120000000-7fc120021000 rw-p 00000000 00:00 0 
7fc120021000-7fc124000000 ---p 00000000 00:00 0 
7fc124000000-7fc124031000 rw-p 00000000 00:00 0 
7fc124031000-7fc128000000 ---p 00000000 00:00 0 
7fc128000000-7fc128021000 rw-p 00000000 00:00 0 
7fc128021000-7fc12c000000 ---p 00000000 00:00 0 
7fc12c000000-7fc12c021000 rw-p 00000000 00:00 0 
7fc12c021000-7fc130000000 ---p 00000000 00:00 0 
7fc130000000-7fc130021000 rw-p 00000000 00:00 0 
7fc130021000-7fc134000000 ---p 00000000 00:00 0 
7fc134000000-7fc1349ff000 rw-p 00000000 00:00 0 
7fc1349ff000-7fc138000000 ---p 00000000 00:00 0 
7fc138000000-7fc138021000 rw-p 00000000 00:00 0 
7fc138021000-7fc13c000000 ---p 00000000 00:00 0 
7fc13c000000-7fc13cb3d000 rw-p 00000000 00:00 0 
7fc13cb3d000-7fc140000000 ---p 00000000 00:00 0 
7fc140000000-7fc140b97000 rw-p 00000000 00:00 0 
7fc140b97000-7fc144000000 ---p 00000000 00:00 0 
7fc144000000-7fc144021000 rw-p 00000000 00:00 0 
7fc144021000-7fc148000000 ---p 00000000 00:00 0 
7fc148000000-7fc148021000 rw-p 00000000 00:00 0 
7fc148021000-7fc14c000000 ---p 00000000 00:00 0 
7fc14c000000-7fc14c021000 rw-p 00000000 00:00 0 
7fc14c021000-7fc150000000 ---p 00000000 00:00 0 
7fc150000000-7fc150021000 rw-p 00000000 00:00 0 
7fc150021000-7fc154000000 ---p 00000000 00:00 0 
7fc154000000-7fc154021000 rw-p 00000000 00:00 0 
7fc154021000-7fc158000000 ---p 00000000 00:00 0 
7fc158000000-7fc158021000 rw-p 00000000 00:00 0 
7fc158021000-7fc15c000000 ---p 00000000 00:00 0 
7fc15c09f000-7fc15c0b1000 r--s 00345000 08:06 10490201                   /usr/lib/jvm/java-8-oracle/jre/lib/resources.jar
7fc15c0b1000-7fc15c0b4000 ---p 00000000 00:00 0 
7fc15c0b4000-7fc15c3b2000 rw-p 00000000 00:00 0                          [stack:26052]
7fc15c3b2000-7fc15c41b000 r-xp 00000000 08:06 10882556                   /usr/lib/jvm/java-8-oracle/jre/lib/amd64/libt2k.so
7fc15c41b000-7fc15c61b000 ---p 00069000 08:06 10882556                   /usr/lib/jvm/java-8-oracle/jre/lib/amd64/libt2k.so
7fc15c61b000-7fc15c622000 rw-p 00069000 08:06 10882556                   /usr/lib/jvm/java-8-oracle/jre/lib/amd64/libt2k.so
7fc15c622000-7fc15c632000 rw-p 00000000 00:00 0 
7fc15c632000-7fc15c643000 r-xp 00000000 08:06 10882545                   /usr/lib/jvm/java-8-oracle/jre/lib/amd64/libnio.so
7fc15c643000-7fc15c842000 ---p 00011000 08:06 10882545                   /usr/lib/jvm/java-8-oracle/jre/lib/amd64/libnio.so
7fc15c842000-7fc15c843000 rw-p 00010000 08:06 10882545                   /usr/lib/jvm/java-8-oracle/jre/lib/amd64/libnio.so
7fc15c843000-7fc15c859000 r-xp 00000000 08:06 10882534                   /usr/lib/jvm/java-8-oracle/jre/lib/amd64/libnet.so
7fc15c859000-7fc15ca59000 ---p 00016000 08:06 10882534                   /usr/lib/jvm/java-8-oracle/jre/lib/amd64/libnet.so
7fc15ca59000-7fc15ca5a000 rw-p 00016000 08:06 10882534                   /usr/lib/jvm/java-8-oracle/jre/lib/amd64/libnet.so
7fc15ca5a000-7fc15ca5d000 ---p 00000000 00:00 0 
7fc15ca5d000-7fc15cd5b000 rw-p 00000000 00:00 0 
7fc15cd5b000-7fc15cd5e000 ---p 00000000 00:00 0 
7fc15cd5e000-7fc15ce5c000 rw-p 00000000 00:00 0                          [stack:26050]
7fc15ce5c000-7fc15ce5f000 ---p 00000000 00:00 0 
7fc15ce5f000-7fc15cf5d000 rw-p 00000000 00:00 0                          [stack:26049]
7fc15cf5d000-7fc15cf60000 ---p 00000000 00:00 0 
7fc15cf60000-7fc15d05e000 rw-p 00000000 00:00 0                          [stack:26048]
7fc15d05e000-7fc15d061000 ---p 00000000 00:00 0 
7fc15d061000-7fc15d15f000 rw-p 00000000 00:00 0                          [stack:26047]
7fc15d15f000-7fc15d1c4000 r-xp 00000000 08:06 10882516                   /usr/lib/jvm/java-8-oracle/jre/lib/amd64/libfontmanager.so
7fc15d1c4000-7fc15d3c4000 ---p 00065000 08:06 10882516                   /usr/lib/jvm/java-8-oracle/jre/lib/amd64/libfontmanager.so
7fc15d3c4000-7fc15d3c8000 rw-p 00065000 08:06 10882516                   /usr/lib/jvm/java-8-oracle/jre/lib/amd64/libfontmanager.so
7fc15d3c8000-7fc15d3d9000 rw-p 00000000 00:00 0 
7fc15d3d9000-7fc15d42d000 r-xp 00000000 08:06 10882518                   /usr/lib/jvm/java-8-oracle/jre/lib/amd64/libawt_xawt.so
7fc15d42d000-7fc15d62d000 ---p 00054000 08:06 10882518                   /usr/lib/jvm/java-8-oracle/jre/lib/amd64/libawt_xawt.so
7fc15d62d000-7fc15d631000 rw-p 00054000 08:06 10882518                   /usr/lib/jvm/java-8-oracle/jre/lib/amd64/libawt_xawt.so
7fc15d631000-7fc15d632000 rw-p 00000000 00:00 0 
7fc15d632000-7fc15d6d4000 r-xp 00000000 08:06 10882528                   /usr/lib/jvm/java-8-oracle/jre/lib/amd64/libawt.so
7fc15d6d4000-7fc15d8d4000 ---p 000a2000 08:06 10882528                   /usr/lib/jvm/java-8-oracle/jre/lib/amd64/libawt.so
7fc15d8d4000-7fc15d8e0000 rw-p 000a2000 08:06 10882528                   /usr/lib/jvm/java-8-oracle/jre/lib/amd64/libawt.so
7fc15d8e0000-7fc15d904000 rw-p 00000000 00:00 0 
7fc15d904000-7fc15d905000 ---p 00000000 00:00 0 
7fc15d905000-7fc15da05000 rw-p 00000000 00:00 0                          [stack:26046]
7fc15da05000-7fc15da08000 ---p 00000000 00:00 0 
7fc15da08000-7fc15db06000 rw-p 00000000 00:00 0                          [stack:26045]
7fc15db06000-7fc15db09000 ---p 00000000 00:00 0 
7fc15db09000-7fc15dc07000 rw-p 00000000 00:00 0                          [stack:26044]
7fc15dc07000-7fc15dc0a000 ---p 00000000 00:00 0 
7fc15dc0a000-7fc15dd08000 rw-p 00000000 00:00 0                          [stack:26043]
7fc15dd08000-7fc15dd0b000 ---p 00000000 00:00 0 
7fc15dd0b000-7fc15de09000 rw-p 00000000 00:00 0                          [stack:26042]
7fc15de09000-7fc15de0c000 ---p 00000000 00:00 0 
7fc15de0c000-7fc15df0a000 rw-p 00000000 00:00 0                          [stack:26041]
7fc15df0a000-7fc15e5ee000 r--p 00000000 08:06 10230613                   /usr/lib/locale/locale-archive
7fc15e5ee000-7fc15e5f1000 ---p 00000000 00:00 0 
7fc15e5f1000-7fc15e6ef000 rw-p 00000000 00:00 0                          [stack:26040]
7fc15e6ef000-7fc15e6f2000 ---p 00000000 00:00 0 
7fc15e6f2000-7fc15e7f0000 rw-p 00000000 00:00 0                          [stack:26039]
7fc15e7f0000-7fc15e7f1000 ---p 00000000 00:00 0 
7fc15e7f1000-7fc160000000 rw-p 00000000 00:00 0                          [stack:26038]
7fc160000000-7fc160021000 rw-p 00000000 00:00 0 
7fc160021000-7fc164000000 ---p 00000000 00:00 0 
7fc164005000-7fc16400c000 r--s 00000000 08:06 10617750                   /usr/lib/x86_64-linux-gnu/gconv/gconv-modules.cache
7fc16400c000-7fc16402e000 r--p 00000000 08:06 10625782                   /usr/share/locale-langpack/pt_BR/LC_MESSAGES/libc.mo
7fc16402e000-7fc164097000 r--s 004e7000 08:06 6029674                    /home/loopback/git/gesma_moodle/gesma_moodle/lib/hibernate-core-5.0.4.Final.jar
7fc164097000-7fc164270000 r--s 03d20000 08:06 10492841                   /usr/lib/jvm/java-8-oracle/jre/lib/rt.jar
7fc164270000-7fc168000000 rw-p 00000000 00:00 0 
7fc168000000-7fc168021000 rw-p 00000000 00:00 0 
7fc168021000-7fc16c000000 ---p 00000000 00:00 0 
7fc16c002000-7fc16c008000 r--s 002f8000 08:06 10490105                   /usr/lib/jvm/java-8-oracle/jre/lib/charsets.jar
7fc16c008000-7fc16c02c000 r--s 002cc000 08:06 6036091                    /home/loopback/git/gesma_moodle/gesma_moodle/lib/xalan.jar
7fc16c02c000-7fc16c032000 r--s 0007e000 08:06 6036141                    /home/loopback/git/gesma_moodle/gesma_moodle/lib/postgresql-9.0-801.jdbc4.jar
7fc16c032000-7fc16c04e000 r--s 00393000 08:06 10622691                   /usr/lib/jvm/java-8-oracle/jre/lib/ext/cldrdata.jar
7fc16c04e000-7fc16c591000 rw-p 00000000 00:00 0 
7fc16c591000-7fc16c592000 ---p 00000000 00:00 0 
7fc16c592000-7fc16c692000 rw-p 00000000 00:00 0                          [stack:26037]
7fc16c692000-7fc16c693000 ---p 00000000 00:00 0 
7fc16c693000-7fc16c793000 rw-p 00000000 00:00 0                          [stack:26036]
7fc16c793000-7fc16c794000 ---p 00000000 00:00 0 
7fc16c794000-7fc16c894000 rw-p 00000000 00:00 0                          [stack:26035]
7fc16c894000-7fc16c895000 ---p 00000000 00:00 0 
7fc16c895000-7fc16c9b1000 rw-p 00000000 00:00 0                          [stack:26034]
7fc16c9b1000-7fc16cc26000 ---p 00000000 00:00 0 
7fc16cc26000-7fc16cc42000 rw-p 00000000 00:00 0 
7fc16cc42000-7fc16ceb6000 ---p 00000000 00:00 0 
7fc16ceb6000-7fc16ced1000 rw-p 00000000 00:00 0 
7fc16ced1000-7fc16cfff000 ---p 00000000 00:00 0 
7fc16cfff000-7fc16d000000 rw-p 00000000 00:00 0 
7fc16d000000-7fc16db50000 rwxp 00000000 00:00 0 
7fc16db50000-7fc17c000000 ---p 00000000 00:00 0 
7fc17c000000-7fc17c7cf000 rw-p 00000000 00:00 0 
7fc17c7cf000-7fc180000000 ---p 00000000 00:00 0 
7fc180000000-7fc180005000 r--s 00096000 08:06 10490089                   /usr/lib/jvm/java-8-oracle/jre/lib/jsse.jar
7fc180005000-7fc180006000 r--s 00003000 08:06 6036094                    /home/loopback/git/gesma_moodle/gesma_moodle/lib/jta-1.1.jar
7fc180006000-7fc180008000 r--s 0000f000 08:06 6036142                    /home/loopback/git/gesma_moodle/gesma_moodle/lib/jboss-logging-3.3.0.Final.jar
7fc180008000-7fc18000d000 r--s 00017000 08:06 6036099                    /home/loopback/git/gesma_moodle/gesma_moodle/lib/hibernate-jpa-2.1-api-1.0.0.Final.jar
7fc18000d000-7fc180012000 r--s 00048000 08:06 6036090                    /home/loopback/git/gesma_moodle/gesma_moodle/lib/dom4j-1.6.1.jar
7fc180012000-7fc180018000 r--s 00040000 08:06 6036093                    /home/loopback/git/gesma_moodle/gesma_moodle/lib/cglib-3.2.0.jar
7fc180018000-7fc1800f0000 rw-p 00000000 00:00 0 
7fc1800f0000-7fc180482000 ---p 00000000 00:00 0 
7fc180482000-7fc18049c000 r-xp 00000000 08:06 10882553                   /usr/lib/jvm/java-8-oracle/jre/lib/amd64/libzip.so
7fc18049c000-7fc18069c000 ---p 0001a000 08:06 10882553                   /usr/lib/jvm/java-8-oracle/jre/lib/amd64/libzip.so
7fc18069c000-7fc18069d000 rw-p 0001a000 08:06 10882553                   /usr/lib/jvm/java-8-oracle/jre/lib/amd64/libzip.so
7fc18069d000-7fc1806a8000 r-xp 00000000 08:06 2887864                    /lib/x86_64-linux-gnu/libnss_files-2.19.so
7fc1806a8000-7fc1808a7000 ---p 0000b000 08:06 2887864                    /lib/x86_64-linux-gnu/libnss_files-2.19.so
7fc1808a7000-7fc1808a8000 r--p 0000a000 08:06 2887864                    /lib/x86_64-linux-gnu/libnss_files-2.19.so
7fc1808a8000-7fc1808a9000 rw-p 0000b000 08:06 2887864                    /lib/x86_64-linux-gnu/libnss_files-2.19.so
7fc1808a9000-7fc1808b4000 r-xp 00000000 08:06 2887874                    /lib/x86_64-linux-gnu/libnss_nis-2.19.so
7fc1808b4000-7fc180ab3000 ---p 0000b000 08:06 2887874                    /lib/x86_64-linux-gnu/libnss_nis-2.19.so
7fc180ab3000-7fc180ab4000 r--p 0000a000 08:06 2887874                    /lib/x86_64-linux-gnu/libnss_nis-2.19.so
7fc180ab4000-7fc180ab5000 rw-p 0000b000 08:06 2887874                    /lib/x86_64-linux-gnu/libnss_nis-2.19.so
7fc180ab5000-7fc180abe000 r-xp 00000000 08:06 2887860                    /lib/x86_64-linux-gnu/libnss_compat-2.19.so
7fc180abe000-7fc180cbd000 ---p 00009000 08:06 2887860                    /lib/x86_64-linux-gnu/libnss_compat-2.19.so
7fc180cbd000-7fc180cbe000 r--p 00008000 08:06 2887860                    /lib/x86_64-linux-gnu/libnss_compat-2.19.so
7fc180cbe000-7fc180cbf000 rw-p 00009000 08:06 2887860                    /lib/x86_64-linux-gnu/libnss_compat-2.19.so
7fc180cbf000-7fc180cc2000 r--s 00010000 08:06 6036139                    /home/loopback/git/gesma_moodle/gesma_moodle/lib/hibernate-commons-annotations-4.0.5.Final.jar
7fc180cc2000-7fc180ccc000 r--s 00116000 08:06 10622687                   /usr/lib/jvm/java-8-oracle/jre/lib/ext/localedata.jar
7fc180ccc000-7fc180cd1000 r--s 00058000 08:06 1968753                    /home/loopback/Documentos/jacamo-0.5/lib/moise.jar
7fc180cd1000-7fc180cd9000 r--s 00051000 08:06 1968745                    /home/loopback/Documentos/jacamo-0.5/lib/cartago.jar
7fc180cd9000-7fc180d03000 r-xp 00000000 08:06 10882548                   /usr/lib/jvm/java-8-oracle/jre/lib/amd64/libjava.so
7fc180d03000-7fc180f03000 ---p 0002a000 08:06 10882548                   /usr/lib/jvm/java-8-oracle/jre/lib/amd64/libjava.so
7fc180f03000-7fc180f05000 rw-p 0002a000 08:06 10882548                   /usr/lib/jvm/java-8-oracle/jre/lib/amd64/libjava.so
7fc180f05000-7fc180f12000 r-xp 00000000 08:06 10882514                   /usr/lib/jvm/java-8-oracle/jre/lib/amd64/libverify.so
7fc180f12000-7fc181112000 ---p 0000d000 08:06 10882514                   /usr/lib/jvm/java-8-oracle/jre/lib/amd64/libverify.so
7fc181112000-7fc181114000 rw-p 0000d000 08:06 10882514                   /usr/lib/jvm/java-8-oracle/jre/lib/amd64/libverify.so
7fc181114000-7fc181117000 ---p 00000000 00:00 0 
7fc181117000-7fc181215000 rw-p 00000000 00:00 0                          [stack:26029]
7fc181215000-7fc181ed3000 r-xp 00000000 08:06 10882542                   /usr/lib/jvm/java-8-oracle/jre/lib/amd64/server/libjvm.so
7fc181ed3000-7fc1820d2000 ---p 00cbe000 08:06 10882542                   /usr/lib/jvm/java-8-oracle/jre/lib/amd64/server/libjvm.so
7fc1820d2000-7fc1821ab000 rw-p 00cbd000 08:06 10882542                   /usr/lib/jvm/java-8-oracle/jre/lib/amd64/server/libjvm.so
7fc1821ab000-7fc1821f3000 rw-p 00000000 00:00 0 
7fc1821f3000-7fc1821f5000 r--s 0001b000 08:06 1968747                    /home/loopback/Documentos/jacamo-0.5/lib/jacamo.jar
7fc1821f5000-7fc1821f6000 r--s 00009000 08:06 1968744                    /home/loopback/Documentos/jacamo-0.5/lib/c4jason.jar
7fc1821f6000-7fc182203000 r--s 000e0000 08:06 1968749                    /home/loopback/Documentos/jacamo-0.5/lib/jason.jar
7fc182203000-7fc18220b000 rw-s 00000000 08:06 11016646                   /tmp/hsperfdata_loopback/26028
7fc18220b000-7fc18220c000 rw-p 00000000 00:00 0 
7fc18220c000-7fc18220d000 r--p 00000000 00:00 0 
7fc18220d000-7fc18220f000 rw-p 00000000 00:00 0 
7fff53ff0000-7fff54011000 rw-p 00000000 00:00 0                          [stack]
7fff5413a000-7fff5413c000 r--p 00000000 00:00 0                          [vvar]
7fff5413c000-7fff5413e000 r-xp 00000000 00:00 0                          [vdso]
ffffffffff600000-ffffffffff601000 r-xp 00000000 00:00 0                  [vsyscall]

VM Arguments:
java_command: jacamo.infra.JaCaMoLauncher gesma_moodle.jcm
java_class_path (initial): /home/loopback/git/gesma_moodle/gesma_moodle:/home/loopback/git/gesma_moodle/gesma_moodle/bin/classes:/home/loopback/Documentos/jacamo-0.5/lib/jason.jar:/home/loopback/Documentos/jacamo-0.5/lib/cartago.jar:/home/loopback/Documentos/jacamo-0.5/lib/c4jason.jar:/home/loopback/Documentos/jacamo-0.5/lib/moise.jar:/home/loopback/Documentos/jacamo-0.5/lib/jacamo.jar:/home/loopback/git/gesma_moodle/gesma_moodle/lib/cglib-3.2.0.jar:/home/loopback/git/gesma_moodle/gesma_moodle/lib/dom4j-1.6.1.jar:/home/loopback/git/gesma_moodle/gesma_moodle/lib/hibernate-commons-annotations-4.0.5.Final.jar:/home/loopback/git/gesma_moodle/gesma_moodle/lib/hibernate-core-5.0.4.Final.jar:/home/loopback/git/gesma_moodle/gesma_moodle/lib/hibernate-jpa-2.1-api-1.0.0.Final.jar:/home/loopback/git/gesma_moodle/gesma_moodle/lib/jboss-logging-3.3.0.Final.jar:/home/loopback/git/gesma_moodle/gesma_moodle/lib/jta-1.1.jar:/home/loopback/git/gesma_moodle/gesma_moodle/lib/postgresql-9.0-801.jdbc4.jar:/home/loopback/git/gesma_moodle/gesma_moodle/lib/xalan.jar:/home/loopback/git/gesma_moodle/gesma_moodle/lib
Launcher Type: SUN_STANDARD

Environment Variables:
PATH=/usr/local/sbin:/usr/local/bin:/usr/sbin:/usr/bin:/sbin:/bin:/usr/games:/usr/local/games
SHELL=/bin/bash
DISPLAY=:0

Signal Handlers:
SIGSEGV: [libjvm.so+0xaba2a0], sa_mask[0]=11111111011111111101111111111110, sa_flags=SA_RESTART|SA_SIGINFO
SIGBUS: [libjvm.so+0xaba2a0], sa_mask[0]=11111111011111111101111111111110, sa_flags=SA_RESTART|SA_SIGINFO
SIGFPE: [libjvm.so+0x917710], sa_mask[0]=11111111011111111101111111111110, sa_flags=SA_RESTART|SA_SIGINFO
SIGPIPE: [libjvm.so+0x917710], sa_mask[0]=11111111011111111101111111111110, sa_flags=SA_RESTART|SA_SIGINFO
SIGXFSZ: [libjvm.so+0x917710], sa_mask[0]=11111111011111111101111111111110, sa_flags=SA_RESTART|SA_SIGINFO
SIGILL: [libjvm.so+0x917710], sa_mask[0]=11111111011111111101111111111110, sa_flags=SA_RESTART|SA_SIGINFO
SIGUSR1: SIG_DFL, sa_mask[0]=00000000000000000000000000000000, sa_flags=none
SIGUSR2: [libjvm.so+0x918d40], sa_mask[0]=00100000000000000000000000000000, sa_flags=SA_RESTART|SA_SIGINFO
SIGHUP: [libjvm.so+0x91a140], sa_mask[0]=11111111011111111101111111111110, sa_flags=SA_RESTART|SA_SIGINFO
SIGINT: [libjvm.so+0x91a140], sa_mask[0]=11111111011111111101111111111110, sa_flags=SA_RESTART|SA_SIGINFO
SIGTERM: [libjvm.so+0x91a140], sa_mask[0]=11111111011111111101111111111110, sa_flags=SA_RESTART|SA_SIGINFO
SIGQUIT: [libjvm.so+0x91a140], sa_mask[0]=11111111011111111101111111111110, sa_flags=SA_RESTART|SA_SIGINFO


---------------  S Y S T E M  ---------------

OS:DISTRIB_ID=Ubuntu
DISTRIB_RELEASE=14.04
DISTRIB_CODENAME=trusty
DISTRIB_DESCRIPTION="Ubuntu 14.04.3 LTS"

uname:Linux 3.19.0-39-generic #44~14.04.1-Ubuntu SMP Wed Dec 2 10:00:35 UTC 2015 x86_64
libc:glibc 2.19 NPTL 2.19 
rlimit: STACK 8192k, CORE 0k, NPROC 31407, NOFILE 4096, AS infinity
load average:0,99 0,55 0,41

/proc/meminfo:
MemTotal:        8061612 kB
MemFree:         3843092 kB
MemAvailable:    5638328 kB
Buffers:          514904 kB
Cached:          1523196 kB
SwapCached:            0 kB
Active:          2577828 kB
Inactive:        1206896 kB
Active(anon):    1676428 kB
Inactive(anon):   359276 kB
Active(file):     901400 kB
Inactive(file):   847620 kB
Unevictable:          48 kB
Mlocked:              48 kB
SwapTotal:      19530748 kB
SwapFree:       19530384 kB
Dirty:              1408 kB
Writeback:             0 kB
AnonPages:       1744360 kB
Mapped:           277388 kB
Shmem:            289572 kB
Slab:             341128 kB
SReclaimable:     299632 kB
SUnreclaim:        41496 kB
KernelStack:       15040 kB
PageTables:        25016 kB
NFS_Unstable:          0 kB
Bounce:                0 kB
WritebackTmp:          0 kB
CommitLimit:    23561552 kB
Committed_AS:    6497104 kB
VmallocTotal:   34359738367 kB
VmallocUsed:      561712 kB
VmallocChunk:   34359096212 kB
HardwareCorrupted:     0 kB
AnonHugePages:   1185792 kB
CmaTotal:              0 kB
CmaFree:               0 kB
HugePages_Total:       0
HugePages_Free:        0
HugePages_Rsvd:        0
HugePages_Surp:        0
Hugepagesize:       2048 kB
DirectMap4k:      211712 kB
DirectMap2M:     5965824 kB
DirectMap1G:     3145728 kB


CPU:total 4 (2 cores per cpu, 2 threads per core) family 6 model 69 stepping 1, cmov, cx8, fxsr, mmx, sse, sse2, sse3, ssse3, sse4.1, sse4.2, popcnt, avx, avx2, aes, clmul, erms, lzcnt, ht, tsc, tscinvbit, bmi1, bmi2

/proc/cpuinfo:
processor	: 0
vendor_id	: GenuineIntel
cpu family	: 6
model		: 69
model name	: Intel(R) Core(TM) i7-4510U CPU @ 2.00GHz
stepping	: 1
microcode	: 0x1c
cpu MHz		: 2799.976
cache size	: 4096 KB
physical id	: 0
siblings	: 4
core id		: 0
cpu cores	: 2
apicid		: 0
initial apicid	: 0
fpu		: yes
fpu_exception	: yes
cpuid level	: 13
wp		: yes
flags		: fpu vme de pse tsc msr pae mce cx8 apic sep mtrr pge mca cmov pat pse36 clflush dts acpi mmx fxsr sse sse2 ss ht tm pbe syscall nx pdpe1gb rdtscp lm constant_tsc arch_perfmon pebs bts rep_good nopl xtopology nonstop_tsc aperfmperf eagerfpu pni pclmulqdq dtes64 monitor ds_cpl vmx est tm2 ssse3 fma cx16 xtpr pdcm pcid sse4_1 sse4_2 movbe popcnt tsc_deadline_timer aes xsave avx f16c rdrand lahf_lm abm ida arat epb pln pts dtherm tpr_shadow vnmi flexpriority ept vpid fsgsbase tsc_adjust bmi1 avx2 smep bmi2 erms invpcid xsaveopt
bugs		:
bogomips	: 5188.19
clflush size	: 64
cache_alignment	: 64
address sizes	: 39 bits physical, 48 bits virtual
power management:

processor	: 1
vendor_id	: GenuineIntel
cpu family	: 6
model		: 69
model name	: Intel(R) Core(TM) i7-4510U CPU @ 2.00GHz
stepping	: 1
microcode	: 0x1c
cpu MHz		: 2799.976
cache size	: 4096 KB
physical id	: 0
siblings	: 4
core id		: 0
cpu cores	: 2
apicid		: 1
initial apicid	: 1
fpu		: yes
fpu_exception	: yes
cpuid level	: 13
wp		: yes
flags		: fpu vme de pse tsc msr pae mce cx8 apic sep mtrr pge mca cmov pat pse36 clflush dts acpi mmx fxsr sse sse2 ss ht tm pbe syscall nx pdpe1gb rdtscp lm constant_tsc arch_perfmon pebs bts rep_good nopl xtopology nonstop_tsc aperfmperf eagerfpu pni pclmulqdq dtes64 monitor ds_cpl vmx est tm2 ssse3 fma cx16 xtpr pdcm pcid sse4_1 sse4_2 movbe popcnt tsc_deadline_timer aes xsave avx f16c rdrand lahf_lm abm ida arat epb pln pts dtherm tpr_shadow vnmi flexpriority ept vpid fsgsbase tsc_adjust bmi1 avx2 smep bmi2 erms invpcid xsaveopt
bugs		:
bogomips	: 5188.19
clflush size	: 64
cache_alignment	: 64
address sizes	: 39 bits physical, 48 bits virtual
power management:

processor	: 2
vendor_id	: GenuineIntel
cpu family	: 6
model		: 69
model name	: Intel(R) Core(TM) i7-4510U CPU @ 2.00GHz
stepping	: 1
microcode	: 0x1c
cpu MHz		: 2799.976
cache size	: 4096 KB
physical id	: 0
siblings	: 4
core id		: 1
cpu cores	: 2
apicid		: 2
initial apicid	: 2
fpu		: yes
fpu_exception	: yes
cpuid level	: 13
wp		: yes
flags		: fpu vme de pse tsc msr pae mce cx8 apic sep mtrr pge mca cmov pat pse36 clflush dts acpi mmx fxsr sse sse2 ss ht tm pbe syscall nx pdpe1gb rdtscp lm constant_tsc arch_perfmon pebs bts rep_good nopl xtopology nonstop_tsc aperfmperf eagerfpu pni pclmulqdq dtes64 monitor ds_cpl vmx est tm2 ssse3 fma cx16 xtpr pdcm pcid sse4_1 sse4_2 movbe popcnt tsc_deadline_timer aes xsave avx f16c rdrand lahf_lm abm ida arat epb pln pts dtherm tpr_shadow vnmi flexpriority ept vpid fsgsbase tsc_adjust bmi1 avx2 smep bmi2 erms invpcid xsaveopt
bugs		:
bogomips	: 5188.19
clflush size	: 64
cache_alignment	: 64
address sizes	: 39 bits physical, 48 bits virtual
power management:

processor	: 3
vendor_id	: GenuineIntel
cpu family	: 6
model		: 69
model name	: Intel(R) Core(TM) i7-4510U CPU @ 2.00GHz
stepping	: 1
microcode	: 0x1c
cpu MHz		: 2799.976
cache size	: 4096 KB
physical id	: 0
siblings	: 4
core id		: 1
cpu cores	: 2
apicid		: 3
initial apicid	: 3
fpu		: yes
fpu_exception	: yes
cpuid level	: 13
wp		: yes
flags		: fpu vme de pse tsc msr pae mce cx8 apic sep mtrr pge mca cmov pat pse36 clflush dts acpi mmx fxsr sse sse2 ss ht tm pbe syscall nx pdpe1gb rdtscp lm constant_tsc arch_perfmon pebs bts rep_good nopl xtopology nonstop_tsc aperfmperf eagerfpu pni pclmulqdq dtes64 monitor ds_cpl vmx est tm2 ssse3 fma cx16 xtpr pdcm pcid sse4_1 sse4_2 movbe popcnt tsc_deadline_timer aes xsave avx f16c rdrand lahf_lm abm ida arat epb pln pts dtherm tpr_shadow vnmi flexpriority ept vpid fsgsbase tsc_adjust bmi1 avx2 smep bmi2 erms invpcid xsaveopt
bugs		:
bogomips	: 5188.19
clflush size	: 64
cache_alignment	: 64
address sizes	: 39 bits physical, 48 bits virtual
power management:



Memory: 4k page, physical 8061612k(3920040k free), swap 19530748k(19530384k free)

vm_info: Java HotSpot(TM) 64-Bit Server VM (25.66-b17) for linux-amd64 JRE (1.8.0_66-b17), built on Oct  6 2015 17:28:34 by "java_re" with gcc 4.3.0 20080428 (Red Hat 4.3.0-8)

time: Mon Dec  7 00:32:21 2015
elapsed time: 3822 seconds (0d 1h 3m 42s)

