#
# A fatal error has been detected by the Java Runtime Environment:
#
#  SIGSEGV (0xb) at pc=0x00007fc5310696ba, pid=7704, tid=140484529137408
#
# JRE version: Java(TM) SE Runtime Environment (8.0_66-b17) (build 1.8.0_66-b17)
# Java VM: Java HotSpot(TM) 64-Bit Server VM (25.66-b17 mixed mode linux-amd64 compressed oops)
# Problematic frame:
# v  ~BufferBlob::jni_fast_GetLongField
#
# Failed to write core dump. Core dumps have been disabled. To enable core dumping, try "ulimit -c unlimited" before starting Java again
#
# If you would like to submit a bug report, please visit:
#   http://bugreport.java.com/bugreport/crash.jsp
# The crash happened outside the Java Virtual Machine in native code.
# See problematic frame for where to report the bug.
#

---------------  T H R E A D  ---------------

Current thread (0x00007fc540358800):  JavaThread "AWT-XAWT" daemon [_thread_in_native, id=7724, stack(0x00007fc51a64a000,0x00007fc51a74b000)]

siginfo: si_signo: 11 (SIGSEGV), si_code: 1 (SEGV_MAPERR), si_addr: 0x0000000000000000

Registers:
RAX=0x00007fc5478a7fe0, RBX=0x00007fc5403589f8, RCX=0x0000003867419320, RDX=0x0000000000000042
RSP=0x00007fc51a7494f8, RBP=0x00007fc51a749520, RSI=0x0000000000000000, RDI=0x00007fc5403589f8
R8 =0x0000000084f5ff28, R9 =0x0000000000000000, R10=0x0000000000000066, R11=0x00007fc531a6b198
R12=0x00007fc4e800c590, R13=0x0000000000000000, R14=0x00007fc51ad407e0, R15=0x00007fc540358800
RIP=0x00007fc5310696ba, EFLAGS=0x0000000000010246, CSGSFS=0x0000000000000033, ERR=0x0000000000000004
  TRAPNO=0x000000000000000e

Top of Stack: (sp=0x00007fc51a7494f8)
0x00007fc51a7494f8:   00007fc51ab1eef1 00007fc54460de48
0x00007fc51a749508:   00007fc4e800c590 00007fc51a7495d0
0x00007fc51a749518:   00007fc51a7495a0 0000000000000000
0x00007fc51a749528:   000000386ae61ae8 00007fc54460de48
0x00007fc51a749538:   00007fc51a749560 0000000000000000
0x00007fc51a749548:   000000386ae599a3 00007fc51a7495d0
0x00007fc51a749558:   00007fc51ab1812f 00007fc51a7495b0
0x00007fc51a749568:   00007fc531a6b236 0000000000000000
0x00007fc51a749578:   00007fc5313d3e36 00007fc51a7495d0
0x00007fc51a749588:   00007fc53111a16c 00007fc51a749630
0x00007fc51a749598:   0000000084f5f878 0000000084e01a18
0x00007fc51a7495a8:   0000000000000011 00007fc51a749630
0x00007fc51a7495b8:   00007fc531007420 00007fc51a749630
0x00007fc51a7495c8:   00007fc531007420 0000000000000000
0x00007fc51a7495d8:   00007fc531007760 00007fc4f0000e30
0x00007fc51a7495e8:   0000000084f5c8c8 00007fc51a7495f0
0x00007fc51a7495f8:   00007fc544706dd4 00007fc51a749678
0x00007fc51a749608:   00007fc544710550 0000000000000000
0x00007fc51a749618:   00007fc544706f10 00007fc51a7495d0
0x00007fc51a749628:   00007fc51a749670 00007fc51a7496c0
0x00007fc51a749638:   00007fc531007c4d 0000000000000000
0x00007fc51a749648:   0000000084e49070 0000000000000000
0x00007fc51a749658:   0000000000000000 0000000000000000
0x00007fc51a749668:   0000000084f5c8c8 0000000000000000
0x00007fc51a749678:   0000000084f5c870 00007fc51a749680
0x00007fc51a749688:   00007fc544706c15 00007fc51a7496d0
0x00007fc51a749698:   00007fc544710550 0000000000000000
0x00007fc51a7496a8:   00007fc544706c20 00007fc51a749670
0x00007fc51a7496b8:   00007fc51a7496d0 00007fc51a749718
0x00007fc51a7496c8:   00007fc531007c92 0000000084f5c870
0x00007fc51a7496d8:   00007fc51a7496d8 00007fc54419e9cb
0x00007fc51a7496e8:   00007fc51a749728 00007fc544225480 

Instructions: (pc=0x00007fc5310696ba)
0x00007fc53106969a:   00 00 00 00 00 00 44 8b 15 c1 8e 87 16 4c 8b ce
0x00007fc5310696aa:   41 f6 c2 01 0f 85 2e 00 00 00 4d 33 ca 4d 33 ca
0x00007fc5310696ba:   4d 8b 09 4c 8b da 49 c1 eb 02 4b 8b 04 19 49 bb
0x00007fc5310696ca:   68 25 8e 47 c5 7f 00 00 4c 33 d8 4c 33 d8 45 3b 

Register to memory mapping:

RAX=0x00007fc5478a7fe0: <offset 0xf74fe0> in /usr/lib/jvm/java-8-oracle/jre/lib/amd64/server/libjvm.so at 0x00007fc546933000
RBX=0x00007fc5403589f8 is an unknown value
RCX=0x0000003867419320: <offset 0x219320> in /lib/x86_64-linux-gnu/libpthread.so.0 at 0x0000003867200000
RDX=0x0000000000000042 is an unknown value
RSP=0x00007fc51a7494f8 is pointing into the stack for thread: 0x00007fc540358800
RBP=0x00007fc51a749520 is pointing into the stack for thread: 0x00007fc540358800
RSI=0x0000000000000000 is an unknown value
RDI=0x00007fc5403589f8 is an unknown value
R8 =0x0000000084f5ff28 is an oop
java.util.logging.Logger 
 - klass: 'java/util/logging/Logger'
R9 =0x0000000000000000 is an unknown value
R10=0x0000000000000066 is an unknown value
R11=0x00007fc531a6b198 is at entry_point+24 in (nmethod*)0x00007fc531a6b010
R12=0x00007fc4e800c590 is an unknown value
R13=0x0000000000000000 is an unknown value
R14=0x00007fc51ad407e0: <offset 0x2587e0> in /usr/lib/jvm/java-8-oracle/jre/lib/amd64/libawt_xawt.so at 0x00007fc51aae8000
R15=0x00007fc540358800 is a thread


Stack: [0x00007fc51a64a000,0x00007fc51a74b000],  sp=0x00007fc51a7494f8,  free space=1021k
Native frames: (J=compiled Java code, j=interpreted, Vv=VM code, C=native code)
v  ~BufferBlob::jni_fast_GetLongField
C  [libX11.so.6+0x61ae8]  _XimServerDestroy+0x58

Java frames: (J=compiled Java code, j=interpreted, Vv=VM code)
J 3195  sun.awt.X11.XlibWrapper.XFilterEvent(JJ)Z (0 bytes) @ 0x00007fc531a6b1c4 [0x00007fc531a6b180+0x44]
j  sun.awt.X11.XToolkit.run(Z)V+300
j  sun.awt.X11.XToolkit.run()V+5
j  java.lang.Thread.run()V+11
v  ~StubRoutines::call_stub

---------------  P R O C E S S  ---------------

Java Threads: ( => current thread )
  0x00007fc4d83fb000 JavaThread "pool-4-thread-1" [_thread_blocked, id=7756, stack(0x00007fc4b2ffa000,0x00007fc4b30fb000)]
  0x00007fc5405e4000 JavaThread "aluno" [_thread_blocked, id=7754, stack(0x00007fc4b3afb000,0x00007fc4b3bfc000)]
  0x00007fc540567000 JavaThread "Thread-25" [_thread_in_native, id=7753, stack(0x00007fc4b3bfc000,0x00007fc4b3cfd000)]
  0x00007fc54054f800 JavaThread "server-timer" daemon [_thread_blocked, id=7752, stack(0x00007fc4b3cfd000,0x00007fc4b3dfe000)]
  0x00007fc54053f000 JavaThread "TimerQueue" daemon [_thread_blocked, id=7751, stack(0x00007fc4b3dfe000,0x00007fc4b3eff000)]
  0x00007fc540539000 JavaThread "Thread-23" [_thread_in_native, id=7750, stack(0x00007fc4b3eff000,0x00007fc4b4000000)]
  0x00007fc540536000 JavaThread "server-timer" daemon [_thread_blocked, id=7749, stack(0x00007fc518089000,0x00007fc51818a000)]
  0x00007fc54051f000 JavaThread "Thread-21" [_thread_blocked, id=7748, stack(0x00007fc51838a000,0x00007fc51848b000)]
  0x00007fc540508000 JavaThread "Thread-20" [_thread_blocked, id=7747, stack(0x00007fc51848b000,0x00007fc51858c000)]
  0x00007fc540506000 JavaThread "Thread-19" [_thread_blocked, id=7746, stack(0x00007fc51858c000,0x00007fc51868d000)]
  0x00007fc540504000 JavaThread "Thread-18" [_thread_blocked, id=7745, stack(0x00007fc51868d000,0x00007fc51878e000)]
  0x00007fc540502000 JavaThread "Thread-17" [_thread_blocked, id=7744, stack(0x00007fc51878e000,0x00007fc51888f000)]
  0x00007fc540500000 JavaThread "Thread-16" [_thread_blocked, id=7743, stack(0x00007fc51888f000,0x00007fc518990000)]
  0x00007fc5404fe000 JavaThread "Thread-15" [_thread_blocked, id=7742, stack(0x00007fc518990000,0x00007fc518a91000)]
  0x00007fc5404fc800 JavaThread "Thread-14" [_thread_blocked, id=7741, stack(0x00007fc518a91000,0x00007fc518b92000)]
  0x00007fc5404fa800 JavaThread "Thread-13" [_thread_blocked, id=7740, stack(0x00007fc518b92000,0x00007fc518c93000)]
  0x00007fc5404f9000 JavaThread "Thread-12" [_thread_blocked, id=7739, stack(0x00007fc518c93000,0x00007fc518d94000)]
  0x00007fc5404f7000 JavaThread "Thread-11" [_thread_blocked, id=7738, stack(0x00007fc518d94000,0x00007fc518e95000)]
  0x00007fc5404f5800 JavaThread "Thread-10" [_thread_blocked, id=7737, stack(0x00007fc518e95000,0x00007fc518f96000)]
  0x00007fc5404f3800 JavaThread "Thread-9" [_thread_blocked, id=7736, stack(0x00007fc518f96000,0x00007fc519097000)]
  0x00007fc5404f2000 JavaThread "Thread-8" [_thread_blocked, id=7735, stack(0x00007fc519097000,0x00007fc519198000)]
  0x00007fc5404f0000 JavaThread "Thread-7" [_thread_blocked, id=7734, stack(0x00007fc519198000,0x00007fc519299000)]
  0x00007fc5404ee800 JavaThread "Thread-6" [_thread_blocked, id=7733, stack(0x00007fc519299000,0x00007fc51939a000)]
  0x00007fc5404ed000 JavaThread "Thread-5" [_thread_blocked, id=7732, stack(0x00007fc51939a000,0x00007fc51949b000)]
  0x00007fc5404e4000 JavaThread "Thread-4" [_thread_blocked, id=7731, stack(0x00007fc51949b000,0x00007fc51959c000)]
  0x00007fc5404e2000 JavaThread "Thread-3" [_thread_blocked, id=7730, stack(0x00007fc51959c000,0x00007fc51969d000)]
  0x00007fc5404e0800 JavaThread "Thread-2" [_thread_blocked, id=7729, stack(0x00007fc51969d000,0x00007fc51979e000)]
  0x00007fc5404de800 JavaThread "Thread-1" [_thread_blocked, id=7728, stack(0x00007fc51979e000,0x00007fc51989f000)]
  0x00007fc5403a5800 JavaThread "AWT-EventQueue-0" [_thread_blocked, id=7726, stack(0x00007fc51a448000,0x00007fc51a549000)]
  0x00007fc5403a4000 JavaThread "AWT-Shutdown" [_thread_blocked, id=7725, stack(0x00007fc51a549000,0x00007fc51a64a000)]
=>0x00007fc540358800 JavaThread "AWT-XAWT" daemon [_thread_in_native, id=7724, stack(0x00007fc51a64a000,0x00007fc51a74b000)]
  0x00007fc540338000 JavaThread "Java2D Disposer" daemon [_thread_blocked, id=7723, stack(0x00007fc51a74b000,0x00007fc51a84c000)]
  0x00007fc5400c8000 JavaThread "Service Thread" daemon [_thread_blocked, id=7721, stack(0x00007fc51b114000,0x00007fc51b215000)]
  0x00007fc5400bb000 JavaThread "C1 CompilerThread2" daemon [_thread_blocked, id=7720, stack(0x00007fc51b215000,0x00007fc51b316000)]
  0x00007fc5400b9000 JavaThread "C2 CompilerThread1" daemon [_thread_blocked, id=7719, stack(0x00007fc51b316000,0x00007fc51b417000)]
  0x00007fc5400b6000 JavaThread "C2 CompilerThread0" daemon [_thread_blocked, id=7718, stack(0x00007fc51b417000,0x00007fc51b518000)]
  0x00007fc5400b5000 JavaThread "Signal Dispatcher" daemon [_thread_blocked, id=7717, stack(0x00007fc51b518000,0x00007fc51b619000)]
  0x00007fc54007f000 JavaThread "Finalizer" daemon [_thread_blocked, id=7716, stack(0x00007fc51bcfd000,0x00007fc51bdfe000)]
  0x00007fc54007d000 JavaThread "Reference Handler" daemon [_thread_blocked, id=7715, stack(0x00007fc51bdfe000,0x00007fc51beff000)]
  0x00007fc54000a000 JavaThread "main" [_thread_blocked, id=7705, stack(0x00007fc546832000,0x00007fc546933000)]

Other Threads:
  0x00007fc540078000 VMThread [stack: 0x00007fc51beff000,0x00007fc51c000000] [id=7714]
  0x00007fc5400cb000 WatcherThread [stack: 0x00007fc51b013000,0x00007fc51b114000] [id=7722]

VM state:not at safepoint (normal execution)

VM Mutex/Monitor currently owned by a thread: None

Heap:
 PSYoungGen      total 48128K, used 42661K [0x00000000d6f80000, 0x00000000da400000, 0x0000000100000000)
  eden space 43008K, 87% used [0x00000000d6f80000,0x00000000d942d890,0x00000000d9980000)
  from space 5120K, 99% used [0x00000000d9e80000,0x00000000da37bc20,0x00000000da380000)
  to   space 5120K, 0% used [0x00000000d9980000,0x00000000d9980000,0x00000000d9e80000)
 ParOldGen       total 57344K, used 7594K [0x0000000084e00000, 0x0000000088600000, 0x00000000d6f80000)
  object space 57344K, 13% used [0x0000000084e00000,0x000000008556a8a8,0x0000000088600000)
 Metaspace       used 34870K, capacity 35216K, committed 35456K, reserved 1079296K
  class space    used 4597K, capacity 4683K, committed 4736K, reserved 1048576K

Card table byte_map: [0x00007fc545406000,0x00007fc5457e0000] byte_map_base: 0x00007fc544fdf000

Marking Bits: (ParMarkBitMap*) 0x00007fc5478e2020
 Begin Bits: [0x00007fc528270000, 0x00007fc52a138000)
 End Bits:   [0x00007fc52a138000, 0x00007fc52c000000)

Polling page: 0x00007fc54792a000

CodeCache: size=245760Kb used=11182Kb max_used=11184Kb free=234577Kb
 bounds [0x00007fc531000000, 0x00007fc531b00000, 0x00007fc540000000]
 total_blobs=4034 nmethods=3351 adapters=596
 compilation: enabled

Compilation events (10 events):
Event: 675,333 Thread 0x00007fc5400bb000 nmethod 3348 0x00007fc531aee2d0 code [0x00007fc531aee440, 0x00007fc531aee5c8]
Event: 675,340 Thread 0x00007fc5400b6000 nmethod 3347 0x00007fc531aefc10 code [0x00007fc531aefdc0, 0x00007fc531af0020]
Event: 693,236 Thread 0x00007fc5400bb000 3349  s    3       java.util.Vector::iterator (10 bytes)
Event: 693,236 Thread 0x00007fc5400bb000 nmethod 3349 0x00007fc531af3c10 code [0x00007fc531af3da0, 0x00007fc531af4210]
Event: 693,236 Thread 0x00007fc5400bb000 3350       3       java.util.Vector$Itr::<init> (6 bytes)
Event: 693,236 Thread 0x00007fc5400bb000 nmethod 3350 0x00007fc531af3750 code [0x00007fc531af38c0, 0x00007fc531af3af0]
Event: 694,590 Thread 0x00007fc5400bb000 3351  s    3       java.util.Vector::toArray (12 bytes)
Event: 694,590 Thread 0x00007fc5400bb000 nmethod 3351 0x00007fc531af3090 code [0x00007fc531af3200, 0x00007fc531af3608]
Event: 718,857 Thread 0x00007fc5400bb000 3352       3       sun.awt.XSettings$Update::needBytes (65 bytes)
Event: 718,857 Thread 0x00007fc5400bb000 nmethod 3352 0x00007fc531af1c90 code [0x00007fc531af1ec0, 0x00007fc531af2b58]

GC Heap History (10 events):
Event: 0,772 GC heap before
{Heap before GC invocations=1 (full 0):
 PSYoungGen      total 36864K, used 31717K [0x00000000d6f80000, 0x00000000d9880000, 0x0000000100000000)
  eden space 31744K, 99% used [0x00000000d6f80000,0x00000000d8e79520,0x00000000d8e80000)
  from space 5120K, 0% used [0x00000000d9380000,0x00000000d9380000,0x00000000d9880000)
  to   space 5120K, 0% used [0x00000000d8e80000,0x00000000d8e80000,0x00000000d9380000)
 ParOldGen       total 84992K, used 0K [0x0000000084e00000, 0x000000008a100000, 0x00000000d6f80000)
  object space 84992K, 0% used [0x0000000084e00000,0x0000000084e00000,0x000000008a100000)
 Metaspace       used 15235K, capacity 15408K, committed 15488K, reserved 1062912K
  class space    used 1803K, capacity 1893K, committed 1920K, reserved 1048576K
Event: 0,779 GC heap after
Heap after GC invocations=1 (full 0):
 PSYoungGen      total 36864K, used 4498K [0x00000000d6f80000, 0x00000000d9880000, 0x0000000100000000)
  eden space 31744K, 0% used [0x00000000d6f80000,0x00000000d6f80000,0x00000000d8e80000)
  from space 5120K, 87% used [0x00000000d8e80000,0x00000000d92e4828,0x00000000d9380000)
  to   space 5120K, 0% used [0x00000000d9380000,0x00000000d9380000,0x00000000d9880000)
 ParOldGen       total 84992K, used 16K [0x0000000084e00000, 0x000000008a100000, 0x00000000d6f80000)
  object space 84992K, 0% used [0x0000000084e00000,0x0000000084e04000,0x000000008a100000)
 Metaspace       used 15235K, capacity 15408K, committed 15488K, reserved 1062912K
  class space    used 1803K, capacity 1893K, committed 1920K, reserved 1048576K
}
Event: 1,140 GC heap before
{Heap before GC invocations=2 (full 0):
 PSYoungGen      total 36864K, used 28953K [0x00000000d6f80000, 0x00000000d9880000, 0x0000000100000000)
  eden space 31744K, 77% used [0x00000000d6f80000,0x00000000d8761f18,0x00000000d8e80000)
  from space 5120K, 87% used [0x00000000d8e80000,0x00000000d92e4828,0x00000000d9380000)
  to   space 5120K, 0% used [0x00000000d9380000,0x00000000d9380000,0x00000000d9880000)
 ParOldGen       total 84992K, used 16K [0x0000000084e00000, 0x000000008a100000, 0x00000000d6f80000)
  object space 84992K, 0% used [0x0000000084e00000,0x0000000084e04000,0x000000008a100000)
 Metaspace       used 20930K, capacity 21132K, committed 21296K, reserved 1069056K
  class space    used 2567K, capacity 2641K, committed 2688K, reserved 1048576K
Event: 1,147 GC heap after
Heap after GC invocations=2 (full 0):
 PSYoungGen      total 36864K, used 5097K [0x00000000d6f80000, 0x00000000db780000, 0x0000000100000000)
  eden space 31744K, 0% used [0x00000000d6f80000,0x00000000d6f80000,0x00000000d8e80000)
  from space 5120K, 99% used [0x00000000d9380000,0x00000000d987a598,0x00000000d9880000)
  to   space 5120K, 0% used [0x00000000d8e80000,0x00000000d8e80000,0x00000000d9380000)
 ParOldGen       total 84992K, used 265K [0x0000000084e00000, 0x000000008a100000, 0x00000000d6f80000)
  object space 84992K, 0% used [0x0000000084e00000,0x0000000084e42610,0x000000008a100000)
 Metaspace       used 20930K, capacity 21132K, committed 21296K, reserved 1069056K
  class space    used 2567K, capacity 2641K, committed 2688K, reserved 1048576K
}
Event: 1,147 GC heap before
{Heap before GC invocations=3 (full 1):
 PSYoungGen      total 36864K, used 5097K [0x00000000d6f80000, 0x00000000db780000, 0x0000000100000000)
  eden space 31744K, 0% used [0x00000000d6f80000,0x00000000d6f80000,0x00000000d8e80000)
  from space 5120K, 99% used [0x00000000d9380000,0x00000000d987a598,0x00000000d9880000)
  to   space 5120K, 0% used [0x00000000d8e80000,0x00000000d8e80000,0x00000000d9380000)
 ParOldGen       total 84992K, used 265K [0x0000000084e00000, 0x000000008a100000, 0x00000000d6f80000)
  object space 84992K, 0% used [0x0000000084e00000,0x0000000084e42610,0x000000008a100000)
 Metaspace       used 20930K, capacity 21132K, committed 21296K, reserved 1069056K
  class space    used 2567K, capacity 2641K, committed 2688K, reserved 1048576K
Event: 1,171 GC heap after
Heap after GC invocations=3 (full 1):
 PSYoungGen      total 36864K, used 0K [0x00000000d6f80000, 0x00000000db780000, 0x0000000100000000)
  eden space 31744K, 0% used [0x00000000d6f80000,0x00000000d6f80000,0x00000000d8e80000)
  from space 5120K, 0% used [0x00000000d9380000,0x00000000d9380000,0x00000000d9880000)
  to   space 5120K, 0% used [0x00000000d8e80000,0x00000000d8e80000,0x00000000d9380000)
 ParOldGen       total 57344K, used 5126K [0x0000000084e00000, 0x0000000088600000, 0x00000000d6f80000)
  object space 57344K, 8% used [0x0000000084e00000,0x0000000085301960,0x0000000088600000)
 Metaspace       used 20930K, capacity 21132K, committed 21296K, reserved 1069056K
  class space    used 2567K, capacity 2641K, committed 2688K, reserved 1048576K
}
Event: 1,718 GC heap before
{Heap before GC invocations=4 (full 1):
 PSYoungGen      total 36864K, used 31744K [0x00000000d6f80000, 0x00000000db780000, 0x0000000100000000)
  eden space 31744K, 100% used [0x00000000d6f80000,0x00000000d8e80000,0x00000000d8e80000)
  from space 5120K, 0% used [0x00000000d9380000,0x00000000d9380000,0x00000000d9880000)
  to   space 5120K, 0% used [0x00000000d8e80000,0x00000000d8e80000,0x00000000d9380000)
 ParOldGen       total 57344K, used 5126K [0x0000000084e00000, 0x0000000088600000, 0x00000000d6f80000)
  object space 57344K, 8% used [0x0000000084e00000,0x0000000085301960,0x0000000088600000)
 Metaspace       used 24328K, capacity 24718K, committed 25088K, reserved 1071104K
  class space    used 3143K, capacity 3238K, committed 3328K, reserved 1048576K
Event: 1,723 GC heap after
Heap after GC invocations=4 (full 1):
 PSYoungGen      total 36864K, used 3781K [0x00000000d6f80000, 0x00000000da380000, 0x0000000100000000)
  eden space 31744K, 0% used [0x00000000d6f80000,0x00000000d6f80000,0x00000000d8e80000)
  from space 5120K, 73% used [0x00000000d8e80000,0x00000000d92316e8,0x00000000d9380000)
  to   space 5120K, 0% used [0x00000000d9e80000,0x00000000d9e80000,0x00000000da380000)
 ParOldGen       total 57344K, used 5134K [0x0000000084e00000, 0x0000000088600000, 0x00000000d6f80000)
  object space 57344K, 8% used [0x0000000084e00000,0x0000000085303960,0x0000000088600000)
 Metaspace       used 24328K, capacity 24718K, committed 25088K, reserved 1071104K
  class space    used 3143K, capacity 3238K, committed 3328K, reserved 1048576K
}
Event: 2,311 GC heap before
{Heap before GC invocations=5 (full 1):
 PSYoungGen      total 36864K, used 35525K [0x00000000d6f80000, 0x00000000da380000, 0x0000000100000000)
  eden space 31744K, 100% used [0x00000000d6f80000,0x00000000d8e80000,0x00000000d8e80000)
  from space 5120K, 73% used [0x00000000d8e80000,0x00000000d92316e8,0x00000000d9380000)
  to   space 5120K, 0% used [0x00000000d9e80000,0x00000000d9e80000,0x00000000da380000)
 ParOldGen       total 57344K, used 5134K [0x0000000084e00000, 0x0000000088600000, 0x00000000d6f80000)
  object space 57344K, 8% used [0x0000000084e00000,0x0000000085303960,0x0000000088600000)
 Metaspace       used 28981K, capacity 29282K, committed 29440K, reserved 1075200K
  class space    used 3912K, capacity 4008K, committed 4096K, reserved 1048576K
Event: 2,319 GC heap after
Heap after GC invocations=5 (full 1):
 PSYoungGen      total 48128K, used 5103K [0x00000000d6f80000, 0x00000000da400000, 0x0000000100000000)
  eden space 43008K, 0% used [0x00000000d6f80000,0x00000000d6f80000,0x00000000d9980000)
  from space 5120K, 99% used [0x00000000d9e80000,0x00000000da37bc20,0x00000000da380000)
  to   space 5120K, 0% used [0x00000000d9980000,0x00000000d9980000,0x00000000d9e80000)
 ParOldGen       total 57344K, used 7594K [0x0000000084e00000, 0x0000000088600000, 0x00000000d6f80000)
  object space 57344K, 13% used [0x0000000084e00000,0x000000008556a8a8,0x0000000088600000)
 Metaspace       used 28981K, capacity 29282K, committed 29440K, reserved 1075200K
  class space    used 3912K, capacity 4008K, committed 4096K, reserved 1048576K
}

Deoptimization events (10 events):
Event: 2,727 Thread 0x00007fc5404e2000 Uncommon trap: reason=unstable_if action=reinterpret pc=0x00007fc531224e90 method=java.lang.String.indexOf([CII[CIII)I @ 27
Event: 2,753 Thread 0x00007fc5404e2000 Uncommon trap: reason=unstable_if action=reinterpret pc=0x00007fc5318a73ac method=sun.font.FileFontStrike.getCachedGlyphPtr(I)J @ 99
Event: 2,776 Thread 0x00007fc5403a5800 Uncommon trap: reason=unstable_if action=reinterpret pc=0x00007fc53170d078 method=java.lang.StrictMath.floorOrCeil(DDDD)D @ 115
Event: 2,776 Thread 0x00007fc5403a5800 Uncommon trap: reason=unstable_if action=reinterpret pc=0x00007fc531864edc method=java.lang.StrictMath.floorOrCeil(DDDD)D @ 8
Event: 9,190 Thread 0x00007fc5403a5800 Uncommon trap: reason=unstable_if action=reinterpret pc=0x00007fc5313bc820 method=java.lang.CharacterDataLatin1.isWhitespace(I)Z @ 14
Event: 11,305 Thread 0x00007fc5403a5800 Uncommon trap: reason=class_check action=maybe_recompile pc=0x00007fc5311899f0 method=java.lang.String.equals(Ljava/lang/Object;)Z @ 8
Event: 11,306 Thread 0x00007fc5403a5800 Uncommon trap: reason=class_check action=maybe_recompile pc=0x00007fc5311899f0 method=java.lang.String.equals(Ljava/lang/Object;)Z @ 8
Event: 11,446 Thread 0x00007fc5403a5800 Uncommon trap: reason=class_check action=maybe_recompile pc=0x00007fc5311899f0 method=java.lang.String.equals(Ljava/lang/Object;)Z @ 8
Event: 11,446 Thread 0x00007fc5403a5800 Uncommon trap: reason=class_check action=maybe_recompile pc=0x00007fc5311899f0 method=java.lang.String.equals(Ljava/lang/Object;)Z @ 8
Event: 33,293 Thread 0x00007fc5403a5800 Uncommon trap: reason=unstable_if action=reinterpret pc=0x00007fc531927f04 method=java.awt.Component.inside(II)Z @ 21

Internal exceptions (10 events):
Event: 1,048 Thread 0x00007fc5404e2000 Exception <a 'java/lang/ArrayIndexOutOfBoundsException': 18> (0x00000000d845d548) thrown at [/HUDSON/workspace/8-2-build-linux-amd64/jdk8u66/4988/hotspot/src/share/vm/interpreter/interpreterRuntime.cpp, line 366]
Event: 1,048 Thread 0x00007fc5404e2000 Exception <a 'java/lang/ArrayIndexOutOfBoundsException': 67> (0x00000000d845e820) thrown at [/HUDSON/workspace/8-2-build-linux-amd64/jdk8u66/4988/hotspot/src/share/vm/interpreter/interpreterRuntime.cpp, line 366]
Event: 1,049 Thread 0x00007fc5404e2000 Exception <a 'java/lang/ArrayIndexOutOfBoundsException': 65> (0x00000000d845ff30) thrown at [/HUDSON/workspace/8-2-build-linux-amd64/jdk8u66/4988/hotspot/src/share/vm/interpreter/interpreterRuntime.cpp, line 366]
Event: 1,381 Thread 0x00007fc5404e2000 Exception <a 'java/lang/ClassNotFoundException': com/sun/org/glassfish/hk2/osgiresourcelocator/ServiceLoader> (0x00000000d7877330) thrown at [/HUDSON/workspace/8-2-build-linux-amd64/jdk8u66/4988/hotspot/src/share/vm/classfile/systemDictionary.cpp, line 21
Event: 1,968 Thread 0x00007fc5404e2000 Exception <a 'java/lang/NullPointerException'> (0x00000000d80a3208) thrown at [/HUDSON/workspace/8-2-build-linux-amd64/jdk8u66/4988/hotspot/src/share/vm/runtime/reflection.cpp, line 922]
Event: 2,209 Thread 0x00007fc5404e2000 Exception <a 'java/lang/AbstractMethodError': org.postgresql.jdbc4.Jdbc4Connection.getSchema()Ljava/lang/String;> (0x00000000d8582550) thrown at [/HUDSON/workspace/8-2-build-linux-amd64/jdk8u66/4988/hotspot/src/share/vm/interpreter/linkResolver.cpp, line 
Event: 2,209 Thread 0x00007fc5404e2000 Exception <a 'java/lang/reflect/InvocationTargetException'> (0x00000000d8582940) thrown at [/HUDSON/workspace/8-2-build-linux-amd64/jdk8u66/4988/hotspot/src/share/vm/runtime/reflection.cpp, line 954]
Event: 2,220 Thread 0x00007fc5404e2000 Implicit null exception at 0x00007fc53182e2b9 to 0x00007fc53182e6e9
Event: 2,229 Thread 0x00007fc5404e2000 Exception <a 'java/lang/reflect/InvocationTargetException'> (0x00000000d87edbc8) thrown at [/HUDSON/workspace/8-2-build-linux-amd64/jdk8u66/4988/hotspot/src/share/vm/runtime/reflection.cpp, line 1092]
Event: 2,753 Thread 0x00007fc5404e2000 Implicit null exception at 0x00007fc5318a7235 to 0x00007fc5318a7395

Events (10 events):
Event: 675,329 loading class sun/awt/SunToolkit$1
Event: 675,330 loading class sun/awt/SunToolkit$1 done
Event: 675,331 loading class sun/awt/X11/XUnmapEvent
Event: 675,331 loading class sun/awt/X11/XUnmapEvent done
Event: 714,453 loading class sun/awt/X11/XDestroyWindowEvent
Event: 714,453 loading class sun/awt/X11/XDestroyWindowEvent done
Event: 717,413 loading class sun/awt/X11/XMSelection$2
Event: 717,413 loading class sun/awt/X11/XMSelection$2 done
Event: 717,683 loading class sun/awt/X11/XAWTXSettings$1
Event: 718,266 loading class sun/awt/X11/XAWTXSettings$1 done


Dynamic libraries:
00400000-00401000 r-xp 00000000 08:06 10491320                           /usr/lib/jvm/java-8-oracle/jre/bin/java
00600000-00602000 rw-p 00000000 08:06 10491320                           /usr/lib/jvm/java-8-oracle/jre/bin/java
015da000-015fb000 rw-p 00000000 00:00 0                                  [heap]
84e00000-88600000 rw-p 00000000 00:00 0 
88600000-d6f80000 ---p 00000000 00:00 0 
d6f80000-da400000 rw-p 00000000 00:00 0 
da400000-100000000 ---p 00000000 00:00 0 
100000000-1004a0000 rw-p 00000000 00:00 0 
1004a0000-140000000 ---p 00000000 00:00 0 
332aa00000-332aa07000 r-xp 00000000 08:06 2886270                        /lib/x86_64-linux-gnu/librt-2.19.so
332aa07000-332ac06000 ---p 00007000 08:06 2886270                        /lib/x86_64-linux-gnu/librt-2.19.so
332ac06000-332ac07000 r--p 00006000 08:06 2886270                        /lib/x86_64-linux-gnu/librt-2.19.so
332ac07000-332ac08000 rw-p 00007000 08:06 2886270                        /lib/x86_64-linux-gnu/librt-2.19.so
3866600000-3866623000 r-xp 00000000 08:06 2895307                        /lib/x86_64-linux-gnu/ld-2.19.so
3866822000-3866823000 r--p 00022000 08:06 2895307                        /lib/x86_64-linux-gnu/ld-2.19.so
3866823000-3866824000 rw-p 00023000 08:06 2895307                        /lib/x86_64-linux-gnu/ld-2.19.so
3866824000-3866825000 rw-p 00000000 00:00 0 
3866a00000-3866bbb000 r-xp 00000000 08:06 2895308                        /lib/x86_64-linux-gnu/libc-2.19.so
3866bbb000-3866dba000 ---p 001bb000 08:06 2895308                        /lib/x86_64-linux-gnu/libc-2.19.so
3866dba000-3866dbe000 r--p 001ba000 08:06 2895308                        /lib/x86_64-linux-gnu/libc-2.19.so
3866dbe000-3866dc0000 rw-p 001be000 08:06 2895308                        /lib/x86_64-linux-gnu/libc-2.19.so
3866dc0000-3866dc5000 rw-p 00000000 00:00 0 
3866e00000-3866e03000 r-xp 00000000 08:06 2895312                        /lib/x86_64-linux-gnu/libdl-2.19.so
3866e03000-3867002000 ---p 00003000 08:06 2895312                        /lib/x86_64-linux-gnu/libdl-2.19.so
3867002000-3867003000 r--p 00002000 08:06 2895312                        /lib/x86_64-linux-gnu/libdl-2.19.so
3867003000-3867004000 rw-p 00003000 08:06 2895312                        /lib/x86_64-linux-gnu/libdl-2.19.so
3867200000-3867219000 r-xp 00000000 08:06 2895310                        /lib/x86_64-linux-gnu/libpthread-2.19.so
3867219000-3867418000 ---p 00019000 08:06 2895310                        /lib/x86_64-linux-gnu/libpthread-2.19.so
3867418000-3867419000 r--p 00018000 08:06 2895310                        /lib/x86_64-linux-gnu/libpthread-2.19.so
3867419000-386741a000 rw-p 00019000 08:06 2895310                        /lib/x86_64-linux-gnu/libpthread-2.19.so
386741a000-386741e000 rw-p 00000000 00:00 0 
3867600000-3867615000 r-xp 00000000 08:06 10882731                       /usr/lib/jvm/java-8-oracle/jre/lib/amd64/jli/libjli.so
3867615000-3867815000 ---p 00015000 08:06 10882731                       /usr/lib/jvm/java-8-oracle/jre/lib/amd64/jli/libjli.so
3867815000-3867816000 rw-p 00015000 08:06 10882731                       /usr/lib/jvm/java-8-oracle/jre/lib/amd64/jli/libjli.so
3867e00000-3867f05000 r-xp 00000000 08:06 2895316                        /lib/x86_64-linux-gnu/libm-2.19.so
3867f05000-3868104000 ---p 00105000 08:06 2895316                        /lib/x86_64-linux-gnu/libm-2.19.so
3868104000-3868105000 r--p 00104000 08:06 2895316                        /lib/x86_64-linux-gnu/libm-2.19.so
3868105000-3868106000 rw-p 00105000 08:06 2895316                        /lib/x86_64-linux-gnu/libm-2.19.so
386a200000-386a21d000 r-xp 00000000 08:06 10229868                       /usr/lib/x86_64-linux-gnu/libxcb.so.1.1.0
386a21d000-386a41d000 ---p 0001d000 08:06 10229868                       /usr/lib/x86_64-linux-gnu/libxcb.so.1.1.0
386a41d000-386a41e000 r--p 0001d000 08:06 10229868                       /usr/lib/x86_64-linux-gnu/libxcb.so.1.1.0
386a41e000-386a41f000 rw-p 0001e000 08:06 10229868                       /usr/lib/x86_64-linux-gnu/libxcb.so.1.1.0
386a600000-386a605000 r-xp 00000000 08:06 10229867                       /usr/lib/x86_64-linux-gnu/libXdmcp.so.6.0.0
386a605000-386a804000 ---p 00005000 08:06 10229867                       /usr/lib/x86_64-linux-gnu/libXdmcp.so.6.0.0
386a804000-386a805000 r--p 00004000 08:06 10229867                       /usr/lib/x86_64-linux-gnu/libXdmcp.so.6.0.0
386a805000-386a806000 rw-p 00005000 08:06 10229867                       /usr/lib/x86_64-linux-gnu/libXdmcp.so.6.0.0
386aa00000-386aa02000 r-xp 00000000 08:06 10229866                       /usr/lib/x86_64-linux-gnu/libXau.so.6.0.0
386aa02000-386ac02000 ---p 00002000 08:06 10229866                       /usr/lib/x86_64-linux-gnu/libXau.so.6.0.0
386ac02000-386ac03000 r--p 00002000 08:06 10229866                       /usr/lib/x86_64-linux-gnu/libXau.so.6.0.0
386ac03000-386ac04000 rw-p 00003000 08:06 10229866                       /usr/lib/x86_64-linux-gnu/libXau.so.6.0.0
386ae00000-386af30000 r-xp 00000000 08:06 10229871                       /usr/lib/x86_64-linux-gnu/libX11.so.6.3.0
386af30000-386b130000 ---p 00130000 08:06 10229871                       /usr/lib/x86_64-linux-gnu/libX11.so.6.3.0
386b130000-386b131000 r--p 00130000 08:06 10229871                       /usr/lib/x86_64-linux-gnu/libX11.so.6.3.0
386b131000-386b135000 rw-p 00131000 08:06 10229871                       /usr/lib/x86_64-linux-gnu/libX11.so.6.3.0
386b200000-386b211000 r-xp 00000000 08:06 10229873                       /usr/lib/x86_64-linux-gnu/libXext.so.6.4.0
386b211000-386b410000 ---p 00011000 08:06 10229873                       /usr/lib/x86_64-linux-gnu/libXext.so.6.4.0
386b410000-386b411000 r--p 00010000 08:06 10229873                       /usr/lib/x86_64-linux-gnu/libXext.so.6.4.0
386b411000-386b412000 rw-p 00011000 08:06 10229873                       /usr/lib/x86_64-linux-gnu/libXext.so.6.4.0
386c200000-386c209000 r-xp 00000000 08:06 10229872                       /usr/lib/x86_64-linux-gnu/libXrender.so.1.3.0
386c209000-386c408000 ---p 00009000 08:06 10229872                       /usr/lib/x86_64-linux-gnu/libXrender.so.1.3.0
386c408000-386c409000 r--p 00008000 08:06 10229872                       /usr/lib/x86_64-linux-gnu/libXrender.so.1.3.0
386c409000-386c40a000 rw-p 00009000 08:06 10229872                       /usr/lib/x86_64-linux-gnu/libXrender.so.1.3.0
386ea00000-386ea0f000 r-xp 00000000 08:06 10229882                       /usr/lib/x86_64-linux-gnu/libXi.so.6.1.0
386ea0f000-386ec0e000 ---p 0000f000 08:06 10229882                       /usr/lib/x86_64-linux-gnu/libXi.so.6.1.0
386ec0e000-386ec0f000 r--p 0000e000 08:06 10229882                       /usr/lib/x86_64-linux-gnu/libXi.so.6.1.0
386ec0f000-386ec10000 rw-p 0000f000 08:06 10229882                       /usr/lib/x86_64-linux-gnu/libXi.so.6.1.0
386f200000-386f205000 r-xp 00000000 08:06 10229884                       /usr/lib/x86_64-linux-gnu/libXfixes.so.3.1.0
386f205000-386f404000 ---p 00005000 08:06 10229884                       /usr/lib/x86_64-linux-gnu/libXfixes.so.3.1.0
386f404000-386f405000 r--p 00004000 08:06 10229884                       /usr/lib/x86_64-linux-gnu/libXfixes.so.3.1.0
386f405000-386f406000 rw-p 00005000 08:06 10229884                       /usr/lib/x86_64-linux-gnu/libXfixes.so.3.1.0
3871a00000-3871a09000 r-xp 00000000 08:06 10229885                       /usr/lib/x86_64-linux-gnu/libXcursor.so.1.0.2
3871a09000-3871c08000 ---p 00009000 08:06 10229885                       /usr/lib/x86_64-linux-gnu/libXcursor.so.1.0.2
3871c08000-3871c09000 r--p 00008000 08:06 10229885                       /usr/lib/x86_64-linux-gnu/libXcursor.so.1.0.2
3871c09000-3871c0a000 rw-p 00009000 08:06 10229885                       /usr/lib/x86_64-linux-gnu/libXcursor.so.1.0.2
3874600000-3874616000 r-xp 00000000 08:06 2895329                        /lib/x86_64-linux-gnu/libgcc_s.so.1
3874616000-3874815000 ---p 00016000 08:06 2895329                        /lib/x86_64-linux-gnu/libgcc_s.so.1
3874815000-3874816000 rw-p 00015000 08:06 2895329                        /lib/x86_64-linux-gnu/libgcc_s.so.1
3878200000-3878217000 r-xp 00000000 08:06 2887914                        /lib/x86_64-linux-gnu/libnsl-2.19.so
3878217000-3878416000 ---p 00017000 08:06 2887914                        /lib/x86_64-linux-gnu/libnsl-2.19.so
3878416000-3878417000 r--p 00016000 08:06 2887914                        /lib/x86_64-linux-gnu/libnsl-2.19.so
3878417000-3878418000 rw-p 00017000 08:06 2887914                        /lib/x86_64-linux-gnu/libnsl-2.19.so
3878418000-387841a000 rw-p 00000000 00:00 0 
387ba00000-387ba05000 r-xp 00000000 08:06 10224218                       /usr/lib/x86_64-linux-gnu/libXtst.so.6.1.0
387ba05000-387bc04000 ---p 00005000 08:06 10224218                       /usr/lib/x86_64-linux-gnu/libXtst.so.6.1.0
387bc04000-387bc05000 r--p 00004000 08:06 10224218                       /usr/lib/x86_64-linux-gnu/libXtst.so.6.1.0
387bc05000-387bc06000 rw-p 00005000 08:06 10224218                       /usr/lib/x86_64-linux-gnu/libXtst.so.6.1.0
7fc4ac000000-7fc4ac021000 rw-p 00000000 00:00 0 
7fc4ac021000-7fc4b0000000 ---p 00000000 00:00 0 
7fc4b29fa000-7fc4b2bfa000 rw-p 00000000 00:00 0 
7fc4b2bfa000-7fc4b2dfa000 rw-p 00000000 00:00 0 
7fc4b2dfa000-7fc4b2ffa000 rw-p 00000000 00:00 0 
7fc4b2ffa000-7fc4b2ffd000 ---p 00000000 00:00 0 
7fc4b2ffd000-7fc4b32fb000 rw-p 00000000 00:00 0                          [stack:7756]
7fc4b32fb000-7fc4b34fb000 rw-p 00000000 00:00 0 
7fc4b34fb000-7fc4b36fb000 rw-p 00000000 00:00 0 
7fc4b36fb000-7fc4b38fb000 rw-p 00000000 00:00 0 
7fc4b38fb000-7fc4b3afb000 rw-p 00000000 00:00 0 
7fc4b3afb000-7fc4b3afe000 ---p 00000000 00:00 0 
7fc4b3afe000-7fc4b3bfc000 rw-p 00000000 00:00 0                          [stack:7754]
7fc4b3bfc000-7fc4b3bff000 ---p 00000000 00:00 0 
7fc4b3bff000-7fc4b3cfd000 rw-p 00000000 00:00 0                          [stack:7753]
7fc4b3cfd000-7fc4b3d00000 ---p 00000000 00:00 0 
7fc4b3d00000-7fc4b3dfe000 rw-p 00000000 00:00 0                          [stack:7752]
7fc4b3dfe000-7fc4b3e01000 ---p 00000000 00:00 0 
7fc4b3e01000-7fc4b3eff000 rw-p 00000000 00:00 0                          [stack:7751]
7fc4b3eff000-7fc4b3f02000 ---p 00000000 00:00 0 
7fc4b3f02000-7fc4b4000000 rw-p 00000000 00:00 0                          [stack:7750]
7fc4b4000000-7fc4b4021000 rw-p 00000000 00:00 0 
7fc4b4021000-7fc4b8000000 ---p 00000000 00:00 0 
7fc4b8000000-7fc4b8021000 rw-p 00000000 00:00 0 
7fc4b8021000-7fc4bc000000 ---p 00000000 00:00 0 
7fc4bc000000-7fc4bc021000 rw-p 00000000 00:00 0 
7fc4bc021000-7fc4c0000000 ---p 00000000 00:00 0 
7fc4c0000000-7fc4c0021000 rw-p 00000000 00:00 0 
7fc4c0021000-7fc4c4000000 ---p 00000000 00:00 0 
7fc4c4000000-7fc4c4021000 rw-p 00000000 00:00 0 
7fc4c4021000-7fc4c8000000 ---p 00000000 00:00 0 
7fc4c8000000-7fc4c8021000 rw-p 00000000 00:00 0 
7fc4c8021000-7fc4cc000000 ---p 00000000 00:00 0 
7fc4cc000000-7fc4cc021000 rw-p 00000000 00:00 0 
7fc4cc021000-7fc4d0000000 ---p 00000000 00:00 0 
7fc4d0000000-7fc4d0021000 rw-p 00000000 00:00 0 
7fc4d0021000-7fc4d4000000 ---p 00000000 00:00 0 
7fc4d4000000-7fc4d4021000 rw-p 00000000 00:00 0 
7fc4d4021000-7fc4d8000000 ---p 00000000 00:00 0 
7fc4d8000000-7fc4d8620000 rw-p 00000000 00:00 0 
7fc4d8620000-7fc4dc000000 ---p 00000000 00:00 0 
7fc4dc000000-7fc4dc021000 rw-p 00000000 00:00 0 
7fc4dc021000-7fc4e0000000 ---p 00000000 00:00 0 
7fc4e0000000-7fc4e0021000 rw-p 00000000 00:00 0 
7fc4e0021000-7fc4e4000000 ---p 00000000 00:00 0 
7fc4e4000000-7fc4e4021000 rw-p 00000000 00:00 0 
7fc4e4021000-7fc4e8000000 ---p 00000000 00:00 0 
7fc4e8000000-7fc4e803e000 rw-p 00000000 00:00 0 
7fc4e803e000-7fc4ec000000 ---p 00000000 00:00 0 
7fc4ec000000-7fc4ec021000 rw-p 00000000 00:00 0 
7fc4ec021000-7fc4f0000000 ---p 00000000 00:00 0 
7fc4f0000000-7fc4f0290000 rw-p 00000000 00:00 0 
7fc4f0290000-7fc4f4000000 ---p 00000000 00:00 0 
7fc4f4000000-7fc4f4021000 rw-p 00000000 00:00 0 
7fc4f4021000-7fc4f8000000 ---p 00000000 00:00 0 
7fc4f8000000-7fc4f8021000 rw-p 00000000 00:00 0 
7fc4f8021000-7fc4fc000000 ---p 00000000 00:00 0 
7fc4fc000000-7fc4fc670000 rw-p 00000000 00:00 0 
7fc4fc670000-7fc500000000 ---p 00000000 00:00 0 
7fc500000000-7fc50097e000 rw-p 00000000 00:00 0 
7fc50097e000-7fc504000000 ---p 00000000 00:00 0 
7fc504000000-7fc504021000 rw-p 00000000 00:00 0 
7fc504021000-7fc508000000 ---p 00000000 00:00 0 
7fc508000000-7fc5084f3000 rw-p 00000000 00:00 0 
7fc5084f3000-7fc50c000000 ---p 00000000 00:00 0 
7fc50c000000-7fc50c021000 rw-p 00000000 00:00 0 
7fc50c021000-7fc510000000 ---p 00000000 00:00 0 
7fc510000000-7fc510021000 rw-p 00000000 00:00 0 
7fc510021000-7fc514000000 ---p 00000000 00:00 0 
7fc514000000-7fc514021000 rw-p 00000000 00:00 0 
7fc514021000-7fc518000000 ---p 00000000 00:00 0 
7fc518077000-7fc518089000 r--s 00345000 08:06 10490201                   /usr/lib/jvm/java-8-oracle/jre/lib/resources.jar
7fc518089000-7fc51808c000 ---p 00000000 00:00 0 
7fc51808c000-7fc51838a000 rw-p 00000000 00:00 0                          [stack:7749]
7fc51838a000-7fc51838d000 ---p 00000000 00:00 0 
7fc51838d000-7fc51848b000 rw-p 00000000 00:00 0                          [stack:7748]
7fc51848b000-7fc51848e000 ---p 00000000 00:00 0 
7fc51848e000-7fc51858c000 rw-p 00000000 00:00 0                          [stack:7747]
7fc51858c000-7fc51858f000 ---p 00000000 00:00 0 
7fc51858f000-7fc51868d000 rw-p 00000000 00:00 0                          [stack:7746]
7fc51868d000-7fc518690000 ---p 00000000 00:00 0 
7fc518690000-7fc51878e000 rw-p 00000000 00:00 0                          [stack:7745]
7fc51878e000-7fc518791000 ---p 00000000 00:00 0 
7fc518791000-7fc51888f000 rw-p 00000000 00:00 0                          [stack:7744]
7fc51888f000-7fc518892000 ---p 00000000 00:00 0 
7fc518892000-7fc518990000 rw-p 00000000 00:00 0                          [stack:7743]
7fc518990000-7fc518993000 ---p 00000000 00:00 0 
7fc518993000-7fc518a91000 rw-p 00000000 00:00 0                          [stack:7742]
7fc518a91000-7fc518a94000 ---p 00000000 00:00 0 
7fc518a94000-7fc518b92000 rw-p 00000000 00:00 0                          [stack:7741]
7fc518b92000-7fc518b95000 ---p 00000000 00:00 0 
7fc518b95000-7fc518c93000 rw-p 00000000 00:00 0                          [stack:7740]
7fc518c93000-7fc518c96000 ---p 00000000 00:00 0 
7fc518c96000-7fc518d94000 rw-p 00000000 00:00 0                          [stack:7739]
7fc518d94000-7fc518d97000 ---p 00000000 00:00 0 
7fc518d97000-7fc518e95000 rw-p 00000000 00:00 0                          [stack:7738]
7fc518e95000-7fc518e98000 ---p 00000000 00:00 0 
7fc518e98000-7fc518f96000 rw-p 00000000 00:00 0                          [stack:7737]
7fc518f96000-7fc518f99000 ---p 00000000 00:00 0 
7fc518f99000-7fc519097000 rw-p 00000000 00:00 0                          [stack:7736]
7fc519097000-7fc51909a000 ---p 00000000 00:00 0 
7fc51909a000-7fc519198000 rw-p 00000000 00:00 0                          [stack:7735]
7fc519198000-7fc51919b000 ---p 00000000 00:00 0 
7fc51919b000-7fc519299000 rw-p 00000000 00:00 0                          [stack:7734]
7fc519299000-7fc51929c000 ---p 00000000 00:00 0 
7fc51929c000-7fc51939a000 rw-p 00000000 00:00 0                          [stack:7733]
7fc51939a000-7fc51939d000 ---p 00000000 00:00 0 
7fc51939d000-7fc51949b000 rw-p 00000000 00:00 0                          [stack:7732]
7fc51949b000-7fc51949e000 ---p 00000000 00:00 0 
7fc51949e000-7fc51959c000 rw-p 00000000 00:00 0                          [stack:7731]
7fc51959c000-7fc51959f000 ---p 00000000 00:00 0 
7fc51959f000-7fc51969d000 rw-p 00000000 00:00 0                          [stack:7730]
7fc51969d000-7fc5196a0000 ---p 00000000 00:00 0 
7fc5196a0000-7fc51979e000 rw-p 00000000 00:00 0                          [stack:7729]
7fc51979e000-7fc5197a1000 ---p 00000000 00:00 0 
7fc5197a1000-7fc519a9f000 rw-p 00000000 00:00 0                          [stack:7728]
7fc519a9f000-7fc519b08000 r-xp 00000000 08:06 10882556                   /usr/lib/jvm/java-8-oracle/jre/lib/amd64/libt2k.so
7fc519b08000-7fc519d08000 ---p 00069000 08:06 10882556                   /usr/lib/jvm/java-8-oracle/jre/lib/amd64/libt2k.so
7fc519d08000-7fc519d0f000 rw-p 00069000 08:06 10882556                   /usr/lib/jvm/java-8-oracle/jre/lib/amd64/libt2k.so
7fc519d0f000-7fc519d1f000 rw-p 00000000 00:00 0 
7fc519d1f000-7fc519d30000 r-xp 00000000 08:06 10882545                   /usr/lib/jvm/java-8-oracle/jre/lib/amd64/libnio.so
7fc519d30000-7fc519f2f000 ---p 00011000 08:06 10882545                   /usr/lib/jvm/java-8-oracle/jre/lib/amd64/libnio.so
7fc519f2f000-7fc519f30000 rw-p 00010000 08:06 10882545                   /usr/lib/jvm/java-8-oracle/jre/lib/amd64/libnio.so
7fc519f30000-7fc519f46000 r-xp 00000000 08:06 10882534                   /usr/lib/jvm/java-8-oracle/jre/lib/amd64/libnet.so
7fc519f46000-7fc51a146000 ---p 00016000 08:06 10882534                   /usr/lib/jvm/java-8-oracle/jre/lib/amd64/libnet.so
7fc51a146000-7fc51a147000 rw-p 00016000 08:06 10882534                   /usr/lib/jvm/java-8-oracle/jre/lib/amd64/libnet.so
7fc51a147000-7fc51a14a000 ---p 00000000 00:00 0 
7fc51a14a000-7fc51a448000 rw-p 00000000 00:00 0 
7fc51a448000-7fc51a44b000 ---p 00000000 00:00 0 
7fc51a44b000-7fc51a549000 rw-p 00000000 00:00 0                          [stack:7726]
7fc51a549000-7fc51a54c000 ---p 00000000 00:00 0 
7fc51a54c000-7fc51a64a000 rw-p 00000000 00:00 0                          [stack:7725]
7fc51a64a000-7fc51a64d000 ---p 00000000 00:00 0 
7fc51a64d000-7fc51a74b000 rw-p 00000000 00:00 0                          [stack:7724]
7fc51a74b000-7fc51a74e000 ---p 00000000 00:00 0 
7fc51a74e000-7fc51a84c000 rw-p 00000000 00:00 0                          [stack:7723]
7fc51a84c000-7fc51a8b1000 r-xp 00000000 08:06 10882516                   /usr/lib/jvm/java-8-oracle/jre/lib/amd64/libfontmanager.so
7fc51a8b1000-7fc51aab1000 ---p 00065000 08:06 10882516                   /usr/lib/jvm/java-8-oracle/jre/lib/amd64/libfontmanager.so
7fc51aab1000-7fc51aab5000 rw-p 00065000 08:06 10882516                   /usr/lib/jvm/java-8-oracle/jre/lib/amd64/libfontmanager.so
7fc51aab5000-7fc51aac6000 rw-p 00000000 00:00 0 
7fc51aac6000-7fc51aae8000 r--p 00000000 08:06 10625782                   /usr/share/locale-langpack/pt_BR/LC_MESSAGES/libc.mo
7fc51aae8000-7fc51ab3c000 r-xp 00000000 08:06 10882518                   /usr/lib/jvm/java-8-oracle/jre/lib/amd64/libawt_xawt.so
7fc51ab3c000-7fc51ad3c000 ---p 00054000 08:06 10882518                   /usr/lib/jvm/java-8-oracle/jre/lib/amd64/libawt_xawt.so
7fc51ad3c000-7fc51ad40000 rw-p 00054000 08:06 10882518                   /usr/lib/jvm/java-8-oracle/jre/lib/amd64/libawt_xawt.so
7fc51ad40000-7fc51ad41000 rw-p 00000000 00:00 0 
7fc51ad41000-7fc51ade3000 r-xp 00000000 08:06 10882528                   /usr/lib/jvm/java-8-oracle/jre/lib/amd64/libawt.so
7fc51ade3000-7fc51afe3000 ---p 000a2000 08:06 10882528                   /usr/lib/jvm/java-8-oracle/jre/lib/amd64/libawt.so
7fc51afe3000-7fc51afef000 rw-p 000a2000 08:06 10882528                   /usr/lib/jvm/java-8-oracle/jre/lib/amd64/libawt.so
7fc51afef000-7fc51b013000 rw-p 00000000 00:00 0 
7fc51b013000-7fc51b014000 ---p 00000000 00:00 0 
7fc51b014000-7fc51b114000 rw-p 00000000 00:00 0                          [stack:7722]
7fc51b114000-7fc51b117000 ---p 00000000 00:00 0 
7fc51b117000-7fc51b215000 rw-p 00000000 00:00 0                          [stack:7721]
7fc51b215000-7fc51b218000 ---p 00000000 00:00 0 
7fc51b218000-7fc51b316000 rw-p 00000000 00:00 0                          [stack:7720]
7fc51b316000-7fc51b319000 ---p 00000000 00:00 0 
7fc51b319000-7fc51b417000 rw-p 00000000 00:00 0                          [stack:7719]
7fc51b417000-7fc51b41a000 ---p 00000000 00:00 0 
7fc51b41a000-7fc51b518000 rw-p 00000000 00:00 0                          [stack:7718]
7fc51b518000-7fc51b51b000 ---p 00000000 00:00 0 
7fc51b51b000-7fc51b619000 rw-p 00000000 00:00 0                          [stack:7717]
7fc51b619000-7fc51bcfd000 r--p 00000000 08:06 10230613                   /usr/lib/locale/locale-archive
7fc51bcfd000-7fc51bd00000 ---p 00000000 00:00 0 
7fc51bd00000-7fc51bdfe000 rw-p 00000000 00:00 0                          [stack:7716]
7fc51bdfe000-7fc51be01000 ---p 00000000 00:00 0 
7fc51be01000-7fc51beff000 rw-p 00000000 00:00 0                          [stack:7715]
7fc51beff000-7fc51bf00000 ---p 00000000 00:00 0 
7fc51bf00000-7fc51c000000 rw-p 00000000 00:00 0                          [stack:7714]
7fc51c000000-7fc51c021000 rw-p 00000000 00:00 0 
7fc51c021000-7fc520000000 ---p 00000000 00:00 0 
7fc520000000-7fc520021000 rw-p 00000000 00:00 0 
7fc520021000-7fc524000000 ---p 00000000 00:00 0 
7fc524000000-7fc524021000 rw-p 00000000 00:00 0 
7fc524021000-7fc528000000 ---p 00000000 00:00 0 
7fc528005000-7fc52806e000 r--s 004e7000 08:06 6029674                    /home/loopback/git/gesma_moodle/gesma_moodle/lib/hibernate-core-5.0.4.Final.jar
7fc52806e000-7fc52c000000 rw-p 00000000 00:00 0 
7fc52c000000-7fc52c021000 rw-p 00000000 00:00 0 
7fc52c021000-7fc530000000 ---p 00000000 00:00 0 
7fc53000f000-7fc530014000 r--s 00096000 08:06 10490089                   /usr/lib/jvm/java-8-oracle/jre/lib/jsse.jar
7fc530014000-7fc53001b000 r--s 00000000 08:06 10617750                   /usr/lib/x86_64-linux-gnu/gconv/gconv-modules.cache
7fc53001b000-7fc530021000 r--s 002f8000 08:06 10490105                   /usr/lib/jvm/java-8-oracle/jre/lib/charsets.jar
7fc530021000-7fc530045000 r--s 002cc000 08:06 6036091                    /home/loopback/git/gesma_moodle/gesma_moodle/lib/xalan.jar
7fc530045000-7fc53004b000 r--s 0007e000 08:06 6036141                    /home/loopback/git/gesma_moodle/gesma_moodle/lib/postgresql-9.0-801.jdbc4.jar
7fc53004b000-7fc53004c000 r--s 00003000 08:06 6036094                    /home/loopback/git/gesma_moodle/gesma_moodle/lib/jta-1.1.jar
7fc53004c000-7fc530055000 r--s 0009a000 08:06 6036144                    /home/loopback/git/gesma_moodle/gesma_moodle/lib/javassist.jar
7fc530055000-7fc53005a000 r--s 00017000 08:06 6036099                    /home/loopback/git/gesma_moodle/gesma_moodle/lib/hibernate-jpa-2.1-api-1.0.0.Final.jar
7fc53005a000-7fc53005f000 r--s 00048000 08:06 6036090                    /home/loopback/git/gesma_moodle/gesma_moodle/lib/dom4j-1.6.1.jar
7fc53005f000-7fc53007a000 r--s 0023d000 08:06 6036146                    /home/loopback/git/gesma_moodle/gesma_moodle/lib/antlr-3.5.2-complete.jar
7fc53007a000-7fc530096000 r--s 00393000 08:06 10622691                   /usr/lib/jvm/java-8-oracle/jre/lib/ext/cldrdata.jar
7fc530096000-7fc530e27000 rw-p 00000000 00:00 0 
7fc530e27000-7fc531000000 r--s 03d20000 08:06 10492841                   /usr/lib/jvm/java-8-oracle/jre/lib/rt.jar
7fc531000000-7fc531b00000 rwxp 00000000 00:00 0 
7fc531b00000-7fc540000000 ---p 00000000 00:00 0 
7fc540000000-7fc54086d000 rw-p 00000000 00:00 0 
7fc54086d000-7fc544000000 ---p 00000000 00:00 0 
7fc544000000-7fc544002000 r--s 0000f000 08:06 6036142                    /home/loopback/git/gesma_moodle/gesma_moodle/lib/jboss-logging-3.3.0.Final.jar
7fc544002000-7fc544008000 r--s 00040000 08:06 6036093                    /home/loopback/git/gesma_moodle/gesma_moodle/lib/cglib-3.2.0.jar
7fc544008000-7fc544d71000 rw-p 00000000 00:00 0 
7fc544d71000-7fc544d72000 ---p 00000000 00:00 0 
7fc544d72000-7fc544e72000 rw-p 00000000 00:00 0                          [stack:7713]
7fc544e72000-7fc544e73000 ---p 00000000 00:00 0 
7fc544e73000-7fc544f73000 rw-p 00000000 00:00 0                          [stack:7712]
7fc544f73000-7fc544f74000 ---p 00000000 00:00 0 
7fc544f74000-7fc545074000 rw-p 00000000 00:00 0                          [stack:7711]
7fc545074000-7fc545075000 ---p 00000000 00:00 0 
7fc545075000-7fc545191000 rw-p 00000000 00:00 0                          [stack:7710]
7fc545191000-7fc545406000 ---p 00000000 00:00 0 
7fc545406000-7fc545422000 rw-p 00000000 00:00 0 
7fc545422000-7fc545696000 ---p 00000000 00:00 0 
7fc545696000-7fc5456b1000 rw-p 00000000 00:00 0 
7fc5456b1000-7fc5457df000 ---p 00000000 00:00 0 
7fc5457df000-7fc54580c000 rw-p 00000000 00:00 0 
7fc54580c000-7fc545ba0000 ---p 00000000 00:00 0 
7fc545ba0000-7fc545bba000 r-xp 00000000 08:06 10882553                   /usr/lib/jvm/java-8-oracle/jre/lib/amd64/libzip.so
7fc545bba000-7fc545dba000 ---p 0001a000 08:06 10882553                   /usr/lib/jvm/java-8-oracle/jre/lib/amd64/libzip.so
7fc545dba000-7fc545dbb000 rw-p 0001a000 08:06 10882553                   /usr/lib/jvm/java-8-oracle/jre/lib/amd64/libzip.so
7fc545dbb000-7fc545dc6000 r-xp 00000000 08:06 2887864                    /lib/x86_64-linux-gnu/libnss_files-2.19.so
7fc545dc6000-7fc545fc5000 ---p 0000b000 08:06 2887864                    /lib/x86_64-linux-gnu/libnss_files-2.19.so
7fc545fc5000-7fc545fc6000 r--p 0000a000 08:06 2887864                    /lib/x86_64-linux-gnu/libnss_files-2.19.so
7fc545fc6000-7fc545fc7000 rw-p 0000b000 08:06 2887864                    /lib/x86_64-linux-gnu/libnss_files-2.19.so
7fc545fc7000-7fc545fd2000 r-xp 00000000 08:06 2887874                    /lib/x86_64-linux-gnu/libnss_nis-2.19.so
7fc545fd2000-7fc5461d1000 ---p 0000b000 08:06 2887874                    /lib/x86_64-linux-gnu/libnss_nis-2.19.so
7fc5461d1000-7fc5461d2000 r--p 0000a000 08:06 2887874                    /lib/x86_64-linux-gnu/libnss_nis-2.19.so
7fc5461d2000-7fc5461d3000 rw-p 0000b000 08:06 2887874                    /lib/x86_64-linux-gnu/libnss_nis-2.19.so
7fc5461d3000-7fc5461dc000 r-xp 00000000 08:06 2887860                    /lib/x86_64-linux-gnu/libnss_compat-2.19.so
7fc5461dc000-7fc5463db000 ---p 00009000 08:06 2887860                    /lib/x86_64-linux-gnu/libnss_compat-2.19.so
7fc5463db000-7fc5463dc000 r--p 00008000 08:06 2887860                    /lib/x86_64-linux-gnu/libnss_compat-2.19.so
7fc5463dc000-7fc5463dd000 rw-p 00009000 08:06 2887860                    /lib/x86_64-linux-gnu/libnss_compat-2.19.so
7fc5463dd000-7fc5463e0000 r--s 00010000 08:06 6036139                    /home/loopback/git/gesma_moodle/gesma_moodle/lib/hibernate-commons-annotations-4.0.5.Final.jar
7fc5463e0000-7fc5463ea000 r--s 00116000 08:06 10622687                   /usr/lib/jvm/java-8-oracle/jre/lib/ext/localedata.jar
7fc5463ea000-7fc5463ef000 r--s 00058000 08:06 1968753                    /home/loopback/Documentos/jacamo-0.5/lib/moise.jar
7fc5463ef000-7fc5463f7000 r--s 00051000 08:06 1968745                    /home/loopback/Documentos/jacamo-0.5/lib/cartago.jar
7fc5463f7000-7fc546421000 r-xp 00000000 08:06 10882548                   /usr/lib/jvm/java-8-oracle/jre/lib/amd64/libjava.so
7fc546421000-7fc546621000 ---p 0002a000 08:06 10882548                   /usr/lib/jvm/java-8-oracle/jre/lib/amd64/libjava.so
7fc546621000-7fc546623000 rw-p 0002a000 08:06 10882548                   /usr/lib/jvm/java-8-oracle/jre/lib/amd64/libjava.so
7fc546623000-7fc546630000 r-xp 00000000 08:06 10882514                   /usr/lib/jvm/java-8-oracle/jre/lib/amd64/libverify.so
7fc546630000-7fc546830000 ---p 0000d000 08:06 10882514                   /usr/lib/jvm/java-8-oracle/jre/lib/amd64/libverify.so
7fc546830000-7fc546832000 rw-p 0000d000 08:06 10882514                   /usr/lib/jvm/java-8-oracle/jre/lib/amd64/libverify.so
7fc546832000-7fc546835000 ---p 00000000 00:00 0 
7fc546835000-7fc546933000 rw-p 00000000 00:00 0                          [stack:7705]
7fc546933000-7fc5475f1000 r-xp 00000000 08:06 10882542                   /usr/lib/jvm/java-8-oracle/jre/lib/amd64/server/libjvm.so
7fc5475f1000-7fc5477f0000 ---p 00cbe000 08:06 10882542                   /usr/lib/jvm/java-8-oracle/jre/lib/amd64/server/libjvm.so
7fc5477f0000-7fc5478c9000 rw-p 00cbd000 08:06 10882542                   /usr/lib/jvm/java-8-oracle/jre/lib/amd64/server/libjvm.so
7fc5478c9000-7fc547911000 rw-p 00000000 00:00 0 
7fc547911000-7fc547913000 r--s 0001b000 08:06 1968747                    /home/loopback/Documentos/jacamo-0.5/lib/jacamo.jar
7fc547913000-7fc547914000 r--s 00009000 08:06 1968744                    /home/loopback/Documentos/jacamo-0.5/lib/c4jason.jar
7fc547914000-7fc547921000 r--s 000e0000 08:06 1968749                    /home/loopback/Documentos/jacamo-0.5/lib/jason.jar
7fc547921000-7fc547929000 rw-s 00000000 08:06 11012161                   /tmp/hsperfdata_loopback/7704
7fc547929000-7fc54792a000 rw-p 00000000 00:00 0 
7fc54792a000-7fc54792b000 r--p 00000000 00:00 0 
7fc54792b000-7fc54792d000 rw-p 00000000 00:00 0 
7ffd19d3e000-7ffd19d5f000 rw-p 00000000 00:00 0                          [stack]
7ffd19def000-7ffd19df1000 r--p 00000000 00:00 0                          [vvar]
7ffd19df1000-7ffd19df3000 r-xp 00000000 00:00 0                          [vdso]
ffffffffff600000-ffffffffff601000 r-xp 00000000 00:00 0                  [vsyscall]

VM Arguments:
java_command: jacamo.infra.JaCaMoLauncher gesma_moodle.jcm
java_class_path (initial): /home/loopback/git/gesma_moodle/gesma_moodle:/home/loopback/git/gesma_moodle/gesma_moodle/bin/classes:/home/loopback/Documentos/jacamo-0.5/lib/jason.jar:/home/loopback/Documentos/jacamo-0.5/lib/cartago.jar:/home/loopback/Documentos/jacamo-0.5/lib/c4jason.jar:/home/loopback/Documentos/jacamo-0.5/lib/moise.jar:/home/loopback/Documentos/jacamo-0.5/lib/jacamo.jar:/home/loopback/git/gesma_moodle/gesma_moodle/lib/antlr-3.5.2-complete.jar:/home/loopback/git/gesma_moodle/gesma_moodle/lib/cglib-3.2.0.jar:/home/loopback/git/gesma_moodle/gesma_moodle/lib/dom4j-1.6.1.jar:/home/loopback/git/gesma_moodle/gesma_moodle/lib/hibernate-commons-annotations-4.0.5.Final.jar:/home/loopback/git/gesma_moodle/gesma_moodle/lib/hibernate-core-5.0.4.Final.jar:/home/loopback/git/gesma_moodle/gesma_moodle/lib/hibernate-jpa-2.1-api-1.0.0.Final.jar:/home/loopback/git/gesma_moodle/gesma_moodle/lib/javassist.jar:/home/loopback/git/gesma_moodle/gesma_moodle/lib/jboss-logging-3.3.0.Final.jar:/home/loopback/git/gesma_moodle/gesma_moodle/lib/jta-1.1.jar:/home/loopback/git/gesma_moodle/gesma_moodle/lib/postgresql-9.0-801.jdbc4.jar:/home/loopback/git/gesma_moodle/gesma_moodle/lib/xalan.jar:/home/loopback/git/gesma_moodle/gesma_moodle/lib
Launcher Type: SUN_STANDARD

Environment Variables:
PATH=/usr/local/sbin:/usr/local/bin:/usr/sbin:/usr/bin:/sbin:/bin:/usr/games:/usr/local/games
SHELL=/bin/bash
DISPLAY=:0

Signal Handlers:
SIGSEGV: [libjvm.so+0xaba2a0], sa_mask[0]=11111111011111111101111111111110, sa_flags=SA_RESTART|SA_SIGINFO
SIGBUS: [libjvm.so+0xaba2a0], sa_mask[0]=11111111011111111101111111111110, sa_flags=SA_RESTART|SA_SIGINFO
SIGFPE: [libjvm.so+0x917710], sa_mask[0]=11111111011111111101111111111110, sa_flags=SA_RESTART|SA_SIGINFO
SIGPIPE: [libjvm.so+0x917710], sa_mask[0]=11111111011111111101111111111110, sa_flags=SA_RESTART|SA_SIGINFO
SIGXFSZ: [libjvm.so+0x917710], sa_mask[0]=11111111011111111101111111111110, sa_flags=SA_RESTART|SA_SIGINFO
SIGILL: [libjvm.so+0x917710], sa_mask[0]=11111111011111111101111111111110, sa_flags=SA_RESTART|SA_SIGINFO
SIGUSR1: SIG_DFL, sa_mask[0]=00000000000000000000000000000000, sa_flags=none
SIGUSR2: [libjvm.so+0x918d40], sa_mask[0]=00100000000000000000000000000000, sa_flags=SA_RESTART|SA_SIGINFO
SIGHUP: [libjvm.so+0x91a140], sa_mask[0]=11111111011111111101111111111110, sa_flags=SA_RESTART|SA_SIGINFO
SIGINT: [libjvm.so+0x91a140], sa_mask[0]=11111111011111111101111111111110, sa_flags=SA_RESTART|SA_SIGINFO
SIGTERM: [libjvm.so+0x91a140], sa_mask[0]=11111111011111111101111111111110, sa_flags=SA_RESTART|SA_SIGINFO
SIGQUIT: [libjvm.so+0x91a140], sa_mask[0]=11111111011111111101111111111110, sa_flags=SA_RESTART|SA_SIGINFO


---------------  S Y S T E M  ---------------

OS:DISTRIB_ID=Ubuntu
DISTRIB_RELEASE=14.04
DISTRIB_CODENAME=trusty
DISTRIB_DESCRIPTION="Ubuntu 14.04.3 LTS"

uname:Linux 3.19.0-39-generic #44~14.04.1-Ubuntu SMP Wed Dec 2 10:00:35 UTC 2015 x86_64
libc:glibc 2.19 NPTL 2.19 
rlimit: STACK 8192k, CORE 0k, NPROC 31407, NOFILE 4096, AS infinity
load average:1,58 0,86 0,63

/proc/meminfo:
MemTotal:        8061612 kB
MemFree:         5635632 kB
MemAvailable:    6576952 kB
Buffers:           82572 kB
Cached:          1205488 kB
SwapCached:        33000 kB
Active:          1276976 kB
Inactive:         886636 kB
Active(anon):     795092 kB
Inactive(anon):   299872 kB
Active(file):     481884 kB
Inactive(file):   586764 kB
Unevictable:          32 kB
Mlocked:              32 kB
SwapTotal:      19530748 kB
SwapFree:       19256816 kB
Dirty:               740 kB
Writeback:             0 kB
AnonPages:        848484 kB
Mapped:           266620 kB
Shmem:            218836 kB
Slab:             128888 kB
SReclaimable:      83232 kB
SUnreclaim:        45656 kB
KernelStack:       11648 kB
PageTables:        48420 kB
NFS_Unstable:          0 kB
Bounce:                0 kB
WritebackTmp:          0 kB
CommitLimit:    23561552 kB
Committed_AS:    5371852 kB
VmallocTotal:   34359738367 kB
VmallocUsed:      567952 kB
VmallocChunk:   34359090040 kB
HardwareCorrupted:     0 kB
AnonHugePages:    407552 kB
CmaTotal:              0 kB
CmaFree:               0 kB
HugePages_Total:       0
HugePages_Free:        0
HugePages_Rsvd:        0
HugePages_Surp:        0
Hugepagesize:       2048 kB
DirectMap4k:      715520 kB
DirectMap2M:     7559168 kB
DirectMap1G:     1048576 kB


CPU:total 4 (2 cores per cpu, 2 threads per core) family 6 model 69 stepping 1, cmov, cx8, fxsr, mmx, sse, sse2, sse3, ssse3, sse4.1, sse4.2, popcnt, avx, avx2, aes, clmul, erms, lzcnt, ht, tsc, tscinvbit, bmi1, bmi2

/proc/cpuinfo:
processor	: 0
vendor_id	: GenuineIntel
cpu family	: 6
model		: 69
model name	: Intel(R) Core(TM) i7-4510U CPU @ 2.00GHz
stepping	: 1
microcode	: 0x1c
cpu MHz		: 2017.640
cache size	: 4096 KB
physical id	: 0
siblings	: 4
core id		: 0
cpu cores	: 2
apicid		: 0
initial apicid	: 0
fpu		: yes
fpu_exception	: yes
cpuid level	: 13
wp		: yes
flags		: fpu vme de pse tsc msr pae mce cx8 apic sep mtrr pge mca cmov pat pse36 clflush dts acpi mmx fxsr sse sse2 ss ht tm pbe syscall nx pdpe1gb rdtscp lm constant_tsc arch_perfmon pebs bts rep_good nopl xtopology nonstop_tsc aperfmperf eagerfpu pni pclmulqdq dtes64 monitor ds_cpl vmx est tm2 ssse3 fma cx16 xtpr pdcm pcid sse4_1 sse4_2 movbe popcnt tsc_deadline_timer aes xsave avx f16c rdrand lahf_lm abm ida arat epb pln pts dtherm tpr_shadow vnmi flexpriority ept vpid fsgsbase tsc_adjust bmi1 avx2 smep bmi2 erms invpcid xsaveopt
bugs		:
bogomips	: 5187.81
clflush size	: 64
cache_alignment	: 64
address sizes	: 39 bits physical, 48 bits virtual
power management:

processor	: 1
vendor_id	: GenuineIntel
cpu family	: 6
model		: 69
model name	: Intel(R) Core(TM) i7-4510U CPU @ 2.00GHz
stepping	: 1
microcode	: 0x1c
cpu MHz		: 2065.070
cache size	: 4096 KB
physical id	: 0
siblings	: 4
core id		: 0
cpu cores	: 2
apicid		: 1
initial apicid	: 1
fpu		: yes
fpu_exception	: yes
cpuid level	: 13
wp		: yes
flags		: fpu vme de pse tsc msr pae mce cx8 apic sep mtrr pge mca cmov pat pse36 clflush dts acpi mmx fxsr sse sse2 ss ht tm pbe syscall nx pdpe1gb rdtscp lm constant_tsc arch_perfmon pebs bts rep_good nopl xtopology nonstop_tsc aperfmperf eagerfpu pni pclmulqdq dtes64 monitor ds_cpl vmx est tm2 ssse3 fma cx16 xtpr pdcm pcid sse4_1 sse4_2 movbe popcnt tsc_deadline_timer aes xsave avx f16c rdrand lahf_lm abm ida arat epb pln pts dtherm tpr_shadow vnmi flexpriority ept vpid fsgsbase tsc_adjust bmi1 avx2 smep bmi2 erms invpcid xsaveopt
bugs		:
bogomips	: 5187.81
clflush size	: 64
cache_alignment	: 64
address sizes	: 39 bits physical, 48 bits virtual
power management:

processor	: 2
vendor_id	: GenuineIntel
cpu family	: 6
model		: 69
model name	: Intel(R) Core(TM) i7-4510U CPU @ 2.00GHz
stepping	: 1
microcode	: 0x1c
cpu MHz		: 2700.750
cache size	: 4096 KB
physical id	: 0
siblings	: 4
core id		: 1
cpu cores	: 2
apicid		: 2
initial apicid	: 2
fpu		: yes
fpu_exception	: yes
cpuid level	: 13
wp		: yes
flags		: fpu vme de pse tsc msr pae mce cx8 apic sep mtrr pge mca cmov pat pse36 clflush dts acpi mmx fxsr sse sse2 ss ht tm pbe syscall nx pdpe1gb rdtscp lm constant_tsc arch_perfmon pebs bts rep_good nopl xtopology nonstop_tsc aperfmperf eagerfpu pni pclmulqdq dtes64 monitor ds_cpl vmx est tm2 ssse3 fma cx16 xtpr pdcm pcid sse4_1 sse4_2 movbe popcnt tsc_deadline_timer aes xsave avx f16c rdrand lahf_lm abm ida arat epb pln pts dtherm tpr_shadow vnmi flexpriority ept vpid fsgsbase tsc_adjust bmi1 avx2 smep bmi2 erms invpcid xsaveopt
bugs		:
bogomips	: 5187.81
clflush size	: 64
cache_alignment	: 64
address sizes	: 39 bits physical, 48 bits virtual
power management:

processor	: 3
vendor_id	: GenuineIntel
cpu family	: 6
model		: 69
model name	: Intel(R) Core(TM) i7-4510U CPU @ 2.00GHz
stepping	: 1
microcode	: 0x1c
cpu MHz		: 2588.726
cache size	: 4096 KB
physical id	: 0
siblings	: 4
core id		: 1
cpu cores	: 2
apicid		: 3
initial apicid	: 3
fpu		: yes
fpu_exception	: yes
cpuid level	: 13
wp		: yes
flags		: fpu vme de pse tsc msr pae mce cx8 apic sep mtrr pge mca cmov pat pse36 clflush dts acpi mmx fxsr sse sse2 ss ht tm pbe syscall nx pdpe1gb rdtscp lm constant_tsc arch_perfmon pebs bts rep_good nopl xtopology nonstop_tsc aperfmperf eagerfpu pni pclmulqdq dtes64 monitor ds_cpl vmx est tm2 ssse3 fma cx16 xtpr pdcm pcid sse4_1 sse4_2 movbe popcnt tsc_deadline_timer aes xsave avx f16c rdrand lahf_lm abm ida arat epb pln pts dtherm tpr_shadow vnmi flexpriority ept vpid fsgsbase tsc_adjust bmi1 avx2 smep bmi2 erms invpcid xsaveopt
bugs		:
bogomips	: 5187.81
clflush size	: 64
cache_alignment	: 64
address sizes	: 39 bits physical, 48 bits virtual
power management:



Memory: 4k page, physical 8061612k(5635804k free), swap 19530748k(19257196k free)

vm_info: Java HotSpot(TM) 64-Bit Server VM (25.66-b17) for linux-amd64 JRE (1.8.0_66-b17), built on Oct  6 2015 17:28:34 by "java_re" with gcc 4.3.0 20080428 (Red Hat 4.3.0-8)

time: Thu Dec 17 03:20:08 2015
elapsed time: 719 seconds (0d 0h 11m 59s)

