#
# A fatal error has been detected by the Java Runtime Environment:
#
#  SIGSEGV (0xb) at pc=0x00007fc7dd0696ba, pid=28842, tid=140495983101696
#
# JRE version: Java(TM) SE Runtime Environment (8.0_66-b17) (build 1.8.0_66-b17)
# Java VM: Java HotSpot(TM) 64-Bit Server VM (25.66-b17 mixed mode linux-amd64 compressed oops)
# Problematic frame:
# v  ~BufferBlob::jni_fast_GetLongField
#
# Failed to write core dump. Core dumps have been disabled. To enable core dumping, try "ulimit -c unlimited" before starting Java again
#
# If you would like to submit a bug report, please visit:
#   http://bugreport.java.com/bugreport/crash.jsp
# The crash happened outside the Java Virtual Machine in native code.
# See problematic frame for where to report the bug.
#

---------------  T H R E A D  ---------------

Current thread (0x00007fc7ec308800):  JavaThread "AWT-XAWT" daemon [_thread_in_native, id=28862, stack(0x00007fc7c51a4000,0x00007fc7c52a5000)]

siginfo: si_signo: 11 (SIGSEGV), si_code: 1 (SEGV_MAPERR), si_addr: 0x0000000000000000

Registers:
RAX=0x00007fc7f23edfe0, RBX=0x00007fc7ec3089f8, RCX=0x0000003867419320, RDX=0x0000000000000042
RSP=0x00007fc7c52a35f8, RBP=0x00007fc7c52a3620, RSI=0x0000000000000000, RDI=0x00007fc7ec3089f8
R8 =0x0000000084f7b558, R9 =0x0000000000000000, R10=0x0000000000000070, R11=0x00007fc7dd9c34d8
R12=0x00007fc79400fb90, R13=0x0000000000000000, R14=0x00007fc7c58a17e0, R15=0x00007fc7ec308800
RIP=0x00007fc7dd0696ba, EFLAGS=0x0000000000010246, CSGSFS=0x0000000000000033, ERR=0x0000000000000004
  TRAPNO=0x000000000000000e

Top of Stack: (sp=0x00007fc7c52a35f8)
0x00007fc7c52a35f8:   00007fc7c567fef1 00007fc7c7ca01e8
0x00007fc7c52a3608:   00007fc79400fb90 00007fc7c52a36d0
0x00007fc7c52a3618:   00007fc7c52a36a0 0000000000000000
0x00007fc7c52a3628:   000000386ae61ae8 00007fc7c7ca01e8
0x00007fc7c52a3638:   00007fc7c52a3660 0000000000000000
0x00007fc7c52a3648:   000000386ae599a3 00007fc7c52a36d0
0x00007fc7c52a3658:   00007fc7c567912f 00007fc7c52a36b0
0x00007fc7c52a3668:   00007fc7dd9c3576 0000000000000000
0x00007fc7c52a3678:   00007fc7dd414af6 00007fc7c52a36d0
0x00007fc7c52a3688:   00007fc7dd11a16c 00007fc7c52a3730
0x00007fc7c52a3698:   00007fc7dd8f01b4 0000000084e00000
0x00007fc7c52a36a8:   0000000084f79678 00007fc7c52a3730
0x00007fc7c52a36b8:   00007fc7dd007420 00007fc7c52a3730
0x00007fc7c52a36c8:   00007fc7dd007420 0000000000000000
0x00007fc7c52a36d8:   00007fc7dd007760 00007fc79c000e30
0x00007fc7c52a36e8:   0000000084f791e8 00007fc7c52a36f0
0x00007fc7c52a36f8:   00007fc7c7d96404 00007fc7c52a3778
0x00007fc7c52a3708:   00007fc7c7d9fbc8 0000000000000000
0x00007fc7c52a3718:   00007fc7c7d96540 00007fc7c52a36d0
0x00007fc7c52a3728:   00007fc7c52a3770 00007fc7c52a37c0
0x00007fc7c52a3738:   00007fc7dd007c4d 0000000000000000
0x00007fc7c52a3748:   0000000084e7c280 0000000000000000
0x00007fc7c52a3758:   0000000000000000 0000000000000000
0x00007fc7c52a3768:   0000000084f791e8 0000000000000000
0x00007fc7c52a3778:   0000000084ef81b8 00007fc7c52a3780
0x00007fc7c52a3788:   00007fc7c7d96245 00007fc7c52a37d0
0x00007fc7c52a3798:   00007fc7c7d9fbc8 0000000000000000
0x00007fc7c52a37a8:   00007fc7c7d96250 00007fc7c52a3770
0x00007fc7c52a37b8:   00007fc7c52a37d0 00007fc7c52a3818
0x00007fc7c52a37c8:   00007fc7dd007c92 0000000084ef81b8
0x00007fc7c52a37d8:   00007fc7c52a37d8 00007fc7c782d9cb
0x00007fc7c52a37e8:   00007fc7c52a3828 00007fc7c78b4480 

Instructions: (pc=0x00007fc7dd0696ba)
0x00007fc7dd06969a:   00 00 00 00 00 00 44 8b 15 c1 ee 3b 15 4c 8b ce
0x00007fc7dd0696aa:   41 f6 c2 01 0f 85 2e 00 00 00 4d 33 ca 4d 33 ca
0x00007fc7dd0696ba:   4d 8b 09 4c 8b da 49 c1 eb 02 4b 8b 04 19 49 bb
0x00007fc7dd0696ca:   68 85 42 f2 c7 7f 00 00 4c 33 d8 4c 33 d8 45 3b 

Register to memory mapping:

RAX=0x00007fc7f23edfe0: <offset 0xf74fe0> in /usr/lib/jvm/java-8-oracle/jre/lib/amd64/server/libjvm.so at 0x00007fc7f1479000
RBX=0x00007fc7ec3089f8 is an unknown value
RCX=0x0000003867419320: <offset 0x219320> in /lib/x86_64-linux-gnu/libpthread.so.0 at 0x0000003867200000
RDX=0x0000000000000042 is an unknown value
RSP=0x00007fc7c52a35f8 is pointing into the stack for thread: 0x00007fc7ec308800
RBP=0x00007fc7c52a3620 is pointing into the stack for thread: 0x00007fc7ec308800
RSI=0x0000000000000000 is an unknown value
RDI=0x00007fc7ec3089f8 is an unknown value
R8 =0x0000000084f7b558 is an oop
java.util.logging.Logger 
 - klass: 'java/util/logging/Logger'
R9 =0x0000000000000000 is an unknown value
R10=0x0000000000000070 is an unknown value
R11=0x00007fc7dd9c34d8 is at entry_point+24 in (nmethod*)0x00007fc7dd9c3350
R12=0x00007fc79400fb90 is an unknown value
R13=0x0000000000000000 is an unknown value
R14=0x00007fc7c58a17e0: <offset 0x2587e0> in /usr/lib/jvm/java-8-oracle/jre/lib/amd64/libawt_xawt.so at 0x00007fc7c5649000
R15=0x00007fc7ec308800 is a thread


Stack: [0x00007fc7c51a4000,0x00007fc7c52a5000],  sp=0x00007fc7c52a35f8,  free space=1021k
Native frames: (J=compiled Java code, j=interpreted, Vv=VM code, C=native code)
v  ~BufferBlob::jni_fast_GetLongField
C  [libX11.so.6+0x61ae8]  _XimServerDestroy+0x58

Java frames: (J=compiled Java code, j=interpreted, Vv=VM code)
J 2981  sun.awt.X11.XlibWrapper.XFilterEvent(JJ)Z (0 bytes) @ 0x00007fc7dd9c3504 [0x00007fc7dd9c34c0+0x44]
j  sun.awt.X11.XToolkit.run(Z)V+300
j  sun.awt.X11.XToolkit.run()V+5
j  java.lang.Thread.run()V+11
v  ~StubRoutines::call_stub

---------------  P R O C E S S  ---------------

Java Threads: ( => current thread )
  0x00007fc78440f800 JavaThread "pool-4-thread-1" [_thread_blocked, id=28894, stack(0x00007fc77dae7000,0x00007fc77dbe8000)]
  0x00007fc7ec577800 JavaThread "aluno" [_thread_blocked, id=28892, stack(0x00007fc77e5e8000,0x00007fc77e6e9000)]
  0x00007fc7ec524000 JavaThread "Thread-25" [_thread_in_native, id=28891, stack(0x00007fc77e6e9000,0x00007fc77e7ea000)]
  0x00007fc7ec510800 JavaThread "server-timer" daemon [_thread_blocked, id=28890, stack(0x00007fc77e7ea000,0x00007fc77e8eb000)]
  0x00007fc7ec4fc000 JavaThread "TimerQueue" daemon [_thread_blocked, id=28889, stack(0x00007fc77e8eb000,0x00007fc77e9ec000)]
  0x00007fc7ec4f6000 JavaThread "Thread-23" [_thread_in_native, id=28888, stack(0x00007fc77e9ec000,0x00007fc77eaed000)]
  0x00007fc7ec4f1000 JavaThread "server-timer" daemon [_thread_blocked, id=28887, stack(0x00007fc77eaed000,0x00007fc77ebee000)]
  0x00007fc7ec4d9800 JavaThread "Thread-21" [_thread_blocked, id=28886, stack(0x00007fc77edee000,0x00007fc77eeef000)]
  0x00007fc7ec4c5000 JavaThread "Thread-20" [_thread_blocked, id=28885, stack(0x00007fc77eeef000,0x00007fc77eff0000)]
  0x00007fc7ec4c3000 JavaThread "Thread-19" [_thread_blocked, id=28884, stack(0x00007fc77eff0000,0x00007fc77f0f1000)]
  0x00007fc7ec4c1000 JavaThread "Thread-18" [_thread_blocked, id=28883, stack(0x00007fc77f0f1000,0x00007fc77f1f2000)]
  0x00007fc7ec4bf000 JavaThread "Thread-17" [_thread_blocked, id=28882, stack(0x00007fc77f1f2000,0x00007fc77f2f3000)]
  0x00007fc7ec4bd000 JavaThread "Thread-16" [_thread_blocked, id=28881, stack(0x00007fc77f2f3000,0x00007fc77f3f4000)]
  0x00007fc7ec4bb000 JavaThread "Thread-15" [_thread_blocked, id=28880, stack(0x00007fc77f3f4000,0x00007fc77f4f5000)]
  0x00007fc7ec4b9000 JavaThread "Thread-14" [_thread_blocked, id=28879, stack(0x00007fc77f4f5000,0x00007fc77f5f6000)]
  0x00007fc7ec4b7000 JavaThread "Thread-13" [_thread_blocked, id=28878, stack(0x00007fc77f5f6000,0x00007fc77f6f7000)]
  0x00007fc7ec4b5800 JavaThread "Thread-12" [_thread_blocked, id=28877, stack(0x00007fc77f6f7000,0x00007fc77f7f8000)]
  0x00007fc7ec4b3800 JavaThread "Thread-11" [_thread_blocked, id=28876, stack(0x00007fc77f7f8000,0x00007fc77f8f9000)]
  0x00007fc7ec4b2000 JavaThread "Thread-10" [_thread_blocked, id=28875, stack(0x00007fc77f8f9000,0x00007fc77f9fa000)]
  0x00007fc7ec4b0800 JavaThread "Thread-9" [_thread_blocked, id=28874, stack(0x00007fc77f9fa000,0x00007fc77fafb000)]
  0x00007fc7ec4ae800 JavaThread "Thread-8" [_thread_blocked, id=28873, stack(0x00007fc77fafb000,0x00007fc77fbfc000)]
  0x00007fc7ec4ad000 JavaThread "Thread-7" [_thread_blocked, id=28872, stack(0x00007fc77fbfc000,0x00007fc77fcfd000)]
  0x00007fc7ec4ab000 JavaThread "Thread-6" [_thread_blocked, id=28871, stack(0x00007fc77fcfd000,0x00007fc77fdfe000)]
  0x00007fc7ec4a9800 JavaThread "Thread-5" [_thread_blocked, id=28870, stack(0x00007fc77fdfe000,0x00007fc77feff000)]
  0x00007fc7ec4a7800 JavaThread "Thread-4" [_thread_blocked, id=28869, stack(0x00007fc77feff000,0x00007fc780000000)]
  0x00007fc7ec4a6000 JavaThread "Thread-3" [_thread_blocked, id=28868, stack(0x00007fc7c40f1000,0x00007fc7c41f2000)]
  0x00007fc7ec4a4800 JavaThread "Thread-2" [_thread_blocked, id=28867, stack(0x00007fc7c41f2000,0x00007fc7c42f3000)]
  0x00007fc7ec4a2800 JavaThread "Thread-1" [_thread_blocked, id=28866, stack(0x00007fc7c42f3000,0x00007fc7c43f4000)]
  0x00007fc7ec356000 JavaThread "AWT-EventQueue-0" [_thread_blocked, id=28864, stack(0x00007fc7c4fa2000,0x00007fc7c50a3000)]
  0x00007fc7ec354800 JavaThread "AWT-Shutdown" [_thread_blocked, id=28863, stack(0x00007fc7c50a3000,0x00007fc7c51a4000)]
=>0x00007fc7ec308800 JavaThread "AWT-XAWT" daemon [_thread_in_native, id=28862, stack(0x00007fc7c51a4000,0x00007fc7c52a5000)]
  0x00007fc7ec2e8000 JavaThread "Java2D Disposer" daemon [_thread_blocked, id=28861, stack(0x00007fc7c52a5000,0x00007fc7c53a6000)]
  0x00007fc7ec0c8000 JavaThread "Service Thread" daemon [_thread_blocked, id=28859, stack(0x00007fc7c5d08000,0x00007fc7c5e09000)]
  0x00007fc7ec0bb000 JavaThread "C1 CompilerThread2" daemon [_thread_blocked, id=28858, stack(0x00007fc7c5e09000,0x00007fc7c5f0a000)]
  0x00007fc7ec0b9000 JavaThread "C2 CompilerThread1" daemon [_thread_blocked, id=28857, stack(0x00007fc7c5f0a000,0x00007fc7c600b000)]
  0x00007fc7ec0b6000 JavaThread "C2 CompilerThread0" daemon [_thread_blocked, id=28856, stack(0x00007fc7c600b000,0x00007fc7c610c000)]
  0x00007fc7ec0b5000 JavaThread "Signal Dispatcher" daemon [_thread_in_native, id=28855, stack(0x00007fc7c610c000,0x00007fc7c620d000)]
  0x00007fc7ec07f000 JavaThread "Finalizer" daemon [_thread_blocked, id=28854, stack(0x00007fc7c68f1000,0x00007fc7c69f2000)]
  0x00007fc7ec07d000 JavaThread "Reference Handler" daemon [_thread_blocked, id=28853, stack(0x00007fc7c69f2000,0x00007fc7c6af3000)]
  0x00007fc7ec00a000 JavaThread "main" [_thread_blocked, id=28843, stack(0x00007fc7f1378000,0x00007fc7f1479000)]

Other Threads:
  0x00007fc7ec078000 VMThread [stack: 0x00007fc7c6af3000,0x00007fc7c6bf4000] [id=28852]
  0x00007fc7ec0cb000 WatcherThread [stack: 0x00007fc7c5c07000,0x00007fc7c5d08000] [id=28860]

VM state:not at safepoint (normal execution)

VM Mutex/Monitor currently owned by a thread: None

Heap:
 PSYoungGen      total 68608K, used 46950K [0x00000000d6f80000, 0x00000000dcb80000, 0x0000000100000000)
  eden space 63488K, 65% used [0x00000000d6f80000,0x00000000d985c158,0x00000000dad80000)
  from space 5120K, 99% used [0x00000000dad80000,0x00000000db27d8a0,0x00000000db280000)
  to   space 5120K, 0% used [0x00000000dc680000,0x00000000dc680000,0x00000000dcb80000)
 ParOldGen       total 57856K, used 8089K [0x0000000084e00000, 0x0000000088680000, 0x00000000d6f80000)
  object space 57856K, 13% used [0x0000000084e00000,0x00000000855e6448,0x0000000088680000)
 Metaspace       used 35002K, capacity 35334K, committed 35456K, reserved 1079296K
  class space    used 4592K, capacity 4680K, committed 4736K, reserved 1048576K

Card table byte_map: [0x00007fc7dcc26000,0x00007fc7dd000000] byte_map_base: 0x00007fc7dc7ff000

Marking Bits: (ParMarkBitMap*) 0x00007fc7f2428020
 Begin Bits: [0x00007fc7d4270000, 0x00007fc7d6138000)
 End Bits:   [0x00007fc7d6138000, 0x00007fc7d8000000)

Polling page: 0x00007fc7f2470000

CodeCache: size=245760Kb used=11644Kb max_used=11644Kb free=234115Kb
 bounds [0x00007fc7dd000000, 0x00007fc7ddb70000, 0x00007fc7ec000000]
 total_blobs=4217 nmethods=3528 adapters=602
 compilation: enabled

Compilation events (10 events):
Event: 255,692 Thread 0x00007fc7ec0bb000 3540   !   3       jason.infra.centralised.CentralisedAgArch::sleep (91 bytes)
Event: 255,695 Thread 0x00007fc7ec0bb000 nmethod 3540 0x00007fc7ddb65990 code [0x00007fc7ddb65be0, 0x00007fc7ddb66ed8]
Event: 320,604 Thread 0x00007fc7ec0bb000 3542       3       java.util.TaskQueue::isEmpty (13 bytes)
Event: 320,605 Thread 0x00007fc7ec0bb000 nmethod 3542 0x00007fc7ddb67ad0 code [0x00007fc7ddb67c40, 0x00007fc7ddb67df0]
Event: 320,645 Thread 0x00007fc7ec0bb000 3543       1       sun.net.httpserver.ServerImpl::access$400 (5 bytes)
Event: 320,646 Thread 0x00007fc7ec0bb000 nmethod 3543 0x00007fc7ddb67e50 code [0x00007fc7ddb67fa0, 0x00007fc7ddb68090]
Event: 354,528 Thread 0x00007fc7ec0bb000 3544       3       sun.awt.X11.WindowPropertyGetter::isCachingSupported (4 bytes)
Event: 354,528 Thread 0x00007fc7ec0bb000 nmethod 3544 0x00007fc7ddb68110 code [0x00007fc7ddb68280, 0x00007fc7ddb68410]
Event: 358,171 Thread 0x00007fc7ec0bb000 3545       3       sun.awt.X11.XAtomList::contains (11 bytes)
Event: 358,171 Thread 0x00007fc7ec0bb000 nmethod 3545 0x00007fc7ddb68490 code [0x00007fc7ddb68600, 0x00007fc7ddb68828]

GC Heap History (8 events):
Event: 0,746 GC heap before
{Heap before GC invocations=1 (full 0):
 PSYoungGen      total 36864K, used 31731K [0x00000000d6f80000, 0x00000000d9880000, 0x0000000100000000)
  eden space 31744K, 99% used [0x00000000d6f80000,0x00000000d8e7cef0,0x00000000d8e80000)
  from space 5120K, 0% used [0x00000000d9380000,0x00000000d9380000,0x00000000d9880000)
  to   space 5120K, 0% used [0x00000000d8e80000,0x00000000d8e80000,0x00000000d9380000)
 ParOldGen       total 84992K, used 0K [0x0000000084e00000, 0x000000008a100000, 0x00000000d6f80000)
  object space 84992K, 0% used [0x0000000084e00000,0x0000000084e00000,0x000000008a100000)
 Metaspace       used 15305K, capacity 15536K, committed 15744K, reserved 1062912K
  class space    used 1806K, capacity 1893K, committed 1920K, reserved 1048576K
Event: 0,758 GC heap after
Heap after GC invocations=1 (full 0):
 PSYoungGen      total 36864K, used 4600K [0x00000000d6f80000, 0x00000000db780000, 0x0000000100000000)
  eden space 31744K, 0% used [0x00000000d6f80000,0x00000000d6f80000,0x00000000d8e80000)
  from space 5120K, 89% used [0x00000000d8e80000,0x00000000d92fe350,0x00000000d9380000)
  to   space 5120K, 0% used [0x00000000db280000,0x00000000db280000,0x00000000db780000)
 ParOldGen       total 84992K, used 16K [0x0000000084e00000, 0x000000008a100000, 0x00000000d6f80000)
  object space 84992K, 0% used [0x0000000084e00000,0x0000000084e04000,0x000000008a100000)
 Metaspace       used 15305K, capacity 15536K, committed 15744K, reserved 1062912K
  class space    used 1806K, capacity 1893K, committed 1920K, reserved 1048576K
}
Event: 1,006 GC heap before
{Heap before GC invocations=2 (full 0):
 PSYoungGen      total 36864K, used 29589K [0x00000000d6f80000, 0x00000000db780000, 0x0000000100000000)
  eden space 31744K, 78% used [0x00000000d6f80000,0x00000000d87e7168,0x00000000d8e80000)
  from space 5120K, 89% used [0x00000000d8e80000,0x00000000d92fe350,0x00000000d9380000)
  to   space 5120K, 0% used [0x00000000db280000,0x00000000db280000,0x00000000db780000)
 ParOldGen       total 84992K, used 16K [0x0000000084e00000, 0x000000008a100000, 0x00000000d6f80000)
  object space 84992K, 0% used [0x0000000084e00000,0x0000000084e04000,0x000000008a100000)
 Metaspace       used 20906K, capacity 21132K, committed 21296K, reserved 1069056K
  class space    used 2560K, capacity 2641K, committed 2688K, reserved 1048576K
Event: 1,013 GC heap after
Heap after GC invocations=2 (full 0):
 PSYoungGen      total 68608K, used 5112K [0x00000000d6f80000, 0x00000000db780000, 0x0000000100000000)
  eden space 63488K, 0% used [0x00000000d6f80000,0x00000000d6f80000,0x00000000dad80000)
  from space 5120K, 99% used [0x00000000db280000,0x00000000db77e320,0x00000000db780000)
  to   space 5120K, 0% used [0x00000000dad80000,0x00000000dad80000,0x00000000db280000)
 ParOldGen       total 84992K, used 170K [0x0000000084e00000, 0x000000008a100000, 0x00000000d6f80000)
  object space 84992K, 0% used [0x0000000084e00000,0x0000000084e2a860,0x000000008a100000)
 Metaspace       used 20906K, capacity 21132K, committed 21296K, reserved 1069056K
  class space    used 2560K, capacity 2641K, committed 2688K, reserved 1048576K
}
Event: 1,013 GC heap before
{Heap before GC invocations=3 (full 1):
 PSYoungGen      total 68608K, used 5112K [0x00000000d6f80000, 0x00000000db780000, 0x0000000100000000)
  eden space 63488K, 0% used [0x00000000d6f80000,0x00000000d6f80000,0x00000000dad80000)
  from space 5120K, 99% used [0x00000000db280000,0x00000000db77e320,0x00000000db780000)
  to   space 5120K, 0% used [0x00000000dad80000,0x00000000dad80000,0x00000000db280000)
 ParOldGen       total 84992K, used 170K [0x0000000084e00000, 0x000000008a100000, 0x00000000d6f80000)
  object space 84992K, 0% used [0x0000000084e00000,0x0000000084e2a860,0x000000008a100000)
 Metaspace       used 20906K, capacity 21132K, committed 21296K, reserved 1069056K
  class space    used 2560K, capacity 2641K, committed 2688K, reserved 1048576K
Event: 1,051 GC heap after
Heap after GC invocations=3 (full 1):
 PSYoungGen      total 68608K, used 0K [0x00000000d6f80000, 0x00000000db780000, 0x0000000100000000)
  eden space 63488K, 0% used [0x00000000d6f80000,0x00000000d6f80000,0x00000000dad80000)
  from space 5120K, 0% used [0x00000000db280000,0x00000000db280000,0x00000000db780000)
  to   space 5120K, 0% used [0x00000000dad80000,0x00000000dad80000,0x00000000db280000)
 ParOldGen       total 57856K, used 5080K [0x0000000084e00000, 0x0000000088680000, 0x00000000d6f80000)
  object space 57856K, 8% used [0x0000000084e00000,0x00000000852f6090,0x0000000088680000)
 Metaspace       used 20906K, capacity 21132K, committed 21296K, reserved 1069056K
  class space    used 2560K, capacity 2641K, committed 2688K, reserved 1048576K
}
Event: 2,474 GC heap before
{Heap before GC invocations=4 (full 1):
 PSYoungGen      total 68608K, used 63488K [0x00000000d6f80000, 0x00000000db780000, 0x0000000100000000)
  eden space 63488K, 100% used [0x00000000d6f80000,0x00000000dad80000,0x00000000dad80000)
  from space 5120K, 0% used [0x00000000db280000,0x00000000db280000,0x00000000db780000)
  to   space 5120K, 0% used [0x00000000dad80000,0x00000000dad80000,0x00000000db280000)
 ParOldGen       total 57856K, used 5080K [0x0000000084e00000, 0x0000000088680000, 0x00000000d6f80000)
  object space 57856K, 8% used [0x0000000084e00000,0x00000000852f6090,0x0000000088680000)
 Metaspace       used 29548K, capacity 29894K, committed 30208K, reserved 1075200K
  class space    used 3960K, capacity 4040K, committed 4096K, reserved 1048576K
Event: 2,486 GC heap after
Heap after GC invocations=4 (full 1):
 PSYoungGen      total 68608K, used 5110K [0x00000000d6f80000, 0x00000000dcb80000, 0x0000000100000000)
  eden space 63488K, 0% used [0x00000000d6f80000,0x00000000d6f80000,0x00000000dad80000)
  from space 5120K, 99% used [0x00000000dad80000,0x00000000db27d8a0,0x00000000db280000)
  to   space 5120K, 0% used [0x00000000dc680000,0x00000000dc680000,0x00000000dcb80000)
 ParOldGen       total 57856K, used 8089K [0x0000000084e00000, 0x0000000088680000, 0x00000000d6f80000)
  object space 57856K, 13% used [0x0000000084e00000,0x00000000855e6448,0x0000000088680000)
 Metaspace       used 29548K, capacity 29894K, committed 30208K, reserved 1075200K
  class space    used 3960K, capacity 4040K, committed 4096K, reserved 1048576K
}

Deoptimization events (10 events):
Event: 2,860 Thread 0x00007fc7ec356000 Uncommon trap: reason=unstable_if action=reinterpret pc=0x00007fc7dd754414 method=java.lang.StrictMath.floorOrCeil(DDDD)D @ 115
Event: 12,231 Thread 0x00007fc7ec356000 Uncommon trap: reason=unstable_if action=reinterpret pc=0x00007fc7dd3ca520 method=java.lang.CharacterDataLatin1.isWhitespace(I)Z @ 14
Event: 24,283 Thread 0x00007fc7ec308800 Uncommon trap: reason=unstable_if action=reinterpret pc=0x00007fc7dda0f1e8 method=sun.awt.X11.XWindow.getModifiers(III)I @ 116
Event: 47,307 Thread 0x00007fc7ec356000 Uncommon trap: reason=class_check action=maybe_recompile pc=0x00007fc7dd18bdf0 method=java.lang.String.equals(Ljava/lang/Object;)Z @ 8
Event: 47,307 Thread 0x00007fc7ec356000 Uncommon trap: reason=class_check action=maybe_recompile pc=0x00007fc7dd18bdf0 method=java.lang.String.equals(Ljava/lang/Object;)Z @ 8
Event: 47,470 Thread 0x00007fc7ec356000 Uncommon trap: reason=class_check action=maybe_recompile pc=0x00007fc7dd18bdf0 method=java.lang.String.equals(Ljava/lang/Object;)Z @ 8
Event: 47,470 Thread 0x00007fc7ec356000 Uncommon trap: reason=class_check action=maybe_recompile pc=0x00007fc7dd18bdf0 method=java.lang.String.equals(Ljava/lang/Object;)Z @ 8
Event: 51,836 Thread 0x00007fc7ec356000 Uncommon trap: reason=unstable_if action=reinterpret pc=0x00007fc7ddac0184 method=java.awt.EventQueue.cacheEQItem(Lsun/awt/EventQueueItem;)V @ 23
Event: 51,836 Thread 0x00007fc7ec356000 Uncommon trap: reason=unstable_if action=reinterpret pc=0x00007fc7ddab9430 method=java.awt.EventQueue.uncacheEQItem(Lsun/awt/EventQueueItem;)V @ 23
Event: 51,837 Thread 0x00007fc7ec356000 Uncommon trap: reason=unstable_if action=reinterpret pc=0x00007fc7dda2fb78 method=java.util.TreeMap.getEntry(Ljava/lang/Object;)Ljava/util/TreeMap$Entry; @ 4

Internal exceptions (10 events):
Event: 0,909 Thread 0x00007fc7ec4a6000 Exception <a 'java/lang/ClassNotFoundException': com/sun/org/glassfish/hk2/osgiresourcelocator/ServiceLoader> (0x00000000d84371d8) thrown at [/HUDSON/workspace/8-2-build-linux-amd64/jdk8u66/4988/hotspot/src/share/vm/classfile/systemDictionary.cpp, line 21
Event: 0,911 Thread 0x00007fc7ec4a6000 Exception <a 'java/lang/NullPointerException'> (0x00000000d8440898) thrown at [/HUDSON/workspace/8-2-build-linux-amd64/jdk8u66/4988/hotspot/src/share/vm/interpreter/linkResolver.cpp, line 1280]
Event: 0,935 Thread 0x00007fc7ec4a6000 Exception <a 'java/lang/ArrayIndexOutOfBoundsException': 18> (0x00000000d84e2d90) thrown at [/HUDSON/workspace/8-2-build-linux-amd64/jdk8u66/4988/hotspot/src/share/vm/interpreter/interpreterRuntime.cpp, line 366]
Event: 0,935 Thread 0x00007fc7ec4a6000 Exception <a 'java/lang/ArrayIndexOutOfBoundsException': 67> (0x00000000d84e4068) thrown at [/HUDSON/workspace/8-2-build-linux-amd64/jdk8u66/4988/hotspot/src/share/vm/interpreter/interpreterRuntime.cpp, line 366]
Event: 0,935 Thread 0x00007fc7ec4a6000 Exception <a 'java/lang/ArrayIndexOutOfBoundsException': 65> (0x00000000d84e5778) thrown at [/HUDSON/workspace/8-2-build-linux-amd64/jdk8u66/4988/hotspot/src/share/vm/interpreter/interpreterRuntime.cpp, line 366]
Event: 1,269 Thread 0x00007fc7ec4a6000 Exception <a 'java/lang/ClassNotFoundException': com/sun/org/glassfish/hk2/osgiresourcelocator/ServiceLoader> (0x00000000d79c8b48) thrown at [/HUDSON/workspace/8-2-build-linux-amd64/jdk8u66/4988/hotspot/src/share/vm/classfile/systemDictionary.cpp, line 21
Event: 2,198 Thread 0x00007fc7ec4a6000 Exception <a 'java/lang/NullPointerException'> (0x00000000da159658) thrown at [/HUDSON/workspace/8-2-build-linux-amd64/jdk8u66/4988/hotspot/src/share/vm/runtime/reflection.cpp, line 922]
Event: 2,315 Thread 0x00007fc7ec4a6000 Exception <a 'java/lang/AbstractMethodError': org.postgresql.jdbc4.Jdbc4Connection.getSchema()Ljava/lang/String;> (0x00000000da465308) thrown at [/HUDSON/workspace/8-2-build-linux-amd64/jdk8u66/4988/hotspot/src/share/vm/interpreter/linkResolver.cpp, line 
Event: 2,315 Thread 0x00007fc7ec4a6000 Exception <a 'java/lang/reflect/InvocationTargetException'> (0x00000000da4656f8) thrown at [/HUDSON/workspace/8-2-build-linux-amd64/jdk8u66/4988/hotspot/src/share/vm/runtime/reflection.cpp, line 954]
Event: 2,339 Thread 0x00007fc7ec4a6000 Exception <a 'java/lang/reflect/InvocationTargetException'> (0x00000000da59b818) thrown at [/HUDSON/workspace/8-2-build-linux-amd64/jdk8u66/4988/hotspot/src/share/vm/runtime/reflection.cpp, line 1092]

Events (10 events):
Event: 362,015 loading class sun/awt/X11/XDestroyWindowEvent
Event: 362,016 loading class sun/awt/X11/XDestroyWindowEvent done
Event: 362,943 loading class sun/awt/X11/XMSelection$2
Event: 362,943 loading class sun/awt/X11/XMSelection$2 done
Event: 363,052 loading class sun/awt/X11/XAWTXSettings$1
Event: 363,064 loading class sun/awt/X11/XAWTXSettings$1 done
Event: 363,274 loading class sun/awt/X11/XkbEvent
Event: 363,275 loading class sun/awt/X11/XkbEvent done
Event: 363,275 loading class sun/awt/X11/XkbAnyEvent
Event: 363,275 loading class sun/awt/X11/XkbAnyEvent done


Dynamic libraries:
00400000-00401000 r-xp 00000000 08:06 10491320                           /usr/lib/jvm/java-8-oracle/jre/bin/java
00600000-00602000 rw-p 00000000 08:06 10491320                           /usr/lib/jvm/java-8-oracle/jre/bin/java
01dd7000-01df8000 rw-p 00000000 00:00 0                                  [heap]
84e00000-88680000 rw-p 00000000 00:00 0 
88680000-d6f80000 ---p 00000000 00:00 0 
d6f80000-dcb80000 rw-p 00000000 00:00 0 
dcb80000-100000000 ---p 00000000 00:00 0 
100000000-1004a0000 rw-p 00000000 00:00 0 
1004a0000-140000000 ---p 00000000 00:00 0 
332aa00000-332aa07000 r-xp 00000000 08:06 2886270                        /lib/x86_64-linux-gnu/librt-2.19.so
332aa07000-332ac06000 ---p 00007000 08:06 2886270                        /lib/x86_64-linux-gnu/librt-2.19.so
332ac06000-332ac07000 r--p 00006000 08:06 2886270                        /lib/x86_64-linux-gnu/librt-2.19.so
332ac07000-332ac08000 rw-p 00007000 08:06 2886270                        /lib/x86_64-linux-gnu/librt-2.19.so
3866600000-3866623000 r-xp 00000000 08:06 2895307                        /lib/x86_64-linux-gnu/ld-2.19.so
3866822000-3866823000 r--p 00022000 08:06 2895307                        /lib/x86_64-linux-gnu/ld-2.19.so
3866823000-3866824000 rw-p 00023000 08:06 2895307                        /lib/x86_64-linux-gnu/ld-2.19.so
3866824000-3866825000 rw-p 00000000 00:00 0 
3866a00000-3866bbb000 r-xp 00000000 08:06 2895308                        /lib/x86_64-linux-gnu/libc-2.19.so
3866bbb000-3866dba000 ---p 001bb000 08:06 2895308                        /lib/x86_64-linux-gnu/libc-2.19.so
3866dba000-3866dbe000 r--p 001ba000 08:06 2895308                        /lib/x86_64-linux-gnu/libc-2.19.so
3866dbe000-3866dc0000 rw-p 001be000 08:06 2895308                        /lib/x86_64-linux-gnu/libc-2.19.so
3866dc0000-3866dc5000 rw-p 00000000 00:00 0 
3866e00000-3866e03000 r-xp 00000000 08:06 2895312                        /lib/x86_64-linux-gnu/libdl-2.19.so
3866e03000-3867002000 ---p 00003000 08:06 2895312                        /lib/x86_64-linux-gnu/libdl-2.19.so
3867002000-3867003000 r--p 00002000 08:06 2895312                        /lib/x86_64-linux-gnu/libdl-2.19.so
3867003000-3867004000 rw-p 00003000 08:06 2895312                        /lib/x86_64-linux-gnu/libdl-2.19.so
3867200000-3867219000 r-xp 00000000 08:06 2895310                        /lib/x86_64-linux-gnu/libpthread-2.19.so
3867219000-3867418000 ---p 00019000 08:06 2895310                        /lib/x86_64-linux-gnu/libpthread-2.19.so
3867418000-3867419000 r--p 00018000 08:06 2895310                        /lib/x86_64-linux-gnu/libpthread-2.19.so
3867419000-386741a000 rw-p 00019000 08:06 2895310                        /lib/x86_64-linux-gnu/libpthread-2.19.so
386741a000-386741e000 rw-p 00000000 00:00 0 
3867600000-3867615000 r-xp 00000000 08:06 10882731                       /usr/lib/jvm/java-8-oracle/jre/lib/amd64/jli/libjli.so
3867615000-3867815000 ---p 00015000 08:06 10882731                       /usr/lib/jvm/java-8-oracle/jre/lib/amd64/jli/libjli.so
3867815000-3867816000 rw-p 00015000 08:06 10882731                       /usr/lib/jvm/java-8-oracle/jre/lib/amd64/jli/libjli.so
3867e00000-3867f05000 r-xp 00000000 08:06 2895316                        /lib/x86_64-linux-gnu/libm-2.19.so
3867f05000-3868104000 ---p 00105000 08:06 2895316                        /lib/x86_64-linux-gnu/libm-2.19.so
3868104000-3868105000 r--p 00104000 08:06 2895316                        /lib/x86_64-linux-gnu/libm-2.19.so
3868105000-3868106000 rw-p 00105000 08:06 2895316                        /lib/x86_64-linux-gnu/libm-2.19.so
386a200000-386a21d000 r-xp 00000000 08:06 10229868                       /usr/lib/x86_64-linux-gnu/libxcb.so.1.1.0
386a21d000-386a41d000 ---p 0001d000 08:06 10229868                       /usr/lib/x86_64-linux-gnu/libxcb.so.1.1.0
386a41d000-386a41e000 r--p 0001d000 08:06 10229868                       /usr/lib/x86_64-linux-gnu/libxcb.so.1.1.0
386a41e000-386a41f000 rw-p 0001e000 08:06 10229868                       /usr/lib/x86_64-linux-gnu/libxcb.so.1.1.0
386a600000-386a605000 r-xp 00000000 08:06 10229867                       /usr/lib/x86_64-linux-gnu/libXdmcp.so.6.0.0
386a605000-386a804000 ---p 00005000 08:06 10229867                       /usr/lib/x86_64-linux-gnu/libXdmcp.so.6.0.0
386a804000-386a805000 r--p 00004000 08:06 10229867                       /usr/lib/x86_64-linux-gnu/libXdmcp.so.6.0.0
386a805000-386a806000 rw-p 00005000 08:06 10229867                       /usr/lib/x86_64-linux-gnu/libXdmcp.so.6.0.0
386aa00000-386aa02000 r-xp 00000000 08:06 10229866                       /usr/lib/x86_64-linux-gnu/libXau.so.6.0.0
386aa02000-386ac02000 ---p 00002000 08:06 10229866                       /usr/lib/x86_64-linux-gnu/libXau.so.6.0.0
386ac02000-386ac03000 r--p 00002000 08:06 10229866                       /usr/lib/x86_64-linux-gnu/libXau.so.6.0.0
386ac03000-386ac04000 rw-p 00003000 08:06 10229866                       /usr/lib/x86_64-linux-gnu/libXau.so.6.0.0
386ae00000-386af30000 r-xp 00000000 08:06 10229871                       /usr/lib/x86_64-linux-gnu/libX11.so.6.3.0
386af30000-386b130000 ---p 00130000 08:06 10229871                       /usr/lib/x86_64-linux-gnu/libX11.so.6.3.0
386b130000-386b131000 r--p 00130000 08:06 10229871                       /usr/lib/x86_64-linux-gnu/libX11.so.6.3.0
386b131000-386b135000 rw-p 00131000 08:06 10229871                       /usr/lib/x86_64-linux-gnu/libX11.so.6.3.0
386b200000-386b211000 r-xp 00000000 08:06 10229873                       /usr/lib/x86_64-linux-gnu/libXext.so.6.4.0
386b211000-386b410000 ---p 00011000 08:06 10229873                       /usr/lib/x86_64-linux-gnu/libXext.so.6.4.0
386b410000-386b411000 r--p 00010000 08:06 10229873                       /usr/lib/x86_64-linux-gnu/libXext.so.6.4.0
386b411000-386b412000 rw-p 00011000 08:06 10229873                       /usr/lib/x86_64-linux-gnu/libXext.so.6.4.0
386c200000-386c209000 r-xp 00000000 08:06 10229872                       /usr/lib/x86_64-linux-gnu/libXrender.so.1.3.0
386c209000-386c408000 ---p 00009000 08:06 10229872                       /usr/lib/x86_64-linux-gnu/libXrender.so.1.3.0
386c408000-386c409000 r--p 00008000 08:06 10229872                       /usr/lib/x86_64-linux-gnu/libXrender.so.1.3.0
386c409000-386c40a000 rw-p 00009000 08:06 10229872                       /usr/lib/x86_64-linux-gnu/libXrender.so.1.3.0
386ea00000-386ea0f000 r-xp 00000000 08:06 10229882                       /usr/lib/x86_64-linux-gnu/libXi.so.6.1.0
386ea0f000-386ec0e000 ---p 0000f000 08:06 10229882                       /usr/lib/x86_64-linux-gnu/libXi.so.6.1.0
386ec0e000-386ec0f000 r--p 0000e000 08:06 10229882                       /usr/lib/x86_64-linux-gnu/libXi.so.6.1.0
386ec0f000-386ec10000 rw-p 0000f000 08:06 10229882                       /usr/lib/x86_64-linux-gnu/libXi.so.6.1.0
386f200000-386f205000 r-xp 00000000 08:06 10229884                       /usr/lib/x86_64-linux-gnu/libXfixes.so.3.1.0
386f205000-386f404000 ---p 00005000 08:06 10229884                       /usr/lib/x86_64-linux-gnu/libXfixes.so.3.1.0
386f404000-386f405000 r--p 00004000 08:06 10229884                       /usr/lib/x86_64-linux-gnu/libXfixes.so.3.1.0
386f405000-386f406000 rw-p 00005000 08:06 10229884                       /usr/lib/x86_64-linux-gnu/libXfixes.so.3.1.0
3871a00000-3871a09000 r-xp 00000000 08:06 10229885                       /usr/lib/x86_64-linux-gnu/libXcursor.so.1.0.2
3871a09000-3871c08000 ---p 00009000 08:06 10229885                       /usr/lib/x86_64-linux-gnu/libXcursor.so.1.0.2
3871c08000-3871c09000 r--p 00008000 08:06 10229885                       /usr/lib/x86_64-linux-gnu/libXcursor.so.1.0.2
3871c09000-3871c0a000 rw-p 00009000 08:06 10229885                       /usr/lib/x86_64-linux-gnu/libXcursor.so.1.0.2
3874600000-3874616000 r-xp 00000000 08:06 2895329                        /lib/x86_64-linux-gnu/libgcc_s.so.1
3874616000-3874815000 ---p 00016000 08:06 2895329                        /lib/x86_64-linux-gnu/libgcc_s.so.1
3874815000-3874816000 rw-p 00015000 08:06 2895329                        /lib/x86_64-linux-gnu/libgcc_s.so.1
3878200000-3878217000 r-xp 00000000 08:06 2887914                        /lib/x86_64-linux-gnu/libnsl-2.19.so
3878217000-3878416000 ---p 00017000 08:06 2887914                        /lib/x86_64-linux-gnu/libnsl-2.19.so
3878416000-3878417000 r--p 00016000 08:06 2887914                        /lib/x86_64-linux-gnu/libnsl-2.19.so
3878417000-3878418000 rw-p 00017000 08:06 2887914                        /lib/x86_64-linux-gnu/libnsl-2.19.so
3878418000-387841a000 rw-p 00000000 00:00 0 
387ba00000-387ba05000 r-xp 00000000 08:06 10224218                       /usr/lib/x86_64-linux-gnu/libXtst.so.6.1.0
387ba05000-387bc04000 ---p 00005000 08:06 10224218                       /usr/lib/x86_64-linux-gnu/libXtst.so.6.1.0
387bc04000-387bc05000 r--p 00004000 08:06 10224218                       /usr/lib/x86_64-linux-gnu/libXtst.so.6.1.0
387bc05000-387bc06000 rw-p 00005000 08:06 10224218                       /usr/lib/x86_64-linux-gnu/libXtst.so.6.1.0
7fc758000000-7fc758021000 rw-p 00000000 00:00 0 
7fc758021000-7fc75c000000 ---p 00000000 00:00 0 
7fc75c000000-7fc75c021000 rw-p 00000000 00:00 0 
7fc75c021000-7fc760000000 ---p 00000000 00:00 0 
7fc760000000-7fc760021000 rw-p 00000000 00:00 0 
7fc760021000-7fc764000000 ---p 00000000 00:00 0 
7fc764000000-7fc764021000 rw-p 00000000 00:00 0 
7fc764021000-7fc768000000 ---p 00000000 00:00 0 
7fc768000000-7fc768021000 rw-p 00000000 00:00 0 
7fc768021000-7fc76c000000 ---p 00000000 00:00 0 
7fc76c000000-7fc76c021000 rw-p 00000000 00:00 0 
7fc76c021000-7fc770000000 ---p 00000000 00:00 0 
7fc770000000-7fc770021000 rw-p 00000000 00:00 0 
7fc770021000-7fc774000000 ---p 00000000 00:00 0 
7fc774000000-7fc774021000 rw-p 00000000 00:00 0 
7fc774021000-7fc778000000 ---p 00000000 00:00 0 
7fc778000000-7fc778021000 rw-p 00000000 00:00 0 
7fc778021000-7fc77c000000 ---p 00000000 00:00 0 
7fc77d4e7000-7fc77d6e7000 rw-p 00000000 00:00 0 
7fc77d6e7000-7fc77d8e7000 rw-p 00000000 00:00 0 
7fc77d8e7000-7fc77dae7000 rw-p 00000000 00:00 0 
7fc77dae7000-7fc77daea000 ---p 00000000 00:00 0 
7fc77daea000-7fc77dde8000 rw-p 00000000 00:00 0                          [stack:28894]
7fc77dde8000-7fc77dfe8000 rw-p 00000000 00:00 0 
7fc77dfe8000-7fc77e1e8000 rw-p 00000000 00:00 0 
7fc77e1e8000-7fc77e3e8000 rw-p 00000000 00:00 0 
7fc77e3e8000-7fc77e5e8000 rw-p 00000000 00:00 0 
7fc77e5e8000-7fc77e5eb000 ---p 00000000 00:00 0 
7fc77e5eb000-7fc77e6e9000 rw-p 00000000 00:00 0                          [stack:28892]
7fc77e6e9000-7fc77e6ec000 ---p 00000000 00:00 0 
7fc77e6ec000-7fc77e7ea000 rw-p 00000000 00:00 0                          [stack:28891]
7fc77e7ea000-7fc77e7ed000 ---p 00000000 00:00 0 
7fc77e7ed000-7fc77e8eb000 rw-p 00000000 00:00 0                          [stack:28890]
7fc77e8eb000-7fc77e8ee000 ---p 00000000 00:00 0 
7fc77e8ee000-7fc77e9ec000 rw-p 00000000 00:00 0                          [stack:28889]
7fc77e9ec000-7fc77e9ef000 ---p 00000000 00:00 0 
7fc77e9ef000-7fc77eaed000 rw-p 00000000 00:00 0                          [stack:28888]
7fc77eaed000-7fc77eaf0000 ---p 00000000 00:00 0 
7fc77eaf0000-7fc77edee000 rw-p 00000000 00:00 0                          [stack:28887]
7fc77edee000-7fc77edf1000 ---p 00000000 00:00 0 
7fc77edf1000-7fc77eeef000 rw-p 00000000 00:00 0                          [stack:28886]
7fc77eeef000-7fc77eef2000 ---p 00000000 00:00 0 
7fc77eef2000-7fc77eff0000 rw-p 00000000 00:00 0                          [stack:28885]
7fc77eff0000-7fc77eff3000 ---p 00000000 00:00 0 
7fc77eff3000-7fc77f0f1000 rw-p 00000000 00:00 0                          [stack:28884]
7fc77f0f1000-7fc77f0f4000 ---p 00000000 00:00 0 
7fc77f0f4000-7fc77f1f2000 rw-p 00000000 00:00 0                          [stack:28883]
7fc77f1f2000-7fc77f1f5000 ---p 00000000 00:00 0 
7fc77f1f5000-7fc77f2f3000 rw-p 00000000 00:00 0                          [stack:28882]
7fc77f2f3000-7fc77f2f6000 ---p 00000000 00:00 0 
7fc77f2f6000-7fc77f3f4000 rw-p 00000000 00:00 0                          [stack:28881]
7fc77f3f4000-7fc77f3f7000 ---p 00000000 00:00 0 
7fc77f3f7000-7fc77f4f5000 rw-p 00000000 00:00 0                          [stack:28880]
7fc77f4f5000-7fc77f4f8000 ---p 00000000 00:00 0 
7fc77f4f8000-7fc77f5f6000 rw-p 00000000 00:00 0                          [stack:28879]
7fc77f5f6000-7fc77f5f9000 ---p 00000000 00:00 0 
7fc77f5f9000-7fc77f6f7000 rw-p 00000000 00:00 0                          [stack:28878]
7fc77f6f7000-7fc77f6fa000 ---p 00000000 00:00 0 
7fc77f6fa000-7fc77f7f8000 rw-p 00000000 00:00 0                          [stack:28877]
7fc77f7f8000-7fc77f7fb000 ---p 00000000 00:00 0 
7fc77f7fb000-7fc77f8f9000 rw-p 00000000 00:00 0                          [stack:28876]
7fc77f8f9000-7fc77f8fc000 ---p 00000000 00:00 0 
7fc77f8fc000-7fc77f9fa000 rw-p 00000000 00:00 0                          [stack:28875]
7fc77f9fa000-7fc77f9fd000 ---p 00000000 00:00 0 
7fc77f9fd000-7fc77fafb000 rw-p 00000000 00:00 0                          [stack:28874]
7fc77fafb000-7fc77fafe000 ---p 00000000 00:00 0 
7fc77fafe000-7fc77fbfc000 rw-p 00000000 00:00 0                          [stack:28873]
7fc77fbfc000-7fc77fbff000 ---p 00000000 00:00 0 
7fc77fbff000-7fc77fcfd000 rw-p 00000000 00:00 0                          [stack:28872]
7fc77fcfd000-7fc77fd00000 ---p 00000000 00:00 0 
7fc77fd00000-7fc77fdfe000 rw-p 00000000 00:00 0                          [stack:28871]
7fc77fdfe000-7fc77fe01000 ---p 00000000 00:00 0 
7fc77fe01000-7fc77feff000 rw-p 00000000 00:00 0                          [stack:28870]
7fc77feff000-7fc77ff02000 ---p 00000000 00:00 0 
7fc77ff02000-7fc780000000 rw-p 00000000 00:00 0                          [stack:28869]
7fc780000000-7fc780021000 rw-p 00000000 00:00 0 
7fc780021000-7fc784000000 ---p 00000000 00:00 0 
7fc784000000-7fc784638000 rw-p 00000000 00:00 0 
7fc784638000-7fc788000000 ---p 00000000 00:00 0 
7fc788000000-7fc788021000 rw-p 00000000 00:00 0 
7fc788021000-7fc78c000000 ---p 00000000 00:00 0 
7fc78c000000-7fc78c021000 rw-p 00000000 00:00 0 
7fc78c021000-7fc790000000 ---p 00000000 00:00 0 
7fc790000000-7fc790021000 rw-p 00000000 00:00 0 
7fc790021000-7fc794000000 ---p 00000000 00:00 0 
7fc794000000-7fc7942ac000 rw-p 00000000 00:00 0 
7fc7942ac000-7fc798000000 ---p 00000000 00:00 0 
7fc798000000-7fc798021000 rw-p 00000000 00:00 0 
7fc798021000-7fc79c000000 ---p 00000000 00:00 0 
7fc79c000000-7fc79c025000 rw-p 00000000 00:00 0 
7fc79c025000-7fc7a0000000 ---p 00000000 00:00 0 
7fc7a0000000-7fc7a0021000 rw-p 00000000 00:00 0 
7fc7a0021000-7fc7a4000000 ---p 00000000 00:00 0 
7fc7a4000000-7fc7a4021000 rw-p 00000000 00:00 0 
7fc7a4021000-7fc7a8000000 ---p 00000000 00:00 0 
7fc7a8000000-7fc7a86b6000 rw-p 00000000 00:00 0 
7fc7a86b6000-7fc7ac000000 ---p 00000000 00:00 0 
7fc7ac000000-7fc7ac68d000 rw-p 00000000 00:00 0 
7fc7ac68d000-7fc7b0000000 ---p 00000000 00:00 0 
7fc7b0000000-7fc7b0021000 rw-p 00000000 00:00 0 
7fc7b0021000-7fc7b4000000 ---p 00000000 00:00 0 
7fc7b4000000-7fc7b5138000 rw-p 00000000 00:00 0 
7fc7b5138000-7fc7b8000000 ---p 00000000 00:00 0 
7fc7b8000000-7fc7b8021000 rw-p 00000000 00:00 0 
7fc7b8021000-7fc7bc000000 ---p 00000000 00:00 0 
7fc7bc000000-7fc7bc021000 rw-p 00000000 00:00 0 
7fc7bc021000-7fc7c0000000 ---p 00000000 00:00 0 
7fc7c0000000-7fc7c0021000 rw-p 00000000 00:00 0 
7fc7c0021000-7fc7c4000000 ---p 00000000 00:00 0 
7fc7c40df000-7fc7c40f1000 r--s 00345000 08:06 10490201                   /usr/lib/jvm/java-8-oracle/jre/lib/resources.jar
7fc7c40f1000-7fc7c40f4000 ---p 00000000 00:00 0 
7fc7c40f4000-7fc7c41f2000 rw-p 00000000 00:00 0                          [stack:28868]
7fc7c41f2000-7fc7c41f5000 ---p 00000000 00:00 0 
7fc7c41f5000-7fc7c42f3000 rw-p 00000000 00:00 0                          [stack:28867]
7fc7c42f3000-7fc7c42f6000 ---p 00000000 00:00 0 
7fc7c42f6000-7fc7c43f4000 rw-p 00000000 00:00 0                          [stack:28866]
7fc7c43f4000-7fc7c43f9000 r--s 00096000 08:06 10490089                   /usr/lib/jvm/java-8-oracle/jre/lib/jsse.jar
7fc7c43f9000-7fc7c45f9000 rw-p 00000000 00:00 0 
7fc7c45f9000-7fc7c4662000 r-xp 00000000 08:06 10882556                   /usr/lib/jvm/java-8-oracle/jre/lib/amd64/libt2k.so
7fc7c4662000-7fc7c4862000 ---p 00069000 08:06 10882556                   /usr/lib/jvm/java-8-oracle/jre/lib/amd64/libt2k.so
7fc7c4862000-7fc7c4869000 rw-p 00069000 08:06 10882556                   /usr/lib/jvm/java-8-oracle/jre/lib/amd64/libt2k.so
7fc7c4869000-7fc7c4879000 rw-p 00000000 00:00 0 
7fc7c4879000-7fc7c488a000 r-xp 00000000 08:06 10882545                   /usr/lib/jvm/java-8-oracle/jre/lib/amd64/libnio.so
7fc7c488a000-7fc7c4a89000 ---p 00011000 08:06 10882545                   /usr/lib/jvm/java-8-oracle/jre/lib/amd64/libnio.so
7fc7c4a89000-7fc7c4a8a000 rw-p 00010000 08:06 10882545                   /usr/lib/jvm/java-8-oracle/jre/lib/amd64/libnio.so
7fc7c4a8a000-7fc7c4aa0000 r-xp 00000000 08:06 10882534                   /usr/lib/jvm/java-8-oracle/jre/lib/amd64/libnet.so
7fc7c4aa0000-7fc7c4ca0000 ---p 00016000 08:06 10882534                   /usr/lib/jvm/java-8-oracle/jre/lib/amd64/libnet.so
7fc7c4ca0000-7fc7c4ca1000 rw-p 00016000 08:06 10882534                   /usr/lib/jvm/java-8-oracle/jre/lib/amd64/libnet.so
7fc7c4ca1000-7fc7c4ca4000 ---p 00000000 00:00 0 
7fc7c4ca4000-7fc7c4fa2000 rw-p 00000000 00:00 0 
7fc7c4fa2000-7fc7c4fa5000 ---p 00000000 00:00 0 
7fc7c4fa5000-7fc7c50a3000 rw-p 00000000 00:00 0                          [stack:28864]
7fc7c50a3000-7fc7c50a6000 ---p 00000000 00:00 0 
7fc7c50a6000-7fc7c51a4000 rw-p 00000000 00:00 0                          [stack:28863]
7fc7c51a4000-7fc7c51a7000 ---p 00000000 00:00 0 
7fc7c51a7000-7fc7c52a5000 rw-p 00000000 00:00 0                          [stack:28862]
7fc7c52a5000-7fc7c52a8000 ---p 00000000 00:00 0 
7fc7c52a8000-7fc7c53a6000 rw-p 00000000 00:00 0                          [stack:28861]
7fc7c53a6000-7fc7c540b000 r-xp 00000000 08:06 10882516                   /usr/lib/jvm/java-8-oracle/jre/lib/amd64/libfontmanager.so
7fc7c540b000-7fc7c560b000 ---p 00065000 08:06 10882516                   /usr/lib/jvm/java-8-oracle/jre/lib/amd64/libfontmanager.so
7fc7c560b000-7fc7c560f000 rw-p 00065000 08:06 10882516                   /usr/lib/jvm/java-8-oracle/jre/lib/amd64/libfontmanager.so
7fc7c560f000-7fc7c5620000 rw-p 00000000 00:00 0 
7fc7c5620000-7fc7c5627000 r--s 00000000 08:06 10617750                   /usr/lib/x86_64-linux-gnu/gconv/gconv-modules.cache
7fc7c5627000-7fc7c5649000 r--p 00000000 08:06 10625782                   /usr/share/locale-langpack/pt_BR/LC_MESSAGES/libc.mo
7fc7c5649000-7fc7c569d000 r-xp 00000000 08:06 10882518                   /usr/lib/jvm/java-8-oracle/jre/lib/amd64/libawt_xawt.so
7fc7c569d000-7fc7c589d000 ---p 00054000 08:06 10882518                   /usr/lib/jvm/java-8-oracle/jre/lib/amd64/libawt_xawt.so
7fc7c589d000-7fc7c58a1000 rw-p 00054000 08:06 10882518                   /usr/lib/jvm/java-8-oracle/jre/lib/amd64/libawt_xawt.so
7fc7c58a1000-7fc7c58a2000 rw-p 00000000 00:00 0 
7fc7c58a2000-7fc7c5944000 r-xp 00000000 08:06 10882528                   /usr/lib/jvm/java-8-oracle/jre/lib/amd64/libawt.so
7fc7c5944000-7fc7c5b44000 ---p 000a2000 08:06 10882528                   /usr/lib/jvm/java-8-oracle/jre/lib/amd64/libawt.so
7fc7c5b44000-7fc7c5b50000 rw-p 000a2000 08:06 10882528                   /usr/lib/jvm/java-8-oracle/jre/lib/amd64/libawt.so
7fc7c5b50000-7fc7c5b74000 rw-p 00000000 00:00 0 
7fc7c5b74000-7fc7c5b7a000 r--s 002f8000 08:06 10490105                   /usr/lib/jvm/java-8-oracle/jre/lib/charsets.jar
7fc7c5b7a000-7fc7c5b9e000 r--s 002cc000 08:06 6036091                    /home/loopback/git/gesma_moodle/gesma_moodle/lib/xalan.jar
7fc7c5b9e000-7fc7c5c07000 r--s 004e7000 08:06 6029674                    /home/loopback/git/gesma_moodle/gesma_moodle/lib/hibernate-core-5.0.4.Final.jar
7fc7c5c07000-7fc7c5c08000 ---p 00000000 00:00 0 
7fc7c5c08000-7fc7c5d08000 rw-p 00000000 00:00 0                          [stack:28860]
7fc7c5d08000-7fc7c5d0b000 ---p 00000000 00:00 0 
7fc7c5d0b000-7fc7c5e09000 rw-p 00000000 00:00 0                          [stack:28859]
7fc7c5e09000-7fc7c5e0c000 ---p 00000000 00:00 0 
7fc7c5e0c000-7fc7c5f0a000 rw-p 00000000 00:00 0                          [stack:28858]
7fc7c5f0a000-7fc7c5f0d000 ---p 00000000 00:00 0 
7fc7c5f0d000-7fc7c600b000 rw-p 00000000 00:00 0                          [stack:28857]
7fc7c600b000-7fc7c600e000 ---p 00000000 00:00 0 
7fc7c600e000-7fc7c610c000 rw-p 00000000 00:00 0                          [stack:28856]
7fc7c610c000-7fc7c610f000 ---p 00000000 00:00 0 
7fc7c610f000-7fc7c620d000 rw-p 00000000 00:00 0                          [stack:28855]
7fc7c620d000-7fc7c68f1000 r--p 00000000 08:06 10230613                   /usr/lib/locale/locale-archive
7fc7c68f1000-7fc7c68f4000 ---p 00000000 00:00 0 
7fc7c68f4000-7fc7c69f2000 rw-p 00000000 00:00 0                          [stack:28854]
7fc7c69f2000-7fc7c69f5000 ---p 00000000 00:00 0 
7fc7c69f5000-7fc7c6af3000 rw-p 00000000 00:00 0                          [stack:28853]
7fc7c6af3000-7fc7c6af4000 ---p 00000000 00:00 0 
7fc7c6af4000-7fc7c8000000 rw-p 00000000 00:00 0                          [stack:28852]
7fc7c8000000-7fc7c8021000 rw-p 00000000 00:00 0 
7fc7c8021000-7fc7cc000000 ---p 00000000 00:00 0 
7fc7cc000000-7fc7cc021000 rw-p 00000000 00:00 0 
7fc7cc021000-7fc7d0000000 ---p 00000000 00:00 0 
7fc7d0000000-7fc7d0021000 rw-p 00000000 00:00 0 
7fc7d0021000-7fc7d4000000 ---p 00000000 00:00 0 
7fc7d4002000-7fc7d4008000 r--s 0007e000 08:06 6036141                    /home/loopback/git/gesma_moodle/gesma_moodle/lib/postgresql-9.0-801.jdbc4.jar
7fc7d4008000-7fc7d4011000 r--s 0009a000 08:06 6036144                    /home/loopback/git/gesma_moodle/gesma_moodle/lib/javassist.jar
7fc7d4011000-7fc7d4016000 r--s 00017000 08:06 6036099                    /home/loopback/git/gesma_moodle/gesma_moodle/lib/hibernate-jpa-2.1-api-1.0.0.Final.jar
7fc7d4016000-7fc7d4031000 r--s 0023d000 08:06 6036146                    /home/loopback/git/gesma_moodle/gesma_moodle/lib/antlr-3.5.2-complete.jar
7fc7d4031000-7fc7d404d000 r--s 00393000 08:06 10622691                   /usr/lib/jvm/java-8-oracle/jre/lib/ext/cldrdata.jar
7fc7d404d000-7fc7d8000000 rw-p 00000000 00:00 0 
7fc7d8000000-7fc7d8021000 rw-p 00000000 00:00 0 
7fc7d8021000-7fc7dc000000 ---p 00000000 00:00 0 
7fc7dc002000-7fc7dc007000 r--s 00048000 08:06 6036090                    /home/loopback/git/gesma_moodle/gesma_moodle/lib/dom4j-1.6.1.jar
7fc7dc007000-7fc7dc00d000 r--s 00040000 08:06 6036093                    /home/loopback/git/gesma_moodle/gesma_moodle/lib/cglib-3.2.0.jar
7fc7dc00d000-7fc7dc19f000 rw-p 00000000 00:00 0 
7fc7dc19f000-7fc7dc378000 r--s 03d20000 08:06 10492841                   /usr/lib/jvm/java-8-oracle/jre/lib/rt.jar
7fc7dc378000-7fc7dc822000 rw-p 00000000 00:00 0 
7fc7dc822000-7fc7dc823000 ---p 00000000 00:00 0 
7fc7dc823000-7fc7dc923000 rw-p 00000000 00:00 0                          [stack:28851]
7fc7dc923000-7fc7dc924000 ---p 00000000 00:00 0 
7fc7dc924000-7fc7dca24000 rw-p 00000000 00:00 0                          [stack:28850]
7fc7dca24000-7fc7dca25000 ---p 00000000 00:00 0 
7fc7dca25000-7fc7dcb25000 rw-p 00000000 00:00 0                          [stack:28849]
7fc7dcb25000-7fc7dcb26000 ---p 00000000 00:00 0 
7fc7dcb26000-7fc7dcc43000 rw-p 00000000 00:00 0                          [stack:28848]
7fc7dcc43000-7fc7dceb6000 ---p 00000000 00:00 0 
7fc7dceb6000-7fc7dcee5000 rw-p 00000000 00:00 0 
7fc7dcee5000-7fc7dcfff000 ---p 00000000 00:00 0 
7fc7dcfff000-7fc7dd000000 rw-p 00000000 00:00 0 
7fc7dd000000-7fc7ddb70000 rwxp 00000000 00:00 0 
7fc7ddb70000-7fc7ec000000 ---p 00000000 00:00 0 
7fc7ec000000-7fc7ec802000 rw-p 00000000 00:00 0 
7fc7ec802000-7fc7f0000000 ---p 00000000 00:00 0 
7fc7f0001000-7fc7f0002000 r--s 00003000 08:06 6036094                    /home/loopback/git/gesma_moodle/gesma_moodle/lib/jta-1.1.jar
7fc7f0002000-7fc7f0004000 r--s 0000f000 08:06 6036142                    /home/loopback/git/gesma_moodle/gesma_moodle/lib/jboss-logging-3.3.0.Final.jar
7fc7f0004000-7fc7f00b2000 rw-p 00000000 00:00 0 
7fc7f00b2000-7fc7f0326000 ---p 00000000 00:00 0 
7fc7f0326000-7fc7f0354000 rw-p 00000000 00:00 0 
7fc7f0354000-7fc7f06e6000 ---p 00000000 00:00 0 
7fc7f06e6000-7fc7f0700000 r-xp 00000000 08:06 10882553                   /usr/lib/jvm/java-8-oracle/jre/lib/amd64/libzip.so
7fc7f0700000-7fc7f0900000 ---p 0001a000 08:06 10882553                   /usr/lib/jvm/java-8-oracle/jre/lib/amd64/libzip.so
7fc7f0900000-7fc7f0901000 rw-p 0001a000 08:06 10882553                   /usr/lib/jvm/java-8-oracle/jre/lib/amd64/libzip.so
7fc7f0901000-7fc7f090c000 r-xp 00000000 08:06 2887864                    /lib/x86_64-linux-gnu/libnss_files-2.19.so
7fc7f090c000-7fc7f0b0b000 ---p 0000b000 08:06 2887864                    /lib/x86_64-linux-gnu/libnss_files-2.19.so
7fc7f0b0b000-7fc7f0b0c000 r--p 0000a000 08:06 2887864                    /lib/x86_64-linux-gnu/libnss_files-2.19.so
7fc7f0b0c000-7fc7f0b0d000 rw-p 0000b000 08:06 2887864                    /lib/x86_64-linux-gnu/libnss_files-2.19.so
7fc7f0b0d000-7fc7f0b18000 r-xp 00000000 08:06 2887874                    /lib/x86_64-linux-gnu/libnss_nis-2.19.so
7fc7f0b18000-7fc7f0d17000 ---p 0000b000 08:06 2887874                    /lib/x86_64-linux-gnu/libnss_nis-2.19.so
7fc7f0d17000-7fc7f0d18000 r--p 0000a000 08:06 2887874                    /lib/x86_64-linux-gnu/libnss_nis-2.19.so
7fc7f0d18000-7fc7f0d19000 rw-p 0000b000 08:06 2887874                    /lib/x86_64-linux-gnu/libnss_nis-2.19.so
7fc7f0d19000-7fc7f0d22000 r-xp 00000000 08:06 2887860                    /lib/x86_64-linux-gnu/libnss_compat-2.19.so
7fc7f0d22000-7fc7f0f21000 ---p 00009000 08:06 2887860                    /lib/x86_64-linux-gnu/libnss_compat-2.19.so
7fc7f0f21000-7fc7f0f22000 r--p 00008000 08:06 2887860                    /lib/x86_64-linux-gnu/libnss_compat-2.19.so
7fc7f0f22000-7fc7f0f23000 rw-p 00009000 08:06 2887860                    /lib/x86_64-linux-gnu/libnss_compat-2.19.so
7fc7f0f23000-7fc7f0f26000 r--s 00010000 08:06 6036139                    /home/loopback/git/gesma_moodle/gesma_moodle/lib/hibernate-commons-annotations-4.0.5.Final.jar
7fc7f0f26000-7fc7f0f30000 r--s 00116000 08:06 10622687                   /usr/lib/jvm/java-8-oracle/jre/lib/ext/localedata.jar
7fc7f0f30000-7fc7f0f35000 r--s 00058000 08:06 1968753                    /home/loopback/Documentos/jacamo-0.5/lib/moise.jar
7fc7f0f35000-7fc7f0f3d000 r--s 00051000 08:06 1968745                    /home/loopback/Documentos/jacamo-0.5/lib/cartago.jar
7fc7f0f3d000-7fc7f0f67000 r-xp 00000000 08:06 10882548                   /usr/lib/jvm/java-8-oracle/jre/lib/amd64/libjava.so
7fc7f0f67000-7fc7f1167000 ---p 0002a000 08:06 10882548                   /usr/lib/jvm/java-8-oracle/jre/lib/amd64/libjava.so
7fc7f1167000-7fc7f1169000 rw-p 0002a000 08:06 10882548                   /usr/lib/jvm/java-8-oracle/jre/lib/amd64/libjava.so
7fc7f1169000-7fc7f1176000 r-xp 00000000 08:06 10882514                   /usr/lib/jvm/java-8-oracle/jre/lib/amd64/libverify.so
7fc7f1176000-7fc7f1376000 ---p 0000d000 08:06 10882514                   /usr/lib/jvm/java-8-oracle/jre/lib/amd64/libverify.so
7fc7f1376000-7fc7f1378000 rw-p 0000d000 08:06 10882514                   /usr/lib/jvm/java-8-oracle/jre/lib/amd64/libverify.so
7fc7f1378000-7fc7f137b000 ---p 00000000 00:00 0 
7fc7f137b000-7fc7f1479000 rw-p 00000000 00:00 0                          [stack:28843]
7fc7f1479000-7fc7f2137000 r-xp 00000000 08:06 10882542                   /usr/lib/jvm/java-8-oracle/jre/lib/amd64/server/libjvm.so
7fc7f2137000-7fc7f2336000 ---p 00cbe000 08:06 10882542                   /usr/lib/jvm/java-8-oracle/jre/lib/amd64/server/libjvm.so
7fc7f2336000-7fc7f240f000 rw-p 00cbd000 08:06 10882542                   /usr/lib/jvm/java-8-oracle/jre/lib/amd64/server/libjvm.so
7fc7f240f000-7fc7f2457000 rw-p 00000000 00:00 0 
7fc7f2457000-7fc7f2459000 r--s 0001b000 08:06 1968747                    /home/loopback/Documentos/jacamo-0.5/lib/jacamo.jar
7fc7f2459000-7fc7f245a000 r--s 00009000 08:06 1968744                    /home/loopback/Documentos/jacamo-0.5/lib/c4jason.jar
7fc7f245a000-7fc7f2467000 r--s 000e0000 08:06 1968749                    /home/loopback/Documentos/jacamo-0.5/lib/jason.jar
7fc7f2467000-7fc7f246f000 rw-s 00000000 08:06 11016654                   /tmp/hsperfdata_loopback/28842
7fc7f246f000-7fc7f2470000 rw-p 00000000 00:00 0 
7fc7f2470000-7fc7f2471000 r--p 00000000 00:00 0 
7fc7f2471000-7fc7f2473000 rw-p 00000000 00:00 0 
7ffe334e8000-7ffe33509000 rw-p 00000000 00:00 0                          [stack]
7ffe33575000-7ffe33577000 r--p 00000000 00:00 0                          [vvar]
7ffe33577000-7ffe33579000 r-xp 00000000 00:00 0                          [vdso]
ffffffffff600000-ffffffffff601000 r-xp 00000000 00:00 0                  [vsyscall]

VM Arguments:
java_command: jacamo.infra.JaCaMoLauncher gesma_moodle.jcm
java_class_path (initial): /home/loopback/git/gesma_moodle/gesma_moodle:/home/loopback/git/gesma_moodle/gesma_moodle/bin/classes:/home/loopback/Documentos/jacamo-0.5/lib/jason.jar:/home/loopback/Documentos/jacamo-0.5/lib/cartago.jar:/home/loopback/Documentos/jacamo-0.5/lib/c4jason.jar:/home/loopback/Documentos/jacamo-0.5/lib/moise.jar:/home/loopback/Documentos/jacamo-0.5/lib/jacamo.jar:/home/loopback/git/gesma_moodle/gesma_moodle/lib/antlr-3.5.2-complete.jar:/home/loopback/git/gesma_moodle/gesma_moodle/lib/cglib-3.2.0.jar:/home/loopback/git/gesma_moodle/gesma_moodle/lib/dom4j-1.6.1.jar:/home/loopback/git/gesma_moodle/gesma_moodle/lib/hibernate-commons-annotations-4.0.5.Final.jar:/home/loopback/git/gesma_moodle/gesma_moodle/lib/hibernate-core-5.0.4.Final.jar:/home/loopback/git/gesma_moodle/gesma_moodle/lib/hibernate-jpa-2.1-api-1.0.0.Final.jar:/home/loopback/git/gesma_moodle/gesma_moodle/lib/javassist.jar:/home/loopback/git/gesma_moodle/gesma_moodle/lib/jboss-logging-3.3.0.Final.jar:/home/loopback/git/gesma_moodle/gesma_moodle/lib/jta-1.1.jar:/home/loopback/git/gesma_moodle/gesma_moodle/lib/postgresql-9.0-801.jdbc4.jar:/home/loopback/git/gesma_moodle/gesma_moodle/lib/xalan.jar:/home/loopback/git/gesma_moodle/gesma_moodle/lib
Launcher Type: SUN_STANDARD

Environment Variables:
PATH=/usr/local/sbin:/usr/local/bin:/usr/sbin:/usr/bin:/sbin:/bin:/usr/games:/usr/local/games
SHELL=/bin/bash
DISPLAY=:0

Signal Handlers:
SIGSEGV: [libjvm.so+0xaba2a0], sa_mask[0]=11111111011111111101111111111110, sa_flags=SA_RESTART|SA_SIGINFO
SIGBUS: [libjvm.so+0xaba2a0], sa_mask[0]=11111111011111111101111111111110, sa_flags=SA_RESTART|SA_SIGINFO
SIGFPE: [libjvm.so+0x917710], sa_mask[0]=11111111011111111101111111111110, sa_flags=SA_RESTART|SA_SIGINFO
SIGPIPE: [libjvm.so+0x917710], sa_mask[0]=11111111011111111101111111111110, sa_flags=SA_RESTART|SA_SIGINFO
SIGXFSZ: [libjvm.so+0x917710], sa_mask[0]=11111111011111111101111111111110, sa_flags=SA_RESTART|SA_SIGINFO
SIGILL: [libjvm.so+0x917710], sa_mask[0]=11111111011111111101111111111110, sa_flags=SA_RESTART|SA_SIGINFO
SIGUSR1: SIG_DFL, sa_mask[0]=00000000000000000000000000000000, sa_flags=none
SIGUSR2: [libjvm.so+0x918d40], sa_mask[0]=00100000000000000000000000000000, sa_flags=SA_RESTART|SA_SIGINFO
SIGHUP: [libjvm.so+0x91a140], sa_mask[0]=11111111011111111101111111111110, sa_flags=SA_RESTART|SA_SIGINFO
SIGINT: [libjvm.so+0x91a140], sa_mask[0]=11111111011111111101111111111110, sa_flags=SA_RESTART|SA_SIGINFO
SIGTERM: [libjvm.so+0x91a140], sa_mask[0]=11111111011111111101111111111110, sa_flags=SA_RESTART|SA_SIGINFO
SIGQUIT: [libjvm.so+0x91a140], sa_mask[0]=11111111011111111101111111111110, sa_flags=SA_RESTART|SA_SIGINFO


---------------  S Y S T E M  ---------------

OS:DISTRIB_ID=Ubuntu
DISTRIB_RELEASE=14.04
DISTRIB_CODENAME=trusty
DISTRIB_DESCRIPTION="Ubuntu 14.04.3 LTS"

uname:Linux 3.19.0-39-generic #44~14.04.1-Ubuntu SMP Wed Dec 2 10:00:35 UTC 2015 x86_64
libc:glibc 2.19 NPTL 2.19 
rlimit: STACK 8192k, CORE 0k, NPROC 31407, NOFILE 4096, AS infinity
load average:0,99 0,55 0,41

/proc/meminfo:
MemTotal:        8061612 kB
MemFree:         3925348 kB
MemAvailable:    5720584 kB
Buffers:          514904 kB
Cached:          1514080 kB
SwapCached:            0 kB
Active:          2510416 kB
Inactive:        1195596 kB
Active(anon):    1609016 kB
Inactive(anon):   347976 kB
Active(file):     901400 kB
Inactive(file):   847620 kB
Unevictable:          48 kB
Mlocked:              48 kB
SwapTotal:      19530748 kB
SwapFree:       19530384 kB
Dirty:              1408 kB
Writeback:             0 kB
AnonPages:       1676332 kB
Mapped:           263808 kB
Shmem:            280456 kB
Slab:             340956 kB
SReclaimable:     299632 kB
SUnreclaim:        41324 kB
KernelStack:       13760 kB
PageTables:        21980 kB
NFS_Unstable:          0 kB
Bounce:                0 kB
WritebackTmp:          0 kB
CommitLimit:    23561552 kB
Committed_AS:    6096836 kB
VmallocTotal:   34359738367 kB
VmallocUsed:      561868 kB
VmallocChunk:   34359096212 kB
HardwareCorrupted:     0 kB
AnonHugePages:   1185792 kB
CmaTotal:              0 kB
CmaFree:               0 kB
HugePages_Total:       0
HugePages_Free:        0
HugePages_Rsvd:        0
HugePages_Surp:        0
Hugepagesize:       2048 kB
DirectMap4k:      211712 kB
DirectMap2M:     5965824 kB
DirectMap1G:     3145728 kB


CPU:total 4 (2 cores per cpu, 2 threads per core) family 6 model 69 stepping 1, cmov, cx8, fxsr, mmx, sse, sse2, sse3, ssse3, sse4.1, sse4.2, popcnt, avx, avx2, aes, clmul, erms, lzcnt, ht, tsc, tscinvbit, bmi1, bmi2

/proc/cpuinfo:
processor	: 0
vendor_id	: GenuineIntel
cpu family	: 6
model		: 69
model name	: Intel(R) Core(TM) i7-4510U CPU @ 2.00GHz
stepping	: 1
microcode	: 0x1c
cpu MHz		: 2799.976
cache size	: 4096 KB
physical id	: 0
siblings	: 4
core id		: 0
cpu cores	: 2
apicid		: 0
initial apicid	: 0
fpu		: yes
fpu_exception	: yes
cpuid level	: 13
wp		: yes
flags		: fpu vme de pse tsc msr pae mce cx8 apic sep mtrr pge mca cmov pat pse36 clflush dts acpi mmx fxsr sse sse2 ss ht tm pbe syscall nx pdpe1gb rdtscp lm constant_tsc arch_perfmon pebs bts rep_good nopl xtopology nonstop_tsc aperfmperf eagerfpu pni pclmulqdq dtes64 monitor ds_cpl vmx est tm2 ssse3 fma cx16 xtpr pdcm pcid sse4_1 sse4_2 movbe popcnt tsc_deadline_timer aes xsave avx f16c rdrand lahf_lm abm ida arat epb pln pts dtherm tpr_shadow vnmi flexpriority ept vpid fsgsbase tsc_adjust bmi1 avx2 smep bmi2 erms invpcid xsaveopt
bugs		:
bogomips	: 5188.19
clflush size	: 64
cache_alignment	: 64
address sizes	: 39 bits physical, 48 bits virtual
power management:

processor	: 1
vendor_id	: GenuineIntel
cpu family	: 6
model		: 69
model name	: Intel(R) Core(TM) i7-4510U CPU @ 2.00GHz
stepping	: 1
microcode	: 0x1c
cpu MHz		: 2799.976
cache size	: 4096 KB
physical id	: 0
siblings	: 4
core id		: 0
cpu cores	: 2
apicid		: 1
initial apicid	: 1
fpu		: yes
fpu_exception	: yes
cpuid level	: 13
wp		: yes
flags		: fpu vme de pse tsc msr pae mce cx8 apic sep mtrr pge mca cmov pat pse36 clflush dts acpi mmx fxsr sse sse2 ss ht tm pbe syscall nx pdpe1gb rdtscp lm constant_tsc arch_perfmon pebs bts rep_good nopl xtopology nonstop_tsc aperfmperf eagerfpu pni pclmulqdq dtes64 monitor ds_cpl vmx est tm2 ssse3 fma cx16 xtpr pdcm pcid sse4_1 sse4_2 movbe popcnt tsc_deadline_timer aes xsave avx f16c rdrand lahf_lm abm ida arat epb pln pts dtherm tpr_shadow vnmi flexpriority ept vpid fsgsbase tsc_adjust bmi1 avx2 smep bmi2 erms invpcid xsaveopt
bugs		:
bogomips	: 5188.19
clflush size	: 64
cache_alignment	: 64
address sizes	: 39 bits physical, 48 bits virtual
power management:

processor	: 2
vendor_id	: GenuineIntel
cpu family	: 6
model		: 69
model name	: Intel(R) Core(TM) i7-4510U CPU @ 2.00GHz
stepping	: 1
microcode	: 0x1c
cpu MHz		: 2799.976
cache size	: 4096 KB
physical id	: 0
siblings	: 4
core id		: 1
cpu cores	: 2
apicid		: 2
initial apicid	: 2
fpu		: yes
fpu_exception	: yes
cpuid level	: 13
wp		: yes
flags		: fpu vme de pse tsc msr pae mce cx8 apic sep mtrr pge mca cmov pat pse36 clflush dts acpi mmx fxsr sse sse2 ss ht tm pbe syscall nx pdpe1gb rdtscp lm constant_tsc arch_perfmon pebs bts rep_good nopl xtopology nonstop_tsc aperfmperf eagerfpu pni pclmulqdq dtes64 monitor ds_cpl vmx est tm2 ssse3 fma cx16 xtpr pdcm pcid sse4_1 sse4_2 movbe popcnt tsc_deadline_timer aes xsave avx f16c rdrand lahf_lm abm ida arat epb pln pts dtherm tpr_shadow vnmi flexpriority ept vpid fsgsbase tsc_adjust bmi1 avx2 smep bmi2 erms invpcid xsaveopt
bugs		:
bogomips	: 5188.19
clflush size	: 64
cache_alignment	: 64
address sizes	: 39 bits physical, 48 bits virtual
power management:

processor	: 3
vendor_id	: GenuineIntel
cpu family	: 6
model		: 69
model name	: Intel(R) Core(TM) i7-4510U CPU @ 2.00GHz
stepping	: 1
microcode	: 0x1c
cpu MHz		: 2799.976
cache size	: 4096 KB
physical id	: 0
siblings	: 4
core id		: 1
cpu cores	: 2
apicid		: 3
initial apicid	: 3
fpu		: yes
fpu_exception	: yes
cpuid level	: 13
wp		: yes
flags		: fpu vme de pse tsc msr pae mce cx8 apic sep mtrr pge mca cmov pat pse36 clflush dts acpi mmx fxsr sse sse2 ss ht tm pbe syscall nx pdpe1gb rdtscp lm constant_tsc arch_perfmon pebs bts rep_good nopl xtopology nonstop_tsc aperfmperf eagerfpu pni pclmulqdq dtes64 monitor ds_cpl vmx est tm2 ssse3 fma cx16 xtpr pdcm pcid sse4_1 sse4_2 movbe popcnt tsc_deadline_timer aes xsave avx f16c rdrand lahf_lm abm ida arat epb pln pts dtherm tpr_shadow vnmi flexpriority ept vpid fsgsbase tsc_adjust bmi1 avx2 smep bmi2 erms invpcid xsaveopt
bugs		:
bogomips	: 5188.19
clflush size	: 64
cache_alignment	: 64
address sizes	: 39 bits physical, 48 bits virtual
power management:



Memory: 4k page, physical 8061612k(3929036k free), swap 19530748k(19530384k free)

vm_info: Java HotSpot(TM) 64-Bit Server VM (25.66-b17) for linux-amd64 JRE (1.8.0_66-b17), built on Oct  6 2015 17:28:34 by "java_re" with gcc 4.3.0 20080428 (Red Hat 4.3.0-8)

time: Mon Dec  7 00:32:21 2015
elapsed time: 367 seconds (0d 0h 6m 7s)

